<?xml version="1.0" encoding="utf-8"?>
<log version="1.0" tool="runtool">

<msg id="1" tool="runtool">
  <type>log-start</type>
  <arg>2022/04/22 23:45:03</arg>
</msg>
<msg id="2" tool="runtool">
  <type>collector-starts</type>
</msg>
<msg id="3" tool="runtool">
  <type>marker-file</type>
  <arg>/user/home/fk19833/advanced-hpc-lbm/advisor/rank.77/trc000/trc000.advixe</arg>
</msg>
<msg id="4" tool="trc">
  <type>PROCESS_START</type>
  <arg>/user/home/fk19833/advanced-hpc-lbm/d2q9-bgk</arg>
  <arg>25696</arg>
  <severity>INFO</severity>
  <timestamp>Fri Apr 22 22:45:17 2022</timestamp>
</msg>
<msg id="5" tool="trc">
  <type>PROCESS_ANALYSIS_MODE</type>
  <arg>full</arg>
  <severity>INFO</severity>
  <timestamp>Fri Apr 22 22:45:17 2022</timestamp>
</msg>
<msg id="6" tool="trc">
  <type>LOAD_MODULE</type>
  <arg>/user/home/fk19833/advanced-hpc-lbm/d2q9-bgk</arg>
  <arg>0x400000</arg>
  <arg>0x6214bf</arg>
  <arg>yes</arg>
  <severity>INFO</severity>
  <timestamp>Fri Apr 22 22:45:17 2022</timestamp>
</msg>
<msg id="7" tool="trc">
  <type>LOAD_MODULE</type>
  <arg>/lib64/ld-linux-x86-64.so.2</arg>
  <arg>0x2b60a2094000</arg>
  <arg>0x2b60a22b714f</arg>
  <arg>yes</arg>
  <severity>INFO</severity>
  <timestamp>Fri Apr 22 22:45:17 2022</timestamp>
</msg>
<msg id="8" tool="trc">
  <type>LOAD_MODULE</type>
  <arg>[vdso]</arg>
  <arg>0x7ffe27df0000</arg>
  <arg>0x7ffe27df0e6c</arg>
  <arg>no</arg>
  <severity>INFO</severity>
  <timestamp>Fri Apr 22 22:45:17 2022</timestamp>
</msg>
<msg id="9" tool="trc">
  <type>LOAD_MODULE</type>
  <arg>/lib64/libm.so.6</arg>
  <arg>0x2b60b7cdd000</arg>
  <arg>0x2b60b7fde137</arg>
  <arg>yes</arg>
  <severity>INFO</severity>
  <timestamp>Fri Apr 22 22:45:17 2022</timestamp>
</msg>
<msg id="10" tool="trc">
  <type>LOAD_MODULE</type>
  <arg>/mnt/storage/software/languages/intel/intel-parallel_studio_xe_2020_u4/compilers_and_libraries_2020.4.304/linux/mpi/intel64/lib/libmpifort.so.12</arg>
  <arg>0x2b60b7ffa000</arg>
  <arg>0x2b60b83b7817</arg>
  <arg>yes</arg>
  <severity>INFO</severity>
  <timestamp>Fri Apr 22 22:45:17 2022</timestamp>
</msg>
<msg id="11" tool="trc">
  <type>LOAD_MODULE</type>
  <arg>/mnt/storage/software/languages/intel/intel-parallel_studio_xe_2020_u4/compilers_and_libraries_2020.4.304/linux/mpi/intel64/lib/release/libmpi.so.12</arg>
  <arg>0x2b60b83c3000</arg>
  <arg>0x2b60b9722217</arg>
  <arg>yes</arg>
  <severity>INFO</severity>
  <timestamp>Fri Apr 22 22:45:17 2022</timestamp>
</msg>
<msg id="12" tool="trc">
  <type>LOAD_MODULE</type>
  <arg>/lib64/libdl.so.2</arg>
  <arg>0x2b60b9727000</arg>
  <arg>0x2b60b992a12f</arg>
  <arg>yes</arg>
  <severity>INFO</severity>
  <timestamp>Fri Apr 22 22:45:17 2022</timestamp>
</msg>
<msg id="13" tool="trc">
  <type>LOAD_MODULE</type>
  <arg>/lib64/librt.so.1</arg>
  <arg>0x2b60b992b000</arg>
  <arg>0x2b60b9b32c37</arg>
  <arg>yes</arg>
  <severity>INFO</severity>
  <timestamp>Fri Apr 22 22:45:17 2022</timestamp>
</msg>
<msg id="14" tool="trc">
  <type>LOAD_MODULE</type>
  <arg>/lib64/libpthread.so.0</arg>
  <arg>0x2b60b9b33000</arg>
  <arg>0x2b60b9d4e487</arg>
  <arg>yes</arg>
  <severity>INFO</severity>
  <timestamp>Fri Apr 22 22:45:17 2022</timestamp>
</msg>
<msg id="15" tool="trc">
  <type>LOAD_MODULE</type>
  <arg>/mnt/storage/software/languages/gcc-9.3/lib64/libgcc_s.so.1</arg>
  <arg>0x2b60b9d4f000</arg>
  <arg>0x2b60b9f6644f</arg>
  <arg>yes</arg>
  <severity>INFO</severity>
  <timestamp>Fri Apr 22 22:45:17 2022</timestamp>
</msg>
<msg id="16" tool="trc">
  <type>LOAD_MODULE</type>
  <arg>/lib64/libc.so.6</arg>
  <arg>0x2b60b9f67000</arg>
  <arg>0x2b60ba3341ff</arg>
  <arg>yes</arg>
  <severity>INFO</severity>
  <timestamp>Fri Apr 22 22:45:17 2022</timestamp>
</msg>
<msg id="17" tool="trc">
  <type>LOAD_MODULE</type>
  <arg>/mnt/storage/software/languages/intel/intel-parallel_studio_xe_2020_u4/compilers_and_libraries_2020.4.304/linux/mpi/intel64/libfabric/lib/libfabric.so.1</arg>
  <arg>0x2b60ba345000</arg>
  <arg>0x2b60ba586777</arg>
  <arg>yes</arg>
  <severity>INFO</severity>
  <timestamp>Fri Apr 22 22:45:17 2022</timestamp>
</msg>
<msg id="18" tool="trc">
  <type>LOAD_MODULE</type>
  <arg>/lib64/libnuma.so.1</arg>
  <arg>0x2b60bc034000</arg>
  <arg>0x2b60bc23f8bf</arg>
  <arg>no</arg>
  <severity>INFO</severity>
  <timestamp>Fri Apr 22 22:45:20 2022</timestamp>
</msg>
<msg id="19" tool="trc">
  <type>LOAD_MODULE</type>
  <arg>/mnt/storage/software/languages/intel/intel-parallel_studio_xe_2020_u4/compilers_and_libraries_2020.4.304/linux/mpi/intel64/libfabric/lib/prov/libsockets-fi.so</arg>
  <arg>0x2b61b7434000</arg>
  <arg>0x2b61b7688e57</arg>
  <arg>yes</arg>
  <severity>INFO</severity>
  <timestamp>Fri Apr 22 22:45:22 2022</timestamp>
</msg>
<msg id="20" tool="trc">
  <type>LOAD_MODULE</type>
  <arg>/mnt/storage/software/languages/intel/intel-parallel_studio_xe_2020_u4/compilers_and_libraries_2020.4.304/linux/mpi/intel64/libfabric/lib/prov/libpsmx2-fi.so</arg>
  <arg>0x2b61b76f1000</arg>
  <arg>0x2b61b7969837</arg>
  <arg>yes</arg>
  <severity>INFO</severity>
  <timestamp>Fri Apr 22 22:45:22 2022</timestamp>
</msg>
<msg id="21" tool="trc">
  <type>LOAD_MODULE</type>
  <arg>/lib64/libpsm2.so.2</arg>
  <arg>0x2b61b796a000</arg>
  <arg>0x2b61b7bfdcf7</arg>
  <arg>no</arg>
  <severity>INFO</severity>
  <timestamp>Fri Apr 22 22:45:22 2022</timestamp>
</msg>
<msg id="22" tool="trc">
  <type>LOAD_MODULE</type>
  <arg>/mnt/storage/software/languages/intel/intel-parallel_studio_xe_2020_u4/compilers_and_libraries_2020.4.304/linux/mpi/intel64/libfabric/lib/prov/librxm-fi.so</arg>
  <arg>0x2b61b8292000</arg>
  <arg>0x2b61b84dfb57</arg>
  <arg>yes</arg>
  <severity>INFO</severity>
  <timestamp>Fri Apr 22 22:45:22 2022</timestamp>
</msg>
<msg id="23" tool="trc">
  <type>LOAD_MODULE</type>
  <arg>/mnt/storage/software/languages/intel/intel-parallel_studio_xe_2020_u4/compilers_and_libraries_2020.4.304/linux/mpi/intel64/libfabric/lib/prov/libtcp-fi.so</arg>
  <arg>0x2b61b85b3000</arg>
  <arg>0x2b61b87ef6d7</arg>
  <arg>yes</arg>
  <severity>INFO</severity>
  <timestamp>Fri Apr 22 22:45:22 2022</timestamp>
</msg>
<msg id="24" tool="trc">
  <type>LOAD_MODULE</type>
  <arg>/mnt/storage/software/languages/intel/intel-parallel_studio_xe_2020_u4/compilers_and_libraries_2020.4.304/linux/mpi/intel64/libfabric/lib/prov/libshm-fi.so</arg>
  <arg>0x2b61b88c3000</arg>
  <arg>0x2b61b8b01837</arg>
  <arg>yes</arg>
  <severity>INFO</severity>
  <timestamp>Fri Apr 22 22:45:22 2022</timestamp>
</msg>
<msg id="25" tool="trc">
  <type>LOAD_MODULE</type>
  <arg>/mnt/storage/software/languages/intel/intel-parallel_studio_xe_2020_u4/compilers_and_libraries_2020.4.304/linux/mpi/intel64/libfabric/lib/prov/libverbs-fi.so</arg>
  <arg>0x2b61b8c24000</arg>
  <arg>0x2b61b8e73e57</arg>
  <arg>yes</arg>
  <severity>INFO</severity>
  <timestamp>Fri Apr 22 22:45:22 2022</timestamp>
</msg>
<msg id="26" tool="trc">
  <type>LOAD_MODULE</type>
  <arg>/lib64/librdmacm.so.1</arg>
  <arg>0x2b61b8e86000</arg>
  <arg>0x2b61b909c267</arg>
  <arg>no</arg>
  <severity>INFO</severity>
  <timestamp>Fri Apr 22 22:45:22 2022</timestamp>
</msg>
<msg id="27" tool="trc">
  <type>LOAD_MODULE</type>
  <arg>/lib64/libibverbs.so.1</arg>
  <arg>0x2b61b909d000</arg>
  <arg>0x2b61b92b566f</arg>
  <arg>no</arg>
  <severity>INFO</severity>
  <timestamp>Fri Apr 22 22:45:22 2022</timestamp>
</msg>
<msg id="28" tool="trc">
  <type>LOAD_MODULE</type>
  <arg>/lib64/libnl-route-3.so.200</arg>
  <arg>0x2b61b92b6000</arg>
  <arg>0x2b61b95225bf</arg>
  <arg>no</arg>
  <severity>INFO</severity>
  <timestamp>Fri Apr 22 22:45:22 2022</timestamp>
</msg>
<msg id="29" tool="trc">
  <type>LOAD_MODULE</type>
  <arg>/lib64/libnl-3.so.200</arg>
  <arg>0x2b61b9523000</arg>
  <arg>0x2b61b97438c7</arg>
  <arg>no</arg>
  <severity>INFO</severity>
  <timestamp>Fri Apr 22 22:45:22 2022</timestamp>
</msg>
<msg id="30" tool="trc">
  <type>LOAD_MODULE</type>
  <arg>/usr/lib64/libibverbs/libbnxt_re-rdmav22.so</arg>
  <arg>0x2b61b997d000</arg>
  <arg>0x2b61b9b8317f</arg>
  <arg>no</arg>
  <severity>INFO</severity>
  <timestamp>Fri Apr 22 22:45:22 2022</timestamp>
</msg>
<msg id="31" tool="trc">
  <type>LOAD_MODULE</type>
  <arg>/usr/lib64/libibverbs/libcxgb3-rdmav22.so</arg>
  <arg>0x2b61b9b92000</arg>
  <arg>0x2b61b9d98177</arg>
  <arg>no</arg>
  <severity>INFO</severity>
  <timestamp>Fri Apr 22 22:45:23 2022</timestamp>
</msg>
<msg id="32" tool="trc">
  <type>LOAD_MODULE</type>
  <arg>/usr/lib64/libibverbs/libcxgb4-rdmav22.so</arg>
  <arg>0x2b61b9da0000</arg>
  <arg>0x2b61b9faa1ef</arg>
  <arg>no</arg>
  <severity>INFO</severity>
  <timestamp>Fri Apr 22 22:45:23 2022</timestamp>
</msg>
<msg id="33" tool="trc">
  <type>LOAD_MODULE</type>
  <arg>/usr/lib64/libibverbs/libhfi1verbs-rdmav22.so</arg>
  <arg>0x2b61b9fc1000</arg>
  <arg>0x2b61ba1c514f</arg>
  <arg>no</arg>
  <severity>INFO</severity>
  <timestamp>Fri Apr 22 22:45:23 2022</timestamp>
</msg>
<msg id="34" tool="trc">
  <type>LOAD_MODULE</type>
  <arg>/usr/lib64/libibverbs/libhns-rdmav22.so</arg>
  <arg>0x2b61ba1c6000</arg>
  <arg>0x2b61ba3ce18f</arg>
  <arg>no</arg>
  <severity>INFO</severity>
  <timestamp>Fri Apr 22 22:45:23 2022</timestamp>
</msg>
<msg id="35" tool="trc">
  <type>LOAD_MODULE</type>
  <arg>/usr/lib64/libibverbs/libi40iw-rdmav22.so</arg>
  <arg>0x2b61ba3e1000</arg>
  <arg>0x2b61ba5e8137</arg>
  <arg>no</arg>
  <severity>INFO</severity>
  <timestamp>Fri Apr 22 22:45:23 2022</timestamp>
</msg>
<msg id="36" tool="trc">
  <type>LOAD_MODULE</type>
  <arg>/usr/lib64/libibverbs/libipathverbs-rdmav22.so</arg>
  <arg>0x2b61ba5f1000</arg>
  <arg>0x2b61ba7f514f</arg>
  <arg>no</arg>
  <severity>INFO</severity>
  <timestamp>Fri Apr 22 22:45:23 2022</timestamp>
</msg>
<msg id="37" tool="trc">
  <type>LOAD_MODULE</type>
  <arg>/usr/lib64/libibverbs/libmlx4-rdmav22.so</arg>
  <arg>0x2b61ba7f6000</arg>
  <arg>0x2b61baa01237</arg>
  <arg>no</arg>
  <severity>INFO</severity>
  <timestamp>Fri Apr 22 22:45:23 2022</timestamp>
</msg>
<msg id="38" tool="trc">
  <type>LOAD_MODULE</type>
  <arg>/usr/lib64/libibverbs/libmlx5-rdmav22.so</arg>
  <arg>0x2b61baa1c000</arg>
  <arg>0x2b61bac433b7</arg>
  <arg>no</arg>
  <severity>INFO</severity>
  <timestamp>Fri Apr 22 22:45:23 2022</timestamp>
</msg>
<msg id="39" tool="trc">
  <type>LOAD_MODULE</type>
  <arg>/usr/lib64/libibverbs/libmthca-rdmav22.so</arg>
  <arg>0x2b61bac96000</arg>
  <arg>0x2b61bae9e17f</arg>
  <arg>no</arg>
  <severity>INFO</severity>
  <timestamp>Fri Apr 22 22:45:23 2022</timestamp>
</msg>
<msg id="40" tool="trc">
  <type>LOAD_MODULE</type>
  <arg>/usr/lib64/libibverbs/libnes-rdmav22.so</arg>
  <arg>0x2b61bae9f000</arg>
  <arg>0x2b61bb0a5167</arg>
  <arg>no</arg>
  <severity>INFO</severity>
  <timestamp>Fri Apr 22 22:45:23 2022</timestamp>
</msg>
<msg id="41" tool="trc">
  <type>LOAD_MODULE</type>
  <arg>/usr/lib64/libibverbs/libocrdma-rdmav22.so</arg>
  <arg>0x2b61bb0a6000</arg>
  <arg>0x2b61bb2ac17f</arg>
  <arg>no</arg>
  <severity>INFO</severity>
  <timestamp>Fri Apr 22 22:45:23 2022</timestamp>
</msg>
<msg id="42" tool="trc">
  <type>LOAD_MODULE</type>
  <arg>/usr/lib64/libibverbs/libqedr-rdmav22.so</arg>
  <arg>0x2b61bb2ad000</arg>
  <arg>0x2b61bb4b619f</arg>
  <arg>no</arg>
  <severity>INFO</severity>
  <timestamp>Fri Apr 22 22:45:23 2022</timestamp>
</msg>
<msg id="43" tool="trc">
  <type>LOAD_MODULE</type>
  <arg>/usr/lib64/libibverbs/librxe-rdmav22.so</arg>
  <arg>0x2b61bb4c1000</arg>
  <arg>0x2b61bb6c516f</arg>
  <arg>no</arg>
  <severity>INFO</severity>
  <timestamp>Fri Apr 22 22:45:23 2022</timestamp>
</msg>
<msg id="44" tool="trc">
  <type>LOAD_MODULE</type>
  <arg>/usr/lib64/libibverbs/libvmw_pvrdma-rdmav22.so</arg>
  <arg>0x2b61bb6c6000</arg>
  <arg>0x2b61bb8cb16f</arg>
  <arg>no</arg>
  <severity>INFO</severity>
  <timestamp>Fri Apr 22 22:45:23 2022</timestamp>
</msg>
<msg id="45" tool="trc">
  <type>UNLOAD_MODULE</type>
  <arg>/mnt/storage/software/languages/intel/intel-parallel_studio_xe_2020_u4/compilers_and_libraries_2020.4.304/linux/mpi/intel64/libfabric/lib/prov/libpsmx2-fi.so</arg>
  <severity>INFO</severity>
  <timestamp>Fri Apr 22 22:45:45 2022</timestamp>
</msg>
<msg id="46" tool="trc">
  <type>UNLOAD_MODULE</type>
  <arg>/lib64/libpsm2.so.2</arg>
  <severity>INFO</severity>
  <timestamp>Fri Apr 22 22:45:45 2022</timestamp>
</msg>
<msg id="47" tool="trc">
  <type>UNLOAD_MODULE</type>
  <arg>/mnt/storage/software/languages/intel/intel-parallel_studio_xe_2020_u4/compilers_and_libraries_2020.4.304/linux/mpi/intel64/libfabric/lib/prov/librxm-fi.so</arg>
  <severity>INFO</severity>
  <timestamp>Fri Apr 22 22:45:45 2022</timestamp>
</msg>
<msg id="48" tool="trc">
  <type>UNLOAD_MODULE</type>
  <arg>/mnt/storage/software/languages/intel/intel-parallel_studio_xe_2020_u4/compilers_and_libraries_2020.4.304/linux/mpi/intel64/libfabric/lib/prov/libverbs-fi.so</arg>
  <severity>INFO</severity>
  <timestamp>Fri Apr 22 22:45:45 2022</timestamp>
</msg>
<msg id="49" tool="trc">
  <type>UNLOAD_MODULE</type>
  <arg>/mnt/storage/software/languages/intel/intel-parallel_studio_xe_2020_u4/compilers_and_libraries_2020.4.304/linux/mpi/intel64/libfabric/lib/prov/libtcp-fi.so</arg>
  <severity>INFO</severity>
  <timestamp>Fri Apr 22 22:45:45 2022</timestamp>
</msg>
<msg id="50" tool="trc">
  <type>UNLOAD_MODULE</type>
  <arg>/mnt/storage/software/languages/intel/intel-parallel_studio_xe_2020_u4/compilers_and_libraries_2020.4.304/linux/mpi/intel64/libfabric/lib/prov/libsockets-fi.so</arg>
  <severity>INFO</severity>
  <timestamp>Fri Apr 22 22:45:45 2022</timestamp>
</msg>
<msg id="51" tool="trc">
  <type>UNLOAD_MODULE</type>
  <arg>/mnt/storage/software/languages/intel/intel-parallel_studio_xe_2020_u4/compilers_and_libraries_2020.4.304/linux/mpi/intel64/libfabric/lib/prov/libshm-fi.so</arg>
  <severity>INFO</severity>
  <timestamp>Fri Apr 22 22:45:45 2022</timestamp>
</msg>
<msg id="52" tool="trc">
  <type>UNLOAD_MODULE</type>
  <arg>/user/home/fk19833/advanced-hpc-lbm/d2q9-bgk</arg>
  <severity>INFO</severity>
  <timestamp>Fri Apr 22 22:45:45 2022</timestamp>
</msg>
<msg id="53" tool="trc">
  <type>UNLOAD_MODULE</type>
  <arg>/lib64/ld-linux-x86-64.so.2</arg>
  <severity>INFO</severity>
  <timestamp>Fri Apr 22 22:45:45 2022</timestamp>
</msg>
<msg id="54" tool="trc">
  <type>UNLOAD_MODULE</type>
  <arg>[vdso]</arg>
  <severity>INFO</severity>
  <timestamp>Fri Apr 22 22:45:45 2022</timestamp>
</msg>
<msg id="55" tool="trc">
  <type>UNLOAD_MODULE</type>
  <arg>/lib64/libm.so.6</arg>
  <severity>INFO</severity>
  <timestamp>Fri Apr 22 22:45:45 2022</timestamp>
</msg>
<msg id="56" tool="trc">
  <type>UNLOAD_MODULE</type>
  <arg>/mnt/storage/software/languages/intel/intel-parallel_studio_xe_2020_u4/compilers_and_libraries_2020.4.304/linux/mpi/intel64/lib/libmpifort.so.12</arg>
  <severity>INFO</severity>
  <timestamp>Fri Apr 22 22:45:45 2022</timestamp>
</msg>
<msg id="57" tool="trc">
  <type>UNLOAD_MODULE</type>
  <arg>/mnt/storage/software/languages/intel/intel-parallel_studio_xe_2020_u4/compilers_and_libraries_2020.4.304/linux/mpi/intel64/lib/release/libmpi.so.12</arg>
  <severity>INFO</severity>
  <timestamp>Fri Apr 22 22:45:45 2022</timestamp>
</msg>
<msg id="58" tool="trc">
  <type>UNLOAD_MODULE</type>
  <arg>/lib64/libdl.so.2</arg>
  <severity>INFO</severity>
  <timestamp>Fri Apr 22 22:45:45 2022</timestamp>
</msg>
<msg id="59" tool="trc">
  <type>UNLOAD_MODULE</type>
  <arg>/lib64/librt.so.1</arg>
  <severity>INFO</severity>
  <timestamp>Fri Apr 22 22:45:45 2022</timestamp>
</msg>
<msg id="60" tool="trc">
  <type>UNLOAD_MODULE</type>
  <arg>/lib64/libpthread.so.0</arg>
  <severity>INFO</severity>
  <timestamp>Fri Apr 22 22:45:45 2022</timestamp>
</msg>
<msg id="61" tool="trc">
  <type>UNLOAD_MODULE</type>
  <arg>/mnt/storage/software/languages/gcc-9.3/lib64/libgcc_s.so.1</arg>
  <severity>INFO</severity>
  <timestamp>Fri Apr 22 22:45:45 2022</timestamp>
</msg>
<msg id="62" tool="trc">
  <type>UNLOAD_MODULE</type>
  <arg>/lib64/libc.so.6</arg>
  <severity>INFO</severity>
  <timestamp>Fri Apr 22 22:45:45 2022</timestamp>
</msg>
<msg id="63" tool="trc">
  <type>UNLOAD_MODULE</type>
  <arg>/mnt/storage/software/languages/intel/intel-parallel_studio_xe_2020_u4/compilers_and_libraries_2020.4.304/linux/mpi/intel64/libfabric/lib/libfabric.so.1</arg>
  <severity>INFO</severity>
  <timestamp>Fri Apr 22 22:45:45 2022</timestamp>
</msg>
<msg id="64" tool="trc">
  <type>UNLOAD_MODULE</type>
  <arg>/lib64/libnuma.so.1</arg>
  <severity>INFO</severity>
  <timestamp>Fri Apr 22 22:45:45 2022</timestamp>
</msg>
<msg id="65" tool="trc">
  <type>UNLOAD_MODULE</type>
  <arg>/lib64/librdmacm.so.1</arg>
  <severity>INFO</severity>
  <timestamp>Fri Apr 22 22:45:45 2022</timestamp>
</msg>
<msg id="66" tool="trc">
  <type>UNLOAD_MODULE</type>
  <arg>/lib64/libibverbs.so.1</arg>
  <severity>INFO</severity>
  <timestamp>Fri Apr 22 22:45:45 2022</timestamp>
</msg>
<msg id="67" tool="trc">
  <type>UNLOAD_MODULE</type>
  <arg>/lib64/libnl-route-3.so.200</arg>
  <severity>INFO</severity>
  <timestamp>Fri Apr 22 22:45:45 2022</timestamp>
</msg>
<msg id="68" tool="trc">
  <type>UNLOAD_MODULE</type>
  <arg>/lib64/libnl-3.so.200</arg>
  <severity>INFO</severity>
  <timestamp>Fri Apr 22 22:45:45 2022</timestamp>
</msg>
<msg id="69" tool="trc">
  <type>UNLOAD_MODULE</type>
  <arg>/usr/lib64/libibverbs/libbnxt_re-rdmav22.so</arg>
  <severity>INFO</severity>
  <timestamp>Fri Apr 22 22:45:45 2022</timestamp>
</msg>
<msg id="70" tool="trc">
  <type>UNLOAD_MODULE</type>
  <arg>/usr/lib64/libibverbs/libcxgb3-rdmav22.so</arg>
  <severity>INFO</severity>
  <timestamp>Fri Apr 22 22:45:45 2022</timestamp>
</msg>
<msg id="71" tool="trc">
  <type>UNLOAD_MODULE</type>
  <arg>/usr/lib64/libibverbs/libcxgb4-rdmav22.so</arg>
  <severity>INFO</severity>
  <timestamp>Fri Apr 22 22:45:45 2022</timestamp>
</msg>
<msg id="72" tool="trc">
  <type>UNLOAD_MODULE</type>
  <arg>/usr/lib64/libibverbs/libhfi1verbs-rdmav22.so</arg>
  <severity>INFO</severity>
  <timestamp>Fri Apr 22 22:45:45 2022</timestamp>
</msg>
<msg id="73" tool="trc">
  <type>UNLOAD_MODULE</type>
  <arg>/usr/lib64/libibverbs/libhns-rdmav22.so</arg>
  <severity>INFO</severity>
  <timestamp>Fri Apr 22 22:45:45 2022</timestamp>
</msg>
<msg id="74" tool="trc">
  <type>UNLOAD_MODULE</type>
  <arg>/usr/lib64/libibverbs/libi40iw-rdmav22.so</arg>
  <severity>INFO</severity>
  <timestamp>Fri Apr 22 22:45:45 2022</timestamp>
</msg>
<msg id="75" tool="trc">
  <type>UNLOAD_MODULE</type>
  <arg>/usr/lib64/libibverbs/libipathverbs-rdmav22.so</arg>
  <severity>INFO</severity>
  <timestamp>Fri Apr 22 22:45:45 2022</timestamp>
</msg>
<msg id="76" tool="trc">
  <type>UNLOAD_MODULE</type>
  <arg>/usr/lib64/libibverbs/libmlx4-rdmav22.so</arg>
  <severity>INFO</severity>
  <timestamp>Fri Apr 22 22:45:45 2022</timestamp>
</msg>
<msg id="77" tool="trc">
  <type>UNLOAD_MODULE</type>
  <arg>/usr/lib64/libibverbs/libmlx5-rdmav22.so</arg>
  <severity>INFO</severity>
  <timestamp>Fri Apr 22 22:45:45 2022</timestamp>
</msg>
<msg id="78" tool="trc">
  <type>UNLOAD_MODULE</type>
  <arg>/usr/lib64/libibverbs/libmthca-rdmav22.so</arg>
  <severity>INFO</severity>
  <timestamp>Fri Apr 22 22:45:45 2022</timestamp>
</msg>
<msg id="79" tool="trc">
  <type>UNLOAD_MODULE</type>
  <arg>/usr/lib64/libibverbs/libnes-rdmav22.so</arg>
  <severity>INFO</severity>
  <timestamp>Fri Apr 22 22:45:45 2022</timestamp>
</msg>
<msg id="80" tool="trc">
  <type>UNLOAD_MODULE</type>
  <arg>/usr/lib64/libibverbs/libocrdma-rdmav22.so</arg>
  <severity>INFO</severity>
  <timestamp>Fri Apr 22 22:45:45 2022</timestamp>
</msg>
<msg id="81" tool="trc">
  <type>UNLOAD_MODULE</type>
  <arg>/usr/lib64/libibverbs/libqedr-rdmav22.so</arg>
  <severity>INFO</severity>
  <timestamp>Fri Apr 22 22:45:45 2022</timestamp>
</msg>
<msg id="82" tool="trc">
  <type>UNLOAD_MODULE</type>
  <arg>/usr/lib64/libibverbs/librxe-rdmav22.so</arg>
  <severity>INFO</severity>
  <timestamp>Fri Apr 22 22:45:45 2022</timestamp>
</msg>
<msg id="83" tool="trc">
  <type>UNLOAD_MODULE</type>
  <arg>/usr/lib64/libibverbs/libvmw_pvrdma-rdmav22.so</arg>
  <severity>INFO</severity>
  <timestamp>Fri Apr 22 22:45:45 2022</timestamp>
</msg>
<msg id="84" tool="trc">
  <type>PROCESS_FINISH</type>
  <arg>/user/home/fk19833/advanced-hpc-lbm/d2q9-bgk</arg>
  <arg>25696</arg>
  <arg>0x0</arg>
  <severity>INFO</severity>
  <timestamp>Fri Apr 22 22:45:45 2022</timestamp>
</msg>
<msg id="85" tool="runtool">
  <type>app-exit-code</type>
  <arg>0</arg>
</msg>
<msg id="86" tool="runtool">
  <type>marker-file</type>
  <arg>/user/home/fk19833/advanced-hpc-lbm/advisor/rank.77/trc000/trc000.advixe</arg>
</msg>
<msg id="87" tool="runtool">
  <type>collector-done</type>
</msg>
<msg id="88" tool="runtool">
  <type>log-end</type>
  <arg>2022/04/22 23:45:49</arg>
</msg>

</log>

