<?xml version="1.0" encoding="utf-8" ?>
<!-- DO NOT EDIT THIS FILE -->

<log version='2.0' source='trc'>
	<msg id='1' display='false' source='trc'>
		<type>PROCESS_START</type>
		<severity>INFO</severity>
		<timestamp>Fri Apr 22 22:45:18 2022</timestamp>
		<arg name='process'>/user/home/fk19833/advanced-hpc-lbm/d2q9-bgk</arg>
		<arg name='pid'>20580</arg>
	</msg>
	<!-- Instrumentation filter's state:
    Patterns applicability:
        Generic loop pattern.....................: enabled
        Generic loop pattern (with dynamic jumps): enabled
        Known trip value loop pattern............: enabled
        Runtime final value loop pattern.........: enabled
        No initial IV loop pattern...............: enabled
        IV step only loop pattern................: enabled
        No entry loop pattern....................: enabled
    Clustered memory model (CMM) applicability:
        Generic loop pattern.....................: enabled
        Generic loop pattern (with dynamic jumps): enabled
        Known trip value loop pattern............: enabled
        Runtime final value loop pattern.........: enabled
        No initial IV loop pattern...............: enabled
        IV step only loop pattern................: enabled
        No entry loop pattern....................: disabled
 -->
	<!-- Callstack mode:
    filter modules.........: true
    filter routines........: true
    count loops............: false
    count flops............: false
    trace..................: false
    extended trace.........: false
    omp trace..............: false
    jit trace..............: false
    failures trace.........: false
    dump raw...............: false
    dump final.............: false
    dump all...............: false
    stack stitching........: true
    stl profiling..........: true
    aggressive frame switch: true
    unwind frame exit......: true
    analyze child loops....: true
 -->
	<!-- Managed application profiling: -->
	<!-- 	State...................: enabled -->
	<!-- Gpu Profiling: -->
	<!-- 	State: disabled -->
	<msg id='2' display='false' source='trc'>
		<type>PROCESS_ANALYSIS_MODE</type>
		<severity>INFO</severity>
		<timestamp>Fri Apr 22 22:45:18 2022</timestamp>
		<arg name='mode'>full</arg>
	</msg>
	<msg id='3' display='false' source='trc'>
		<type>LOAD_MODULE</type>
		<severity>INFO</severity>
		<timestamp>Fri Apr 22 22:45:18 2022</timestamp>
		<arg name='module'>/user/home/fk19833/advanced-hpc-lbm/d2q9-bgk</arg>
		<arg name='basement'>0x400000</arg>
		<arg name='ceiling'>0x6214bf</arg>
		<arg name='symtab'>yes</arg>
	</msg>
	<!-- Instrumenting image: id = 1, name = /user/home/fk19833/advanced-hpc-lbm/d2q9-bgk -->
	<!-- Instrumenting loops in routine "main" -->
	<!-- Instrumenting loops in routine "timestep_mpi_4" -->
	<!-- skipping routine "__intel_avx_rep_memcpy", reason cannot build control-flow graph (HasInvalidJumpTarget) -->
	<msg id='4' display='false' source='trc'>
		<type>LOAD_MODULE</type>
		<severity>INFO</severity>
		<timestamp>Fri Apr 22 22:45:18 2022</timestamp>
		<arg name='module'>/lib64/ld-linux-x86-64.so.2</arg>
		<arg name='basement'>0x2ac584b1c000</arg>
		<arg name='ceiling'>0x2ac584d3f14f</arg>
		<arg name='symtab'>yes</arg>
	</msg>
	<!-- Instrumentation of /lib64/ld-linux-x86-64.so.2 image skipped because of filter conditions. -->
	<msg id='5' display='false' source='trc'>
		<type>LOAD_MODULE</type>
		<severity>INFO</severity>
		<timestamp>Fri Apr 22 22:45:18 2022</timestamp>
		<arg name='module'>[vdso]</arg>
		<arg name='basement'>0x7ffc595f5000</arg>
		<arg name='ceiling'>0x7ffc595f5e6c</arg>
		<arg name='symtab'>no</arg>
	</msg>
	<!-- Instrumentation of [vdso] image skipped because of filter conditions [cs-mode]. -->
	<msg id='6' display='false' source='trc'>
		<type>LOAD_MODULE</type>
		<severity>INFO</severity>
		<timestamp>Fri Apr 22 22:45:18 2022</timestamp>
		<arg name='module'>/lib64/libm.so.6</arg>
		<arg name='basement'>0x2ac59a747000</arg>
		<arg name='ceiling'>0x2ac59aa48137</arg>
		<arg name='symtab'>yes</arg>
	</msg>
	<!-- Instrumentation of /lib64/libm.so.6 image skipped because of filter conditions [cs-mode]. -->
	<msg id='7' display='false' source='trc'>
		<type>LOAD_MODULE</type>
		<severity>INFO</severity>
		<timestamp>Fri Apr 22 22:45:18 2022</timestamp>
		<arg name='module'>/mnt/storage/software/languages/intel/intel-parallel_studio_xe_2020_u4/compilers_and_libraries_2020.4.304/linux/mpi/intel64/lib/libmpifort.so.12</arg>
		<arg name='basement'>0x2ac59aa64000</arg>
		<arg name='ceiling'>0x2ac59ae21817</arg>
		<arg name='symtab'>yes</arg>
	</msg>
	<!-- Instrumentation of /mnt/storage/software/languages/intel/intel-parallel_studio_xe_2020_u4/compilers_and_libraries_2020.4.304/linux/mpi/intel64/lib/libmpifort.so.12 image skipped because of filter conditions [cs-mode]. -->
	<msg id='8' display='false' source='trc'>
		<type>LOAD_MODULE</type>
		<severity>INFO</severity>
		<timestamp>Fri Apr 22 22:45:18 2022</timestamp>
		<arg name='module'>/mnt/storage/software/languages/intel/intel-parallel_studio_xe_2020_u4/compilers_and_libraries_2020.4.304/linux/mpi/intel64/lib/release/libmpi.so.12</arg>
		<arg name='basement'>0x2ac59ae2d000</arg>
		<arg name='ceiling'>0x2ac59c18c217</arg>
		<arg name='symtab'>yes</arg>
	</msg>
	<!-- Instrumentation of /mnt/storage/software/languages/intel/intel-parallel_studio_xe_2020_u4/compilers_and_libraries_2020.4.304/linux/mpi/intel64/lib/release/libmpi.so.12 image skipped because of filter conditions. -->
	<msg id='9' display='false' source='trc'>
		<type>LOAD_MODULE</type>
		<severity>INFO</severity>
		<timestamp>Fri Apr 22 22:45:18 2022</timestamp>
		<arg name='module'>/lib64/libdl.so.2</arg>
		<arg name='basement'>0x2ac59c191000</arg>
		<arg name='ceiling'>0x2ac59c39412f</arg>
		<arg name='symtab'>yes</arg>
	</msg>
	<!-- Instrumentation of /lib64/libdl.so.2 image skipped because of filter conditions [cs-mode]. -->
	<msg id='10' display='false' source='trc'>
		<type>LOAD_MODULE</type>
		<severity>INFO</severity>
		<timestamp>Fri Apr 22 22:45:18 2022</timestamp>
		<arg name='module'>/lib64/librt.so.1</arg>
		<arg name='basement'>0x2ac59c395000</arg>
		<arg name='ceiling'>0x2ac59c59cc37</arg>
		<arg name='symtab'>yes</arg>
	</msg>
	<!-- Instrumentation of /lib64/librt.so.1 image skipped because of filter conditions [cs-mode]. -->
	<msg id='11' display='false' source='trc'>
		<type>LOAD_MODULE</type>
		<severity>INFO</severity>
		<timestamp>Fri Apr 22 22:45:18 2022</timestamp>
		<arg name='module'>/lib64/libpthread.so.0</arg>
		<arg name='basement'>0x2ac59c59d000</arg>
		<arg name='ceiling'>0x2ac59c7b8487</arg>
		<arg name='symtab'>yes</arg>
	</msg>
	<!-- Instrumentation of /lib64/libpthread.so.0 image skipped because of filter conditions [cs-mode]. -->
	<msg id='12' display='false' source='trc'>
		<type>LOAD_MODULE</type>
		<severity>INFO</severity>
		<timestamp>Fri Apr 22 22:45:18 2022</timestamp>
		<arg name='module'>/mnt/storage/software/languages/gcc-9.3/lib64/libgcc_s.so.1</arg>
		<arg name='basement'>0x2ac59c7b9000</arg>
		<arg name='ceiling'>0x2ac59c9d044f</arg>
		<arg name='symtab'>yes</arg>
	</msg>
	<!-- Instrumentation of /mnt/storage/software/languages/gcc-9.3/lib64/libgcc_s.so.1 image skipped because of filter conditions [cs-mode]. -->
	<msg id='13' display='false' source='trc'>
		<type>LOAD_MODULE</type>
		<severity>INFO</severity>
		<timestamp>Fri Apr 22 22:45:18 2022</timestamp>
		<arg name='module'>/lib64/libc.so.6</arg>
		<arg name='basement'>0x2ac59c9d1000</arg>
		<arg name='ceiling'>0x2ac59cd9e1ff</arg>
		<arg name='symtab'>yes</arg>
	</msg>
	<!-- Instrumentation of /lib64/libc.so.6 image skipped because of filter conditions. -->
	<msg id='14' display='false' source='trc'>
		<type>LOAD_MODULE</type>
		<severity>INFO</severity>
		<timestamp>Fri Apr 22 22:45:18 2022</timestamp>
		<arg name='module'>/mnt/storage/software/languages/intel/intel-parallel_studio_xe_2020_u4/compilers_and_libraries_2020.4.304/linux/mpi/intel64/libfabric/lib/libfabric.so.1</arg>
		<arg name='basement'>0x2ac59cdaf000</arg>
		<arg name='ceiling'>0x2ac59cff0777</arg>
		<arg name='symtab'>yes</arg>
	</msg>
	<!-- Instrumenting image: id = 12, name = /mnt/storage/software/languages/intel/intel-parallel_studio_xe_2020_u4/compilers_and_libraries_2020.4.304/linux/mpi/intel64/libfabric/lib/libfabric.so.1 -->
	<!-- Instrumenting loops in routine "fi_ini" -->
	<!-- Instrumenting loops in routine "fi_getinfo" -->
	<msg id='15' display='false' source='trc'>
		<type>LOAD_MODULE</type>
		<severity>INFO</severity>
		<timestamp>Fri Apr 22 22:45:21 2022</timestamp>
		<arg name='module'>/lib64/libnuma.so.1</arg>
		<arg name='basement'>0x2ac59eab0000</arg>
		<arg name='ceiling'>0x2ac59ecbb8bf</arg>
		<arg name='symtab'>no</arg>
	</msg>
	<!-- Instrumentation of /lib64/libnuma.so.1 image skipped because of filter conditions [cs-mode]. -->
	<msg id='16' display='false' source='trc'>
		<type>LOAD_MODULE</type>
		<severity>INFO</severity>
		<timestamp>Fri Apr 22 22:45:22 2022</timestamp>
		<arg name='module'>/mnt/storage/software/languages/intel/intel-parallel_studio_xe_2020_u4/compilers_and_libraries_2020.4.304/linux/mpi/intel64/libfabric/lib/prov/libsockets-fi.so</arg>
		<arg name='basement'>0x2ac699e9f000</arg>
		<arg name='ceiling'>0x2ac69a0f3e57</arg>
		<arg name='symtab'>yes</arg>
	</msg>
	<!-- Instrumentation of /mnt/storage/software/languages/intel/intel-parallel_studio_xe_2020_u4/compilers_and_libraries_2020.4.304/linux/mpi/intel64/libfabric/lib/prov/libsockets-fi.so image skipped because of filter conditions [cs-mode]. -->
	<msg id='17' display='false' source='trc'>
		<type>LOAD_MODULE</type>
		<severity>INFO</severity>
		<timestamp>Fri Apr 22 22:45:22 2022</timestamp>
		<arg name='module'>/mnt/storage/software/languages/intel/intel-parallel_studio_xe_2020_u4/compilers_and_libraries_2020.4.304/linux/mpi/intel64/libfabric/lib/prov/libpsmx2-fi.so</arg>
		<arg name='basement'>0x2ac69a15c000</arg>
		<arg name='ceiling'>0x2ac69a3d4837</arg>
		<arg name='symtab'>yes</arg>
	</msg>
	<!-- Instrumenting image: id = 15, name = /mnt/storage/software/languages/intel/intel-parallel_studio_xe_2020_u4/compilers_and_libraries_2020.4.304/linux/mpi/intel64/libfabric/lib/prov/libpsmx2-fi.so -->
	<!-- Instrumenting loops in routine "psmx2_trx_ctxt_alloc" -->
	<!-- Instrumenting loops in routine "psmx2_cq_poll_mq" with dynamic jumps -->
	<!-- Instrumenting loops in routine "psmx2_cq_readfrom" -->
	<!-- Instrumenting loops in routine "psmx2_av_map_insert" -->
	<!-- Instrumenting loops in routine "psmx2_am_progress" with dynamic jumps -->
	<msg id='18' display='false' source='trc'>
		<type>LOAD_MODULE</type>
		<severity>INFO</severity>
		<timestamp>Fri Apr 22 22:45:22 2022</timestamp>
		<arg name='module'>/lib64/libpsm2.so.2</arg>
		<arg name='basement'>0x2ac69a3e7000</arg>
		<arg name='ceiling'>0x2ac69a67acf7</arg>
		<arg name='symtab'>no</arg>
	</msg>
	<!-- Instrumentation of /lib64/libpsm2.so.2 image skipped because of no symbols and stripped binaries profiling is disabled. -->
	<msg id='19' display='false' source='trc'>
		<type>LOAD_MODULE</type>
		<severity>INFO</severity>
		<timestamp>Fri Apr 22 22:45:22 2022</timestamp>
		<arg name='module'>/mnt/storage/software/languages/intel/intel-parallel_studio_xe_2020_u4/compilers_and_libraries_2020.4.304/linux/mpi/intel64/libfabric/lib/prov/librxm-fi.so</arg>
		<arg name='basement'>0x2ac69ad1d000</arg>
		<arg name='ceiling'>0x2ac69af6ab57</arg>
		<arg name='symtab'>yes</arg>
	</msg>
	<!-- Instrumentation of /mnt/storage/software/languages/intel/intel-parallel_studio_xe_2020_u4/compilers_and_libraries_2020.4.304/linux/mpi/intel64/libfabric/lib/prov/librxm-fi.so image skipped because of filter conditions [cs-mode]. -->
	<msg id='20' display='false' source='trc'>
		<type>LOAD_MODULE</type>
		<severity>INFO</severity>
		<timestamp>Fri Apr 22 22:45:22 2022</timestamp>
		<arg name='module'>/mnt/storage/software/languages/intel/intel-parallel_studio_xe_2020_u4/compilers_and_libraries_2020.4.304/linux/mpi/intel64/libfabric/lib/prov/libtcp-fi.so</arg>
		<arg name='basement'>0x2ac69b009000</arg>
		<arg name='ceiling'>0x2ac69b2456d7</arg>
		<arg name='symtab'>yes</arg>
	</msg>
	<!-- Instrumentation of /mnt/storage/software/languages/intel/intel-parallel_studio_xe_2020_u4/compilers_and_libraries_2020.4.304/linux/mpi/intel64/libfabric/lib/prov/libtcp-fi.so image skipped because of filter conditions [cs-mode]. -->
	<msg id='21' display='false' source='trc'>
		<type>LOAD_MODULE</type>
		<severity>INFO</severity>
		<timestamp>Fri Apr 22 22:45:22 2022</timestamp>
		<arg name='module'>/mnt/storage/software/languages/intel/intel-parallel_studio_xe_2020_u4/compilers_and_libraries_2020.4.304/linux/mpi/intel64/libfabric/lib/prov/libshm-fi.so</arg>
		<arg name='basement'>0x2ac69b30b000</arg>
		<arg name='ceiling'>0x2ac69b549837</arg>
		<arg name='symtab'>yes</arg>
	</msg>
	<!-- Instrumentation of /mnt/storage/software/languages/intel/intel-parallel_studio_xe_2020_u4/compilers_and_libraries_2020.4.304/linux/mpi/intel64/libfabric/lib/prov/libshm-fi.so image skipped because of filter conditions [cs-mode]. -->
	<msg id='22' display='false' source='trc'>
		<type>LOAD_MODULE</type>
		<severity>INFO</severity>
		<timestamp>Fri Apr 22 22:45:22 2022</timestamp>
		<arg name='module'>/mnt/storage/software/languages/intel/intel-parallel_studio_xe_2020_u4/compilers_and_libraries_2020.4.304/linux/mpi/intel64/libfabric/lib/prov/libverbs-fi.so</arg>
		<arg name='basement'>0x2ac69b66b000</arg>
		<arg name='ceiling'>0x2ac69b8bae57</arg>
		<arg name='symtab'>yes</arg>
	</msg>
	<!-- Instrumentation of /mnt/storage/software/languages/intel/intel-parallel_studio_xe_2020_u4/compilers_and_libraries_2020.4.304/linux/mpi/intel64/libfabric/lib/prov/libverbs-fi.so image skipped because of filter conditions [cs-mode]. -->
	<msg id='23' display='false' source='trc'>
		<type>LOAD_MODULE</type>
		<severity>INFO</severity>
		<timestamp>Fri Apr 22 22:45:22 2022</timestamp>
		<arg name='module'>/lib64/librdmacm.so.1</arg>
		<arg name='basement'>0x2ac69b8cd000</arg>
		<arg name='ceiling'>0x2ac69bae3267</arg>
		<arg name='symtab'>no</arg>
	</msg>
	<!-- Instrumentation of /lib64/librdmacm.so.1 image skipped because of filter conditions [cs-mode]. -->
	<msg id='24' display='false' source='trc'>
		<type>LOAD_MODULE</type>
		<severity>INFO</severity>
		<timestamp>Fri Apr 22 22:45:22 2022</timestamp>
		<arg name='module'>/lib64/libibverbs.so.1</arg>
		<arg name='basement'>0x2ac69bae4000</arg>
		<arg name='ceiling'>0x2ac69bcfc66f</arg>
		<arg name='symtab'>no</arg>
	</msg>
	<!-- Instrumentation of /lib64/libibverbs.so.1 image skipped because of no symbols and stripped binaries profiling is disabled. -->
	<msg id='25' display='false' source='trc'>
		<type>LOAD_MODULE</type>
		<severity>INFO</severity>
		<timestamp>Fri Apr 22 22:45:22 2022</timestamp>
		<arg name='module'>/lib64/libnl-route-3.so.200</arg>
		<arg name='basement'>0x2ac69bcfd000</arg>
		<arg name='ceiling'>0x2ac69bf695bf</arg>
		<arg name='symtab'>no</arg>
	</msg>
	<!-- Instrumentation of /lib64/libnl-route-3.so.200 image skipped because of filter conditions [cs-mode]. -->
	<msg id='26' display='false' source='trc'>
		<type>LOAD_MODULE</type>
		<severity>INFO</severity>
		<timestamp>Fri Apr 22 22:45:22 2022</timestamp>
		<arg name='module'>/lib64/libnl-3.so.200</arg>
		<arg name='basement'>0x2ac69bf6a000</arg>
		<arg name='ceiling'>0x2ac69c18a8c7</arg>
		<arg name='symtab'>no</arg>
	</msg>
	<!-- Instrumentation of /lib64/libnl-3.so.200 image skipped because of filter conditions [cs-mode]. -->
	<msg id='27' display='false' source='trc'>
		<type>LOAD_MODULE</type>
		<severity>INFO</severity>
		<timestamp>Fri Apr 22 22:45:23 2022</timestamp>
		<arg name='module'>/usr/lib64/libibverbs/libbnxt_re-rdmav22.so</arg>
		<arg name='basement'>0x2ac69c3c3000</arg>
		<arg name='ceiling'>0x2ac69c5c917f</arg>
		<arg name='symtab'>no</arg>
	</msg>
	<!-- Instrumentation of /usr/lib64/libibverbs/libbnxt_re-rdmav22.so image skipped because of filter conditions [cs-mode]. -->
	<msg id='28' display='false' source='trc'>
		<type>LOAD_MODULE</type>
		<severity>INFO</severity>
		<timestamp>Fri Apr 22 22:45:23 2022</timestamp>
		<arg name='module'>/usr/lib64/libibverbs/libcxgb3-rdmav22.so</arg>
		<arg name='basement'>0x2ac69c5d8000</arg>
		<arg name='ceiling'>0x2ac69c7de177</arg>
		<arg name='symtab'>no</arg>
	</msg>
	<!-- Instrumentation of /usr/lib64/libibverbs/libcxgb3-rdmav22.so image skipped because of filter conditions [cs-mode]. -->
	<msg id='29' display='false' source='trc'>
		<type>LOAD_MODULE</type>
		<severity>INFO</severity>
		<timestamp>Fri Apr 22 22:45:23 2022</timestamp>
		<arg name='module'>/usr/lib64/libibverbs/libcxgb4-rdmav22.so</arg>
		<arg name='basement'>0x2ac69c7e6000</arg>
		<arg name='ceiling'>0x2ac69c9f01ef</arg>
		<arg name='symtab'>no</arg>
	</msg>
	<!-- Instrumentation of /usr/lib64/libibverbs/libcxgb4-rdmav22.so image skipped because of filter conditions [cs-mode]. -->
	<msg id='30' display='false' source='trc'>
		<type>LOAD_MODULE</type>
		<severity>INFO</severity>
		<timestamp>Fri Apr 22 22:45:23 2022</timestamp>
		<arg name='module'>/usr/lib64/libibverbs/libhfi1verbs-rdmav22.so</arg>
		<arg name='basement'>0x2ac69ca07000</arg>
		<arg name='ceiling'>0x2ac69cc0b14f</arg>
		<arg name='symtab'>no</arg>
	</msg>
	<!-- Instrumentation of /usr/lib64/libibverbs/libhfi1verbs-rdmav22.so image skipped because of filter conditions [cs-mode]. -->
	<msg id='31' display='false' source='trc'>
		<type>LOAD_MODULE</type>
		<severity>INFO</severity>
		<timestamp>Fri Apr 22 22:45:23 2022</timestamp>
		<arg name='module'>/usr/lib64/libibverbs/libhns-rdmav22.so</arg>
		<arg name='basement'>0x2ac69cc0c000</arg>
		<arg name='ceiling'>0x2ac69ce1418f</arg>
		<arg name='symtab'>no</arg>
	</msg>
	<!-- Instrumentation of /usr/lib64/libibverbs/libhns-rdmav22.so image skipped because of filter conditions [cs-mode]. -->
	<msg id='32' display='false' source='trc'>
		<type>LOAD_MODULE</type>
		<severity>INFO</severity>
		<timestamp>Fri Apr 22 22:45:23 2022</timestamp>
		<arg name='module'>/usr/lib64/libibverbs/libi40iw-rdmav22.so</arg>
		<arg name='basement'>0x2ac69ce27000</arg>
		<arg name='ceiling'>0x2ac69d02e137</arg>
		<arg name='symtab'>no</arg>
	</msg>
	<!-- Instrumentation of /usr/lib64/libibverbs/libi40iw-rdmav22.so image skipped because of filter conditions [cs-mode]. -->
	<msg id='33' display='false' source='trc'>
		<type>LOAD_MODULE</type>
		<severity>INFO</severity>
		<timestamp>Fri Apr 22 22:45:23 2022</timestamp>
		<arg name='module'>/usr/lib64/libibverbs/libipathverbs-rdmav22.so</arg>
		<arg name='basement'>0x2ac69d037000</arg>
		<arg name='ceiling'>0x2ac69d23b14f</arg>
		<arg name='symtab'>no</arg>
	</msg>
	<!-- Instrumentation of /usr/lib64/libibverbs/libipathverbs-rdmav22.so image skipped because of filter conditions [cs-mode]. -->
	<msg id='34' display='false' source='trc'>
		<type>LOAD_MODULE</type>
		<severity>INFO</severity>
		<timestamp>Fri Apr 22 22:45:23 2022</timestamp>
		<arg name='module'>/usr/lib64/libibverbs/libmlx4-rdmav22.so</arg>
		<arg name='basement'>0x2ac69d23c000</arg>
		<arg name='ceiling'>0x2ac69d447237</arg>
		<arg name='symtab'>no</arg>
	</msg>
	<!-- Instrumentation of /usr/lib64/libibverbs/libmlx4-rdmav22.so image skipped because of filter conditions [cs-mode]. -->
	<msg id='35' display='false' source='trc'>
		<type>LOAD_MODULE</type>
		<severity>INFO</severity>
		<timestamp>Fri Apr 22 22:45:23 2022</timestamp>
		<arg name='module'>/usr/lib64/libibverbs/libmlx5-rdmav22.so</arg>
		<arg name='basement'>0x2ac69d462000</arg>
		<arg name='ceiling'>0x2ac69d6893b7</arg>
		<arg name='symtab'>no</arg>
	</msg>
	<!-- Instrumentation of /usr/lib64/libibverbs/libmlx5-rdmav22.so image skipped because of filter conditions [cs-mode]. -->
	<msg id='36' display='false' source='trc'>
		<type>LOAD_MODULE</type>
		<severity>INFO</severity>
		<timestamp>Fri Apr 22 22:45:23 2022</timestamp>
		<arg name='module'>/usr/lib64/libibverbs/libmthca-rdmav22.so</arg>
		<arg name='basement'>0x2ac69d6dc000</arg>
		<arg name='ceiling'>0x2ac69d8e417f</arg>
		<arg name='symtab'>no</arg>
	</msg>
	<!-- Instrumentation of /usr/lib64/libibverbs/libmthca-rdmav22.so image skipped because of filter conditions [cs-mode]. -->
	<msg id='37' display='false' source='trc'>
		<type>LOAD_MODULE</type>
		<severity>INFO</severity>
		<timestamp>Fri Apr 22 22:45:23 2022</timestamp>
		<arg name='module'>/usr/lib64/libibverbs/libnes-rdmav22.so</arg>
		<arg name='basement'>0x2ac69d8e5000</arg>
		<arg name='ceiling'>0x2ac69daeb167</arg>
		<arg name='symtab'>no</arg>
	</msg>
	<!-- Instrumentation of /usr/lib64/libibverbs/libnes-rdmav22.so image skipped because of filter conditions [cs-mode]. -->
	<msg id='38' display='false' source='trc'>
		<type>LOAD_MODULE</type>
		<severity>INFO</severity>
		<timestamp>Fri Apr 22 22:45:23 2022</timestamp>
		<arg name='module'>/usr/lib64/libibverbs/libocrdma-rdmav22.so</arg>
		<arg name='basement'>0x2ac69daec000</arg>
		<arg name='ceiling'>0x2ac69dcf217f</arg>
		<arg name='symtab'>no</arg>
	</msg>
	<!-- Instrumentation of /usr/lib64/libibverbs/libocrdma-rdmav22.so image skipped because of filter conditions [cs-mode]. -->
	<msg id='39' display='false' source='trc'>
		<type>LOAD_MODULE</type>
		<severity>INFO</severity>
		<timestamp>Fri Apr 22 22:45:23 2022</timestamp>
		<arg name='module'>/usr/lib64/libibverbs/libqedr-rdmav22.so</arg>
		<arg name='basement'>0x2ac69dcf3000</arg>
		<arg name='ceiling'>0x2ac69defc19f</arg>
		<arg name='symtab'>no</arg>
	</msg>
	<!-- Instrumentation of /usr/lib64/libibverbs/libqedr-rdmav22.so image skipped because of filter conditions [cs-mode]. -->
	<msg id='40' display='false' source='trc'>
		<type>LOAD_MODULE</type>
		<severity>INFO</severity>
		<timestamp>Fri Apr 22 22:45:23 2022</timestamp>
		<arg name='module'>/usr/lib64/libibverbs/librxe-rdmav22.so</arg>
		<arg name='basement'>0x2ac69df07000</arg>
		<arg name='ceiling'>0x2ac69e10b16f</arg>
		<arg name='symtab'>no</arg>
	</msg>
	<!-- Instrumentation of /usr/lib64/libibverbs/librxe-rdmav22.so image skipped because of filter conditions [cs-mode]. -->
	<msg id='41' display='false' source='trc'>
		<type>LOAD_MODULE</type>
		<severity>INFO</severity>
		<timestamp>Fri Apr 22 22:45:23 2022</timestamp>
		<arg name='module'>/usr/lib64/libibverbs/libvmw_pvrdma-rdmav22.so</arg>
		<arg name='basement'>0x2ac69e10c000</arg>
		<arg name='ceiling'>0x2ac69e31116f</arg>
		<arg name='symtab'>no</arg>
	</msg>
	<!-- Instrumentation of /usr/lib64/libibverbs/libvmw_pvrdma-rdmav22.so image skipped because of filter conditions [cs-mode]. -->
	<msg id='42' display='false' source='trc'>
		<type>UNLOAD_MODULE</type>
		<severity>INFO</severity>
		<timestamp>Fri Apr 22 22:45:45 2022</timestamp>
		<arg name='module'>/mnt/storage/software/languages/intel/intel-parallel_studio_xe_2020_u4/compilers_and_libraries_2020.4.304/linux/mpi/intel64/libfabric/lib/prov/libpsmx2-fi.so</arg>
	</msg>
	<msg id='43' display='false' source='trc'>
		<type>UNLOAD_MODULE</type>
		<severity>INFO</severity>
		<timestamp>Fri Apr 22 22:45:45 2022</timestamp>
		<arg name='module'>/lib64/libpsm2.so.2</arg>
	</msg>
	<msg id='44' display='false' source='trc'>
		<type>UNLOAD_MODULE</type>
		<severity>INFO</severity>
		<timestamp>Fri Apr 22 22:45:45 2022</timestamp>
		<arg name='module'>/mnt/storage/software/languages/intel/intel-parallel_studio_xe_2020_u4/compilers_and_libraries_2020.4.304/linux/mpi/intel64/libfabric/lib/prov/librxm-fi.so</arg>
	</msg>
	<msg id='45' display='false' source='trc'>
		<type>UNLOAD_MODULE</type>
		<severity>INFO</severity>
		<timestamp>Fri Apr 22 22:45:45 2022</timestamp>
		<arg name='module'>/mnt/storage/software/languages/intel/intel-parallel_studio_xe_2020_u4/compilers_and_libraries_2020.4.304/linux/mpi/intel64/libfabric/lib/prov/libverbs-fi.so</arg>
	</msg>
	<msg id='46' display='false' source='trc'>
		<type>UNLOAD_MODULE</type>
		<severity>INFO</severity>
		<timestamp>Fri Apr 22 22:45:45 2022</timestamp>
		<arg name='module'>/mnt/storage/software/languages/intel/intel-parallel_studio_xe_2020_u4/compilers_and_libraries_2020.4.304/linux/mpi/intel64/libfabric/lib/prov/libtcp-fi.so</arg>
	</msg>
	<msg id='47' display='false' source='trc'>
		<type>UNLOAD_MODULE</type>
		<severity>INFO</severity>
		<timestamp>Fri Apr 22 22:45:45 2022</timestamp>
		<arg name='module'>/mnt/storage/software/languages/intel/intel-parallel_studio_xe_2020_u4/compilers_and_libraries_2020.4.304/linux/mpi/intel64/libfabric/lib/prov/libsockets-fi.so</arg>
	</msg>
	<msg id='48' display='false' source='trc'>
		<type>UNLOAD_MODULE</type>
		<severity>INFO</severity>
		<timestamp>Fri Apr 22 22:45:45 2022</timestamp>
		<arg name='module'>/mnt/storage/software/languages/intel/intel-parallel_studio_xe_2020_u4/compilers_and_libraries_2020.4.304/linux/mpi/intel64/libfabric/lib/prov/libshm-fi.so</arg>
	</msg>
	<msg id='49' display='false' source='trc'>
		<type>UNLOAD_MODULE</type>
		<severity>INFO</severity>
		<timestamp>Fri Apr 22 22:45:45 2022</timestamp>
		<arg name='module'>/user/home/fk19833/advanced-hpc-lbm/d2q9-bgk</arg>
	</msg>
	<msg id='50' display='false' source='trc'>
		<type>UNLOAD_MODULE</type>
		<severity>INFO</severity>
		<timestamp>Fri Apr 22 22:45:45 2022</timestamp>
		<arg name='module'>/lib64/ld-linux-x86-64.so.2</arg>
	</msg>
	<msg id='51' display='false' source='trc'>
		<type>UNLOAD_MODULE</type>
		<severity>INFO</severity>
		<timestamp>Fri Apr 22 22:45:45 2022</timestamp>
		<arg name='module'>[vdso]</arg>
	</msg>
	<msg id='52' display='false' source='trc'>
		<type>UNLOAD_MODULE</type>
		<severity>INFO</severity>
		<timestamp>Fri Apr 22 22:45:45 2022</timestamp>
		<arg name='module'>/lib64/libm.so.6</arg>
	</msg>
	<msg id='53' display='false' source='trc'>
		<type>UNLOAD_MODULE</type>
		<severity>INFO</severity>
		<timestamp>Fri Apr 22 22:45:45 2022</timestamp>
		<arg name='module'>/mnt/storage/software/languages/intel/intel-parallel_studio_xe_2020_u4/compilers_and_libraries_2020.4.304/linux/mpi/intel64/lib/libmpifort.so.12</arg>
	</msg>
	<msg id='54' display='false' source='trc'>
		<type>UNLOAD_MODULE</type>
		<severity>INFO</severity>
		<timestamp>Fri Apr 22 22:45:45 2022</timestamp>
		<arg name='module'>/mnt/storage/software/languages/intel/intel-parallel_studio_xe_2020_u4/compilers_and_libraries_2020.4.304/linux/mpi/intel64/lib/release/libmpi.so.12</arg>
	</msg>
	<msg id='55' display='false' source='trc'>
		<type>UNLOAD_MODULE</type>
		<severity>INFO</severity>
		<timestamp>Fri Apr 22 22:45:45 2022</timestamp>
		<arg name='module'>/lib64/libdl.so.2</arg>
	</msg>
	<msg id='56' display='false' source='trc'>
		<type>UNLOAD_MODULE</type>
		<severity>INFO</severity>
		<timestamp>Fri Apr 22 22:45:45 2022</timestamp>
		<arg name='module'>/lib64/librt.so.1</arg>
	</msg>
	<msg id='57' display='false' source='trc'>
		<type>UNLOAD_MODULE</type>
		<severity>INFO</severity>
		<timestamp>Fri Apr 22 22:45:45 2022</timestamp>
		<arg name='module'>/lib64/libpthread.so.0</arg>
	</msg>
	<msg id='58' display='false' source='trc'>
		<type>UNLOAD_MODULE</type>
		<severity>INFO</severity>
		<timestamp>Fri Apr 22 22:45:45 2022</timestamp>
		<arg name='module'>/mnt/storage/software/languages/gcc-9.3/lib64/libgcc_s.so.1</arg>
	</msg>
	<msg id='59' display='false' source='trc'>
		<type>UNLOAD_MODULE</type>
		<severity>INFO</severity>
		<timestamp>Fri Apr 22 22:45:45 2022</timestamp>
		<arg name='module'>/lib64/libc.so.6</arg>
	</msg>
	<msg id='60' display='false' source='trc'>
		<type>UNLOAD_MODULE</type>
		<severity>INFO</severity>
		<timestamp>Fri Apr 22 22:45:45 2022</timestamp>
		<arg name='module'>/mnt/storage/software/languages/intel/intel-parallel_studio_xe_2020_u4/compilers_and_libraries_2020.4.304/linux/mpi/intel64/libfabric/lib/libfabric.so.1</arg>
	</msg>
	<msg id='61' display='false' source='trc'>
		<type>UNLOAD_MODULE</type>
		<severity>INFO</severity>
		<timestamp>Fri Apr 22 22:45:45 2022</timestamp>
		<arg name='module'>/lib64/libnuma.so.1</arg>
	</msg>
	<msg id='62' display='false' source='trc'>
		<type>UNLOAD_MODULE</type>
		<severity>INFO</severity>
		<timestamp>Fri Apr 22 22:45:45 2022</timestamp>
		<arg name='module'>/lib64/librdmacm.so.1</arg>
	</msg>
	<msg id='63' display='false' source='trc'>
		<type>UNLOAD_MODULE</type>
		<severity>INFO</severity>
		<timestamp>Fri Apr 22 22:45:45 2022</timestamp>
		<arg name='module'>/lib64/libibverbs.so.1</arg>
	</msg>
	<msg id='64' display='false' source='trc'>
		<type>UNLOAD_MODULE</type>
		<severity>INFO</severity>
		<timestamp>Fri Apr 22 22:45:45 2022</timestamp>
		<arg name='module'>/lib64/libnl-route-3.so.200</arg>
	</msg>
	<msg id='65' display='false' source='trc'>
		<type>UNLOAD_MODULE</type>
		<severity>INFO</severity>
		<timestamp>Fri Apr 22 22:45:45 2022</timestamp>
		<arg name='module'>/lib64/libnl-3.so.200</arg>
	</msg>
	<msg id='66' display='false' source='trc'>
		<type>UNLOAD_MODULE</type>
		<severity>INFO</severity>
		<timestamp>Fri Apr 22 22:45:45 2022</timestamp>
		<arg name='module'>/usr/lib64/libibverbs/libbnxt_re-rdmav22.so</arg>
	</msg>
	<msg id='67' display='false' source='trc'>
		<type>UNLOAD_MODULE</type>
		<severity>INFO</severity>
		<timestamp>Fri Apr 22 22:45:45 2022</timestamp>
		<arg name='module'>/usr/lib64/libibverbs/libcxgb3-rdmav22.so</arg>
	</msg>
	<msg id='68' display='false' source='trc'>
		<type>UNLOAD_MODULE</type>
		<severity>INFO</severity>
		<timestamp>Fri Apr 22 22:45:45 2022</timestamp>
		<arg name='module'>/usr/lib64/libibverbs/libcxgb4-rdmav22.so</arg>
	</msg>
	<msg id='69' display='false' source='trc'>
		<type>UNLOAD_MODULE</type>
		<severity>INFO</severity>
		<timestamp>Fri Apr 22 22:45:45 2022</timestamp>
		<arg name='module'>/usr/lib64/libibverbs/libhfi1verbs-rdmav22.so</arg>
	</msg>
	<msg id='70' display='false' source='trc'>
		<type>UNLOAD_MODULE</type>
		<severity>INFO</severity>
		<timestamp>Fri Apr 22 22:45:45 2022</timestamp>
		<arg name='module'>/usr/lib64/libibverbs/libhns-rdmav22.so</arg>
	</msg>
	<msg id='71' display='false' source='trc'>
		<type>UNLOAD_MODULE</type>
		<severity>INFO</severity>
		<timestamp>Fri Apr 22 22:45:45 2022</timestamp>
		<arg name='module'>/usr/lib64/libibverbs/libi40iw-rdmav22.so</arg>
	</msg>
	<msg id='72' display='false' source='trc'>
		<type>UNLOAD_MODULE</type>
		<severity>INFO</severity>
		<timestamp>Fri Apr 22 22:45:45 2022</timestamp>
		<arg name='module'>/usr/lib64/libibverbs/libipathverbs-rdmav22.so</arg>
	</msg>
	<msg id='73' display='false' source='trc'>
		<type>UNLOAD_MODULE</type>
		<severity>INFO</severity>
		<timestamp>Fri Apr 22 22:45:45 2022</timestamp>
		<arg name='module'>/usr/lib64/libibverbs/libmlx4-rdmav22.so</arg>
	</msg>
	<msg id='74' display='false' source='trc'>
		<type>UNLOAD_MODULE</type>
		<severity>INFO</severity>
		<timestamp>Fri Apr 22 22:45:45 2022</timestamp>
		<arg name='module'>/usr/lib64/libibverbs/libmlx5-rdmav22.so</arg>
	</msg>
	<msg id='75' display='false' source='trc'>
		<type>UNLOAD_MODULE</type>
		<severity>INFO</severity>
		<timestamp>Fri Apr 22 22:45:45 2022</timestamp>
		<arg name='module'>/usr/lib64/libibverbs/libmthca-rdmav22.so</arg>
	</msg>
	<msg id='76' display='false' source='trc'>
		<type>UNLOAD_MODULE</type>
		<severity>INFO</severity>
		<timestamp>Fri Apr 22 22:45:45 2022</timestamp>
		<arg name='module'>/usr/lib64/libibverbs/libnes-rdmav22.so</arg>
	</msg>
	<msg id='77' display='false' source='trc'>
		<type>UNLOAD_MODULE</type>
		<severity>INFO</severity>
		<timestamp>Fri Apr 22 22:45:45 2022</timestamp>
		<arg name='module'>/usr/lib64/libibverbs/libocrdma-rdmav22.so</arg>
	</msg>
	<msg id='78' display='false' source='trc'>
		<type>UNLOAD_MODULE</type>
		<severity>INFO</severity>
		<timestamp>Fri Apr 22 22:45:45 2022</timestamp>
		<arg name='module'>/usr/lib64/libibverbs/libqedr-rdmav22.so</arg>
	</msg>
	<msg id='79' display='false' source='trc'>
		<type>UNLOAD_MODULE</type>
		<severity>INFO</severity>
		<timestamp>Fri Apr 22 22:45:45 2022</timestamp>
		<arg name='module'>/usr/lib64/libibverbs/librxe-rdmav22.so</arg>
	</msg>
	<msg id='80' display='false' source='trc'>
		<type>UNLOAD_MODULE</type>
		<severity>INFO</severity>
		<timestamp>Fri Apr 22 22:45:45 2022</timestamp>
		<arg name='module'>/usr/lib64/libibverbs/libvmw_pvrdma-rdmav22.so</arg>
	</msg>
	<msg id='81' display='false' source='trc'>
		<type>PROCESS_FINISH</type>
		<severity>INFO</severity>
		<timestamp>Fri Apr 22 22:45:45 2022</timestamp>
		<arg name='process'>/user/home/fk19833/advanced-hpc-lbm/d2q9-bgk</arg>
		<arg name='pid'>20580</arg>
		<arg name='exitcode'>0x0</arg>
	</msg>
	<!-- Application exited with code 0 -->
</log>