<?xml version="1.0" encoding="utf-8"?>
<log version="1.0" tool="runtool">

<msg id="1" tool="runtool">
  <type>log-start</type>
  <arg>2022/04/23 00:11:38</arg>
</msg>
<msg id="2" tool="runtool">
  <type>collector-starts</type>
</msg>
<msg id="3" tool="runtool">
  <type>marker-file</type>
  <arg>/user/home/fk19833/advanced-hpc-lbm/advisor2/rank.70/trc000/trc000.advixe</arg>
</msg>
<msg id="4" tool="trc">
  <type>PROCESS_START</type>
  <arg>/user/home/fk19833/advanced-hpc-lbm/d2q9-bgk</arg>
  <arg>29868</arg>
  <severity>INFO</severity>
  <timestamp>Fri Apr 22 23:11:53 2022</timestamp>
</msg>
<msg id="5" tool="trc">
  <type>PROCESS_ANALYSIS_MODE</type>
  <arg>full</arg>
  <severity>INFO</severity>
  <timestamp>Fri Apr 22 23:11:53 2022</timestamp>
</msg>
<msg id="6" tool="trc">
  <type>LOAD_MODULE</type>
  <arg>/user/home/fk19833/advanced-hpc-lbm/d2q9-bgk</arg>
  <arg>0x400000</arg>
  <arg>0x6214bf</arg>
  <arg>yes</arg>
  <severity>INFO</severity>
  <timestamp>Fri Apr 22 23:11:53 2022</timestamp>
</msg>
<msg id="7" tool="trc">
  <type>LOAD_MODULE</type>
  <arg>/lib64/ld-linux-x86-64.so.2</arg>
  <arg>0x2b3666242000</arg>
  <arg>0x2b366646514f</arg>
  <arg>yes</arg>
  <severity>INFO</severity>
  <timestamp>Fri Apr 22 23:11:53 2022</timestamp>
</msg>
<msg id="8" tool="trc">
  <type>LOAD_MODULE</type>
  <arg>[vdso]</arg>
  <arg>0x7ffed8c8c000</arg>
  <arg>0x7ffed8c8ce6c</arg>
  <arg>no</arg>
  <severity>INFO</severity>
  <timestamp>Fri Apr 22 23:11:53 2022</timestamp>
</msg>
<msg id="9" tool="trc">
  <type>LOAD_MODULE</type>
  <arg>/lib64/libm.so.6</arg>
  <arg>0x2b367bde0000</arg>
  <arg>0x2b367c0e1137</arg>
  <arg>yes</arg>
  <severity>INFO</severity>
  <timestamp>Fri Apr 22 23:11:53 2022</timestamp>
</msg>
<msg id="10" tool="trc">
  <type>LOAD_MODULE</type>
  <arg>/mnt/storage/software/languages/intel/intel-parallel_studio_xe_2020_u4/compilers_and_libraries_2020.4.304/linux/mpi/intel64/lib/libmpifort.so.12</arg>
  <arg>0x2b367c0fd000</arg>
  <arg>0x2b367c4ba817</arg>
  <arg>yes</arg>
  <severity>INFO</severity>
  <timestamp>Fri Apr 22 23:11:53 2022</timestamp>
</msg>
<msg id="11" tool="trc">
  <type>LOAD_MODULE</type>
  <arg>/mnt/storage/software/languages/intel/intel-parallel_studio_xe_2020_u4/compilers_and_libraries_2020.4.304/linux/mpi/intel64/lib/release/libmpi.so.12</arg>
  <arg>0x2b367c4c6000</arg>
  <arg>0x2b367d825217</arg>
  <arg>yes</arg>
  <severity>INFO</severity>
  <timestamp>Fri Apr 22 23:11:53 2022</timestamp>
</msg>
<msg id="12" tool="trc">
  <type>LOAD_MODULE</type>
  <arg>/lib64/libdl.so.2</arg>
  <arg>0x2b367d82a000</arg>
  <arg>0x2b367da2d12f</arg>
  <arg>yes</arg>
  <severity>INFO</severity>
  <timestamp>Fri Apr 22 23:11:53 2022</timestamp>
</msg>
<msg id="13" tool="trc">
  <type>LOAD_MODULE</type>
  <arg>/lib64/librt.so.1</arg>
  <arg>0x2b367da2e000</arg>
  <arg>0x2b367dc35c37</arg>
  <arg>yes</arg>
  <severity>INFO</severity>
  <timestamp>Fri Apr 22 23:11:53 2022</timestamp>
</msg>
<msg id="14" tool="trc">
  <type>LOAD_MODULE</type>
  <arg>/lib64/libpthread.so.0</arg>
  <arg>0x2b367dc36000</arg>
  <arg>0x2b367de51487</arg>
  <arg>yes</arg>
  <severity>INFO</severity>
  <timestamp>Fri Apr 22 23:11:53 2022</timestamp>
</msg>
<msg id="15" tool="trc">
  <type>LOAD_MODULE</type>
  <arg>/mnt/storage/software/languages/gcc-9.3/lib64/libgcc_s.so.1</arg>
  <arg>0x2b367de52000</arg>
  <arg>0x2b367e06944f</arg>
  <arg>yes</arg>
  <severity>INFO</severity>
  <timestamp>Fri Apr 22 23:11:53 2022</timestamp>
</msg>
<msg id="16" tool="trc">
  <type>LOAD_MODULE</type>
  <arg>/lib64/libc.so.6</arg>
  <arg>0x2b367e06a000</arg>
  <arg>0x2b367e4371ff</arg>
  <arg>yes</arg>
  <severity>INFO</severity>
  <timestamp>Fri Apr 22 23:11:53 2022</timestamp>
</msg>
<msg id="17" tool="trc">
  <type>LOAD_MODULE</type>
  <arg>/mnt/storage/software/languages/intel/intel-parallel_studio_xe_2020_u4/compilers_and_libraries_2020.4.304/linux/mpi/intel64/libfabric/lib/libfabric.so.1</arg>
  <arg>0x2b367e448000</arg>
  <arg>0x2b367e689777</arg>
  <arg>yes</arg>
  <severity>INFO</severity>
  <timestamp>Fri Apr 22 23:11:53 2022</timestamp>
</msg>
<msg id="18" tool="trc">
  <type>LOAD_MODULE</type>
  <arg>/lib64/libnuma.so.1</arg>
  <arg>0x2b3680138000</arg>
  <arg>0x2b36803438bf</arg>
  <arg>no</arg>
  <severity>INFO</severity>
  <timestamp>Fri Apr 22 23:11:56 2022</timestamp>
</msg>
<msg id="19" tool="trc">
  <type>LOAD_MODULE</type>
  <arg>/mnt/storage/software/languages/intel/intel-parallel_studio_xe_2020_u4/compilers_and_libraries_2020.4.304/linux/mpi/intel64/libfabric/lib/prov/libsockets-fi.so</arg>
  <arg>0x2b377b53d000</arg>
  <arg>0x2b377b791e57</arg>
  <arg>yes</arg>
  <severity>INFO</severity>
  <timestamp>Fri Apr 22 23:11:57 2022</timestamp>
</msg>
<msg id="20" tool="trc">
  <type>LOAD_MODULE</type>
  <arg>/mnt/storage/software/languages/intel/intel-parallel_studio_xe_2020_u4/compilers_and_libraries_2020.4.304/linux/mpi/intel64/libfabric/lib/prov/libpsmx2-fi.so</arg>
  <arg>0x2b377b7fa000</arg>
  <arg>0x2b377ba72837</arg>
  <arg>yes</arg>
  <severity>INFO</severity>
  <timestamp>Fri Apr 22 23:11:57 2022</timestamp>
</msg>
<msg id="21" tool="trc">
  <type>LOAD_MODULE</type>
  <arg>/lib64/libpsm2.so.2</arg>
  <arg>0x2b377ba73000</arg>
  <arg>0x2b377bd06cf7</arg>
  <arg>no</arg>
  <severity>INFO</severity>
  <timestamp>Fri Apr 22 23:11:57 2022</timestamp>
</msg>
<msg id="22" tool="trc">
  <type>LOAD_MODULE</type>
  <arg>/mnt/storage/software/languages/intel/intel-parallel_studio_xe_2020_u4/compilers_and_libraries_2020.4.304/linux/mpi/intel64/libfabric/lib/prov/librxm-fi.so</arg>
  <arg>0x2b377c3a2000</arg>
  <arg>0x2b377c5efb57</arg>
  <arg>yes</arg>
  <severity>INFO</severity>
  <timestamp>Fri Apr 22 23:11:57 2022</timestamp>
</msg>
<msg id="23" tool="trc">
  <type>LOAD_MODULE</type>
  <arg>/mnt/storage/software/languages/intel/intel-parallel_studio_xe_2020_u4/compilers_and_libraries_2020.4.304/linux/mpi/intel64/libfabric/lib/prov/libtcp-fi.so</arg>
  <arg>0x2b377c65f000</arg>
  <arg>0x2b377c89b6d7</arg>
  <arg>yes</arg>
  <severity>INFO</severity>
  <timestamp>Fri Apr 22 23:11:57 2022</timestamp>
</msg>
<msg id="24" tool="trc">
  <type>LOAD_MODULE</type>
  <arg>/mnt/storage/software/languages/intel/intel-parallel_studio_xe_2020_u4/compilers_and_libraries_2020.4.304/linux/mpi/intel64/libfabric/lib/prov/libshm-fi.so</arg>
  <arg>0x2b377c96f000</arg>
  <arg>0x2b377cbad837</arg>
  <arg>yes</arg>
  <severity>INFO</severity>
  <timestamp>Fri Apr 22 23:11:57 2022</timestamp>
</msg>
<msg id="25" tool="trc">
  <type>LOAD_MODULE</type>
  <arg>/mnt/storage/software/languages/intel/intel-parallel_studio_xe_2020_u4/compilers_and_libraries_2020.4.304/linux/mpi/intel64/libfabric/lib/prov/libverbs-fi.so</arg>
  <arg>0x2b377ccd1000</arg>
  <arg>0x2b377cf20e57</arg>
  <arg>yes</arg>
  <severity>INFO</severity>
  <timestamp>Fri Apr 22 23:11:57 2022</timestamp>
</msg>
<msg id="26" tool="trc">
  <type>LOAD_MODULE</type>
  <arg>/lib64/librdmacm.so.1</arg>
  <arg>0x2b377cf33000</arg>
  <arg>0x2b377d149267</arg>
  <arg>no</arg>
  <severity>INFO</severity>
  <timestamp>Fri Apr 22 23:11:57 2022</timestamp>
</msg>
<msg id="27" tool="trc">
  <type>LOAD_MODULE</type>
  <arg>/lib64/libibverbs.so.1</arg>
  <arg>0x2b377d14a000</arg>
  <arg>0x2b377d36266f</arg>
  <arg>no</arg>
  <severity>INFO</severity>
  <timestamp>Fri Apr 22 23:11:57 2022</timestamp>
</msg>
<msg id="28" tool="trc">
  <type>LOAD_MODULE</type>
  <arg>/lib64/libnl-route-3.so.200</arg>
  <arg>0x2b377d363000</arg>
  <arg>0x2b377d5cf5bf</arg>
  <arg>no</arg>
  <severity>INFO</severity>
  <timestamp>Fri Apr 22 23:11:57 2022</timestamp>
</msg>
<msg id="29" tool="trc">
  <type>LOAD_MODULE</type>
  <arg>/lib64/libnl-3.so.200</arg>
  <arg>0x2b377d5d0000</arg>
  <arg>0x2b377d7f08c7</arg>
  <arg>no</arg>
  <severity>INFO</severity>
  <timestamp>Fri Apr 22 23:11:57 2022</timestamp>
</msg>
<msg id="30" tool="trc">
  <type>LOAD_MODULE</type>
  <arg>/usr/lib64/libibverbs/libbnxt_re-rdmav22.so</arg>
  <arg>0x2b377da29000</arg>
  <arg>0x2b377dc2f17f</arg>
  <arg>no</arg>
  <severity>INFO</severity>
  <timestamp>Fri Apr 22 23:11:58 2022</timestamp>
</msg>
<msg id="31" tool="trc">
  <type>LOAD_MODULE</type>
  <arg>/usr/lib64/libibverbs/libcxgb3-rdmav22.so</arg>
  <arg>0x2b377dc3e000</arg>
  <arg>0x2b377de44177</arg>
  <arg>no</arg>
  <severity>INFO</severity>
  <timestamp>Fri Apr 22 23:11:58 2022</timestamp>
</msg>
<msg id="32" tool="trc">
  <type>LOAD_MODULE</type>
  <arg>/usr/lib64/libibverbs/libcxgb4-rdmav22.so</arg>
  <arg>0x2b377de4c000</arg>
  <arg>0x2b377e0561ef</arg>
  <arg>no</arg>
  <severity>INFO</severity>
  <timestamp>Fri Apr 22 23:11:58 2022</timestamp>
</msg>
<msg id="33" tool="trc">
  <type>LOAD_MODULE</type>
  <arg>/usr/lib64/libibverbs/libhfi1verbs-rdmav22.so</arg>
  <arg>0x2b377e06d000</arg>
  <arg>0x2b377e27114f</arg>
  <arg>no</arg>
  <severity>INFO</severity>
  <timestamp>Fri Apr 22 23:11:58 2022</timestamp>
</msg>
<msg id="34" tool="trc">
  <type>LOAD_MODULE</type>
  <arg>/usr/lib64/libibverbs/libhns-rdmav22.so</arg>
  <arg>0x2b377e272000</arg>
  <arg>0x2b377e47a18f</arg>
  <arg>no</arg>
  <severity>INFO</severity>
  <timestamp>Fri Apr 22 23:11:58 2022</timestamp>
</msg>
<msg id="35" tool="trc">
  <type>LOAD_MODULE</type>
  <arg>/usr/lib64/libibverbs/libi40iw-rdmav22.so</arg>
  <arg>0x2b377e48d000</arg>
  <arg>0x2b377e694137</arg>
  <arg>no</arg>
  <severity>INFO</severity>
  <timestamp>Fri Apr 22 23:11:58 2022</timestamp>
</msg>
<msg id="36" tool="trc">
  <type>LOAD_MODULE</type>
  <arg>/usr/lib64/libibverbs/libipathverbs-rdmav22.so</arg>
  <arg>0x2b377e69d000</arg>
  <arg>0x2b377e8a114f</arg>
  <arg>no</arg>
  <severity>INFO</severity>
  <timestamp>Fri Apr 22 23:11:58 2022</timestamp>
</msg>
<msg id="37" tool="trc">
  <type>LOAD_MODULE</type>
  <arg>/usr/lib64/libibverbs/libmlx4-rdmav22.so</arg>
  <arg>0x2b377e8a2000</arg>
  <arg>0x2b377eaad237</arg>
  <arg>no</arg>
  <severity>INFO</severity>
  <timestamp>Fri Apr 22 23:11:58 2022</timestamp>
</msg>
<msg id="38" tool="trc">
  <type>LOAD_MODULE</type>
  <arg>/usr/lib64/libibverbs/libmlx5-rdmav22.so</arg>
  <arg>0x2b377eac8000</arg>
  <arg>0x2b377ecef3b7</arg>
  <arg>no</arg>
  <severity>INFO</severity>
  <timestamp>Fri Apr 22 23:11:58 2022</timestamp>
</msg>
<msg id="39" tool="trc">
  <type>LOAD_MODULE</type>
  <arg>/usr/lib64/libibverbs/libmthca-rdmav22.so</arg>
  <arg>0x2b377ed42000</arg>
  <arg>0x2b377ef4a17f</arg>
  <arg>no</arg>
  <severity>INFO</severity>
  <timestamp>Fri Apr 22 23:11:58 2022</timestamp>
</msg>
<msg id="40" tool="trc">
  <type>LOAD_MODULE</type>
  <arg>/usr/lib64/libibverbs/libnes-rdmav22.so</arg>
  <arg>0x2b377ef4b000</arg>
  <arg>0x2b377f151167</arg>
  <arg>no</arg>
  <severity>INFO</severity>
  <timestamp>Fri Apr 22 23:11:58 2022</timestamp>
</msg>
<msg id="41" tool="trc">
  <type>LOAD_MODULE</type>
  <arg>/usr/lib64/libibverbs/libocrdma-rdmav22.so</arg>
  <arg>0x2b377f152000</arg>
  <arg>0x2b377f35817f</arg>
  <arg>no</arg>
  <severity>INFO</severity>
  <timestamp>Fri Apr 22 23:11:58 2022</timestamp>
</msg>
<msg id="42" tool="trc">
  <type>LOAD_MODULE</type>
  <arg>/usr/lib64/libibverbs/libqedr-rdmav22.so</arg>
  <arg>0x2b377f359000</arg>
  <arg>0x2b377f56219f</arg>
  <arg>no</arg>
  <severity>INFO</severity>
  <timestamp>Fri Apr 22 23:11:58 2022</timestamp>
</msg>
<msg id="43" tool="trc">
  <type>LOAD_MODULE</type>
  <arg>/usr/lib64/libibverbs/librxe-rdmav22.so</arg>
  <arg>0x2b377f56d000</arg>
  <arg>0x2b377f77116f</arg>
  <arg>no</arg>
  <severity>INFO</severity>
  <timestamp>Fri Apr 22 23:11:58 2022</timestamp>
</msg>
<msg id="44" tool="trc">
  <type>LOAD_MODULE</type>
  <arg>/usr/lib64/libibverbs/libvmw_pvrdma-rdmav22.so</arg>
  <arg>0x2b377f772000</arg>
  <arg>0x2b377f97716f</arg>
  <arg>no</arg>
  <severity>INFO</severity>
  <timestamp>Fri Apr 22 23:11:58 2022</timestamp>
</msg>
<msg id="45" tool="trc">
  <type>UNLOAD_MODULE</type>
  <arg>/mnt/storage/software/languages/intel/intel-parallel_studio_xe_2020_u4/compilers_and_libraries_2020.4.304/linux/mpi/intel64/libfabric/lib/prov/libpsmx2-fi.so</arg>
  <severity>INFO</severity>
  <timestamp>Fri Apr 22 23:12:15 2022</timestamp>
</msg>
<msg id="46" tool="trc">
  <type>UNLOAD_MODULE</type>
  <arg>/lib64/libpsm2.so.2</arg>
  <severity>INFO</severity>
  <timestamp>Fri Apr 22 23:12:15 2022</timestamp>
</msg>
<msg id="47" tool="trc">
  <type>UNLOAD_MODULE</type>
  <arg>/mnt/storage/software/languages/intel/intel-parallel_studio_xe_2020_u4/compilers_and_libraries_2020.4.304/linux/mpi/intel64/libfabric/lib/prov/librxm-fi.so</arg>
  <severity>INFO</severity>
  <timestamp>Fri Apr 22 23:12:15 2022</timestamp>
</msg>
<msg id="48" tool="trc">
  <type>UNLOAD_MODULE</type>
  <arg>/mnt/storage/software/languages/intel/intel-parallel_studio_xe_2020_u4/compilers_and_libraries_2020.4.304/linux/mpi/intel64/libfabric/lib/prov/libverbs-fi.so</arg>
  <severity>INFO</severity>
  <timestamp>Fri Apr 22 23:12:15 2022</timestamp>
</msg>
<msg id="49" tool="trc">
  <type>UNLOAD_MODULE</type>
  <arg>/mnt/storage/software/languages/intel/intel-parallel_studio_xe_2020_u4/compilers_and_libraries_2020.4.304/linux/mpi/intel64/libfabric/lib/prov/libtcp-fi.so</arg>
  <severity>INFO</severity>
  <timestamp>Fri Apr 22 23:12:15 2022</timestamp>
</msg>
<msg id="50" tool="trc">
  <type>UNLOAD_MODULE</type>
  <arg>/mnt/storage/software/languages/intel/intel-parallel_studio_xe_2020_u4/compilers_and_libraries_2020.4.304/linux/mpi/intel64/libfabric/lib/prov/libsockets-fi.so</arg>
  <severity>INFO</severity>
  <timestamp>Fri Apr 22 23:12:15 2022</timestamp>
</msg>
<msg id="51" tool="trc">
  <type>UNLOAD_MODULE</type>
  <arg>/mnt/storage/software/languages/intel/intel-parallel_studio_xe_2020_u4/compilers_and_libraries_2020.4.304/linux/mpi/intel64/libfabric/lib/prov/libshm-fi.so</arg>
  <severity>INFO</severity>
  <timestamp>Fri Apr 22 23:12:15 2022</timestamp>
</msg>
<msg id="52" tool="trc">
  <type>UNLOAD_MODULE</type>
  <arg>/user/home/fk19833/advanced-hpc-lbm/d2q9-bgk</arg>
  <severity>INFO</severity>
  <timestamp>Fri Apr 22 23:12:15 2022</timestamp>
</msg>
<msg id="53" tool="trc">
  <type>UNLOAD_MODULE</type>
  <arg>/lib64/ld-linux-x86-64.so.2</arg>
  <severity>INFO</severity>
  <timestamp>Fri Apr 22 23:12:15 2022</timestamp>
</msg>
<msg id="54" tool="trc">
  <type>UNLOAD_MODULE</type>
  <arg>[vdso]</arg>
  <severity>INFO</severity>
  <timestamp>Fri Apr 22 23:12:15 2022</timestamp>
</msg>
<msg id="55" tool="trc">
  <type>UNLOAD_MODULE</type>
  <arg>/lib64/libm.so.6</arg>
  <severity>INFO</severity>
  <timestamp>Fri Apr 22 23:12:15 2022</timestamp>
</msg>
<msg id="56" tool="trc">
  <type>UNLOAD_MODULE</type>
  <arg>/mnt/storage/software/languages/intel/intel-parallel_studio_xe_2020_u4/compilers_and_libraries_2020.4.304/linux/mpi/intel64/lib/libmpifort.so.12</arg>
  <severity>INFO</severity>
  <timestamp>Fri Apr 22 23:12:15 2022</timestamp>
</msg>
<msg id="57" tool="trc">
  <type>UNLOAD_MODULE</type>
  <arg>/mnt/storage/software/languages/intel/intel-parallel_studio_xe_2020_u4/compilers_and_libraries_2020.4.304/linux/mpi/intel64/lib/release/libmpi.so.12</arg>
  <severity>INFO</severity>
  <timestamp>Fri Apr 22 23:12:15 2022</timestamp>
</msg>
<msg id="58" tool="trc">
  <type>UNLOAD_MODULE</type>
  <arg>/lib64/libdl.so.2</arg>
  <severity>INFO</severity>
  <timestamp>Fri Apr 22 23:12:15 2022</timestamp>
</msg>
<msg id="59" tool="trc">
  <type>UNLOAD_MODULE</type>
  <arg>/lib64/librt.so.1</arg>
  <severity>INFO</severity>
  <timestamp>Fri Apr 22 23:12:15 2022</timestamp>
</msg>
<msg id="60" tool="trc">
  <type>UNLOAD_MODULE</type>
  <arg>/lib64/libpthread.so.0</arg>
  <severity>INFO</severity>
  <timestamp>Fri Apr 22 23:12:15 2022</timestamp>
</msg>
<msg id="61" tool="trc">
  <type>UNLOAD_MODULE</type>
  <arg>/mnt/storage/software/languages/gcc-9.3/lib64/libgcc_s.so.1</arg>
  <severity>INFO</severity>
  <timestamp>Fri Apr 22 23:12:15 2022</timestamp>
</msg>
<msg id="62" tool="trc">
  <type>UNLOAD_MODULE</type>
  <arg>/lib64/libc.so.6</arg>
  <severity>INFO</severity>
  <timestamp>Fri Apr 22 23:12:15 2022</timestamp>
</msg>
<msg id="63" tool="trc">
  <type>UNLOAD_MODULE</type>
  <arg>/mnt/storage/software/languages/intel/intel-parallel_studio_xe_2020_u4/compilers_and_libraries_2020.4.304/linux/mpi/intel64/libfabric/lib/libfabric.so.1</arg>
  <severity>INFO</severity>
  <timestamp>Fri Apr 22 23:12:15 2022</timestamp>
</msg>
<msg id="64" tool="trc">
  <type>UNLOAD_MODULE</type>
  <arg>/lib64/libnuma.so.1</arg>
  <severity>INFO</severity>
  <timestamp>Fri Apr 22 23:12:15 2022</timestamp>
</msg>
<msg id="65" tool="trc">
  <type>UNLOAD_MODULE</type>
  <arg>/lib64/librdmacm.so.1</arg>
  <severity>INFO</severity>
  <timestamp>Fri Apr 22 23:12:15 2022</timestamp>
</msg>
<msg id="66" tool="trc">
  <type>UNLOAD_MODULE</type>
  <arg>/lib64/libibverbs.so.1</arg>
  <severity>INFO</severity>
  <timestamp>Fri Apr 22 23:12:15 2022</timestamp>
</msg>
<msg id="67" tool="trc">
  <type>UNLOAD_MODULE</type>
  <arg>/lib64/libnl-route-3.so.200</arg>
  <severity>INFO</severity>
  <timestamp>Fri Apr 22 23:12:15 2022</timestamp>
</msg>
<msg id="68" tool="trc">
  <type>UNLOAD_MODULE</type>
  <arg>/lib64/libnl-3.so.200</arg>
  <severity>INFO</severity>
  <timestamp>Fri Apr 22 23:12:15 2022</timestamp>
</msg>
<msg id="69" tool="trc">
  <type>UNLOAD_MODULE</type>
  <arg>/usr/lib64/libibverbs/libbnxt_re-rdmav22.so</arg>
  <severity>INFO</severity>
  <timestamp>Fri Apr 22 23:12:15 2022</timestamp>
</msg>
<msg id="70" tool="trc">
  <type>UNLOAD_MODULE</type>
  <arg>/usr/lib64/libibverbs/libcxgb3-rdmav22.so</arg>
  <severity>INFO</severity>
  <timestamp>Fri Apr 22 23:12:15 2022</timestamp>
</msg>
<msg id="71" tool="trc">
  <type>UNLOAD_MODULE</type>
  <arg>/usr/lib64/libibverbs/libcxgb4-rdmav22.so</arg>
  <severity>INFO</severity>
  <timestamp>Fri Apr 22 23:12:15 2022</timestamp>
</msg>
<msg id="72" tool="trc">
  <type>UNLOAD_MODULE</type>
  <arg>/usr/lib64/libibverbs/libhfi1verbs-rdmav22.so</arg>
  <severity>INFO</severity>
  <timestamp>Fri Apr 22 23:12:15 2022</timestamp>
</msg>
<msg id="73" tool="trc">
  <type>UNLOAD_MODULE</type>
  <arg>/usr/lib64/libibverbs/libhns-rdmav22.so</arg>
  <severity>INFO</severity>
  <timestamp>Fri Apr 22 23:12:15 2022</timestamp>
</msg>
<msg id="74" tool="trc">
  <type>UNLOAD_MODULE</type>
  <arg>/usr/lib64/libibverbs/libi40iw-rdmav22.so</arg>
  <severity>INFO</severity>
  <timestamp>Fri Apr 22 23:12:15 2022</timestamp>
</msg>
<msg id="75" tool="trc">
  <type>UNLOAD_MODULE</type>
  <arg>/usr/lib64/libibverbs/libipathverbs-rdmav22.so</arg>
  <severity>INFO</severity>
  <timestamp>Fri Apr 22 23:12:15 2022</timestamp>
</msg>
<msg id="76" tool="trc">
  <type>UNLOAD_MODULE</type>
  <arg>/usr/lib64/libibverbs/libmlx4-rdmav22.so</arg>
  <severity>INFO</severity>
  <timestamp>Fri Apr 22 23:12:15 2022</timestamp>
</msg>
<msg id="77" tool="trc">
  <type>UNLOAD_MODULE</type>
  <arg>/usr/lib64/libibverbs/libmlx5-rdmav22.so</arg>
  <severity>INFO</severity>
  <timestamp>Fri Apr 22 23:12:15 2022</timestamp>
</msg>
<msg id="78" tool="trc">
  <type>UNLOAD_MODULE</type>
  <arg>/usr/lib64/libibverbs/libmthca-rdmav22.so</arg>
  <severity>INFO</severity>
  <timestamp>Fri Apr 22 23:12:15 2022</timestamp>
</msg>
<msg id="79" tool="trc">
  <type>UNLOAD_MODULE</type>
  <arg>/usr/lib64/libibverbs/libnes-rdmav22.so</arg>
  <severity>INFO</severity>
  <timestamp>Fri Apr 22 23:12:15 2022</timestamp>
</msg>
<msg id="80" tool="trc">
  <type>UNLOAD_MODULE</type>
  <arg>/usr/lib64/libibverbs/libocrdma-rdmav22.so</arg>
  <severity>INFO</severity>
  <timestamp>Fri Apr 22 23:12:15 2022</timestamp>
</msg>
<msg id="81" tool="trc">
  <type>UNLOAD_MODULE</type>
  <arg>/usr/lib64/libibverbs/libqedr-rdmav22.so</arg>
  <severity>INFO</severity>
  <timestamp>Fri Apr 22 23:12:15 2022</timestamp>
</msg>
<msg id="82" tool="trc">
  <type>UNLOAD_MODULE</type>
  <arg>/usr/lib64/libibverbs/librxe-rdmav22.so</arg>
  <severity>INFO</severity>
  <timestamp>Fri Apr 22 23:12:15 2022</timestamp>
</msg>
<msg id="83" tool="trc">
  <type>UNLOAD_MODULE</type>
  <arg>/usr/lib64/libibverbs/libvmw_pvrdma-rdmav22.so</arg>
  <severity>INFO</severity>
  <timestamp>Fri Apr 22 23:12:15 2022</timestamp>
</msg>
<msg id="84" tool="trc">
  <type>PROCESS_FINISH</type>
  <arg>/user/home/fk19833/advanced-hpc-lbm/d2q9-bgk</arg>
  <arg>29868</arg>
  <arg>0x0</arg>
  <severity>INFO</severity>
  <timestamp>Fri Apr 22 23:12:15 2022</timestamp>
</msg>
<msg id="85" tool="runtool">
  <type>app-exit-code</type>
  <arg>0</arg>
</msg>
<msg id="86" tool="runtool">
  <type>marker-file</type>
  <arg>/user/home/fk19833/advanced-hpc-lbm/advisor2/rank.70/trc000/trc000.advixe</arg>
</msg>
<msg id="87" tool="runtool">
  <type>collector-done</type>
</msg>
<msg id="88" tool="runtool">
  <type>log-end</type>
  <arg>2022/04/23 00:12:19</arg>
</msg>

</log>

