<?xml version="1.0" encoding="utf-8"?>
<log version="1.0" tool="runtool">

<msg id="1" tool="runtool">
  <type>log-start</type>
  <arg>2022/04/24 00:28:39</arg>
</msg>
<msg id="2" tool="runtool">
  <type>collector-starts</type>
</msg>
<msg id="3" tool="runtool">
  <type>marker-file</type>
  <arg>/user/home/fk19833/advanced-hpc-lbm/advisor4/rank.15/trc000/trc000.advixe</arg>
</msg>
<msg id="4" tool="trc">
  <type>PROCESS_START</type>
  <arg>/user/home/fk19833/advanced-hpc-lbm/d2q9-bgk</arg>
  <arg>2042</arg>
  <severity>INFO</severity>
  <timestamp>Sat Apr 23 23:28:54 2022</timestamp>
</msg>
<msg id="5" tool="trc">
  <type>PROCESS_ANALYSIS_MODE</type>
  <arg>full</arg>
  <severity>INFO</severity>
  <timestamp>Sat Apr 23 23:28:54 2022</timestamp>
</msg>
<msg id="6" tool="trc">
  <type>LOAD_MODULE</type>
  <arg>/user/home/fk19833/advanced-hpc-lbm/d2q9-bgk</arg>
  <arg>0x400000</arg>
  <arg>0x6214bf</arg>
  <arg>yes</arg>
  <severity>INFO</severity>
  <timestamp>Sat Apr 23 23:28:54 2022</timestamp>
</msg>
<msg id="7" tool="trc">
  <type>LOAD_MODULE</type>
  <arg>/lib64/ld-linux-x86-64.so.2</arg>
  <arg>0x2ac886081000</arg>
  <arg>0x2ac8862a414f</arg>
  <arg>yes</arg>
  <severity>INFO</severity>
  <timestamp>Sat Apr 23 23:28:54 2022</timestamp>
</msg>
<msg id="8" tool="trc">
  <type>LOAD_MODULE</type>
  <arg>[vdso]</arg>
  <arg>0x7ffea57e4000</arg>
  <arg>0x7ffea57e4e6c</arg>
  <arg>no</arg>
  <severity>INFO</severity>
  <timestamp>Sat Apr 23 23:28:54 2022</timestamp>
</msg>
<msg id="9" tool="trc">
  <type>LOAD_MODULE</type>
  <arg>/lib64/libm.so.6</arg>
  <arg>0x2ac89bbbe000</arg>
  <arg>0x2ac89bebf137</arg>
  <arg>yes</arg>
  <severity>INFO</severity>
  <timestamp>Sat Apr 23 23:28:55 2022</timestamp>
</msg>
<msg id="10" tool="trc">
  <type>LOAD_MODULE</type>
  <arg>/mnt/storage/software/languages/intel/intel-parallel_studio_xe_2020_u4/compilers_and_libraries_2020.4.304/linux/mpi/intel64/lib/libmpifort.so.12</arg>
  <arg>0x2ac89bedb000</arg>
  <arg>0x2ac89c298817</arg>
  <arg>yes</arg>
  <severity>INFO</severity>
  <timestamp>Sat Apr 23 23:28:55 2022</timestamp>
</msg>
<msg id="11" tool="trc">
  <type>LOAD_MODULE</type>
  <arg>/mnt/storage/software/languages/intel/intel-parallel_studio_xe_2020_u4/compilers_and_libraries_2020.4.304/linux/mpi/intel64/lib/release/libmpi.so.12</arg>
  <arg>0x2ac89c2a4000</arg>
  <arg>0x2ac89d603217</arg>
  <arg>yes</arg>
  <severity>INFO</severity>
  <timestamp>Sat Apr 23 23:28:55 2022</timestamp>
</msg>
<msg id="12" tool="trc">
  <type>LOAD_MODULE</type>
  <arg>/lib64/libdl.so.2</arg>
  <arg>0x2ac89d608000</arg>
  <arg>0x2ac89d80b12f</arg>
  <arg>yes</arg>
  <severity>INFO</severity>
  <timestamp>Sat Apr 23 23:28:55 2022</timestamp>
</msg>
<msg id="13" tool="trc">
  <type>LOAD_MODULE</type>
  <arg>/lib64/librt.so.1</arg>
  <arg>0x2ac89d80c000</arg>
  <arg>0x2ac89da13c37</arg>
  <arg>yes</arg>
  <severity>INFO</severity>
  <timestamp>Sat Apr 23 23:28:55 2022</timestamp>
</msg>
<msg id="14" tool="trc">
  <type>LOAD_MODULE</type>
  <arg>/lib64/libpthread.so.0</arg>
  <arg>0x2ac89da14000</arg>
  <arg>0x2ac89dc2f487</arg>
  <arg>yes</arg>
  <severity>INFO</severity>
  <timestamp>Sat Apr 23 23:28:55 2022</timestamp>
</msg>
<msg id="15" tool="trc">
  <type>LOAD_MODULE</type>
  <arg>/mnt/storage/software/languages/gcc-9.3/lib64/libgcc_s.so.1</arg>
  <arg>0x2ac89dc30000</arg>
  <arg>0x2ac89de4744f</arg>
  <arg>yes</arg>
  <severity>INFO</severity>
  <timestamp>Sat Apr 23 23:28:55 2022</timestamp>
</msg>
<msg id="16" tool="trc">
  <type>LOAD_MODULE</type>
  <arg>/lib64/libc.so.6</arg>
  <arg>0x2ac89de48000</arg>
  <arg>0x2ac89e2151ff</arg>
  <arg>yes</arg>
  <severity>INFO</severity>
  <timestamp>Sat Apr 23 23:28:55 2022</timestamp>
</msg>
<msg id="17" tool="trc">
  <type>LOAD_MODULE</type>
  <arg>/mnt/storage/software/languages/intel/intel-parallel_studio_xe_2020_u4/compilers_and_libraries_2020.4.304/linux/mpi/intel64/libfabric/lib/libfabric.so.1</arg>
  <arg>0x2ac89e226000</arg>
  <arg>0x2ac89e467777</arg>
  <arg>yes</arg>
  <severity>INFO</severity>
  <timestamp>Sat Apr 23 23:28:55 2022</timestamp>
</msg>
<msg id="18" tool="trc">
  <type>LOAD_MODULE</type>
  <arg>/lib64/libnuma.so.1</arg>
  <arg>0x2ac89ff3c000</arg>
  <arg>0x2ac8a01478bf</arg>
  <arg>no</arg>
  <severity>INFO</severity>
  <timestamp>Sat Apr 23 23:28:57 2022</timestamp>
</msg>
<msg id="19" tool="trc">
  <type>LOAD_MODULE</type>
  <arg>/mnt/storage/software/languages/intel/intel-parallel_studio_xe_2020_u4/compilers_and_libraries_2020.4.304/linux/mpi/intel64/libfabric/lib/prov/libsockets-fi.so</arg>
  <arg>0x2ac9661fa000</arg>
  <arg>0x2ac96644ee57</arg>
  <arg>yes</arg>
  <severity>INFO</severity>
  <timestamp>Sat Apr 23 23:28:58 2022</timestamp>
</msg>
<msg id="20" tool="trc">
  <type>LOAD_MODULE</type>
  <arg>/mnt/storage/software/languages/intel/intel-parallel_studio_xe_2020_u4/compilers_and_libraries_2020.4.304/linux/mpi/intel64/libfabric/lib/prov/libpsmx2-fi.so</arg>
  <arg>0x2ac9664b7000</arg>
  <arg>0x2ac96672f837</arg>
  <arg>yes</arg>
  <severity>INFO</severity>
  <timestamp>Sat Apr 23 23:28:58 2022</timestamp>
</msg>
<msg id="21" tool="trc">
  <type>LOAD_MODULE</type>
  <arg>/lib64/libpsm2.so.2</arg>
  <arg>0x2ac966742000</arg>
  <arg>0x2ac9669d5cf7</arg>
  <arg>no</arg>
  <severity>INFO</severity>
  <timestamp>Sat Apr 23 23:28:58 2022</timestamp>
</msg>
<msg id="22" tool="trc">
  <type>LOAD_MODULE</type>
  <arg>/mnt/storage/software/languages/intel/intel-parallel_studio_xe_2020_u4/compilers_and_libraries_2020.4.304/linux/mpi/intel64/libfabric/lib/prov/librxm-fi.so</arg>
  <arg>0x2ac967079000</arg>
  <arg>0x2ac9672c6b57</arg>
  <arg>yes</arg>
  <severity>INFO</severity>
  <timestamp>Sat Apr 23 23:28:58 2022</timestamp>
</msg>
<msg id="23" tool="trc">
  <type>LOAD_MODULE</type>
  <arg>/mnt/storage/software/languages/intel/intel-parallel_studio_xe_2020_u4/compilers_and_libraries_2020.4.304/linux/mpi/intel64/libfabric/lib/prov/libtcp-fi.so</arg>
  <arg>0x2ac967366000</arg>
  <arg>0x2ac9675a26d7</arg>
  <arg>yes</arg>
  <severity>INFO</severity>
  <timestamp>Sat Apr 23 23:28:58 2022</timestamp>
</msg>
<msg id="24" tool="trc">
  <type>LOAD_MODULE</type>
  <arg>/mnt/storage/software/languages/intel/intel-parallel_studio_xe_2020_u4/compilers_and_libraries_2020.4.304/linux/mpi/intel64/libfabric/lib/prov/libshm-fi.so</arg>
  <arg>0x2ac967668000</arg>
  <arg>0x2ac9678a6837</arg>
  <arg>yes</arg>
  <severity>INFO</severity>
  <timestamp>Sat Apr 23 23:28:58 2022</timestamp>
</msg>
<msg id="25" tool="trc">
  <type>LOAD_MODULE</type>
  <arg>/mnt/storage/software/languages/intel/intel-parallel_studio_xe_2020_u4/compilers_and_libraries_2020.4.304/linux/mpi/intel64/libfabric/lib/prov/libverbs-fi.so</arg>
  <arg>0x2ac9679ca000</arg>
  <arg>0x2ac967c19e57</arg>
  <arg>yes</arg>
  <severity>INFO</severity>
  <timestamp>Sat Apr 23 23:28:59 2022</timestamp>
</msg>
<msg id="26" tool="trc">
  <type>LOAD_MODULE</type>
  <arg>/lib64/librdmacm.so.1</arg>
  <arg>0x2ac967c2c000</arg>
  <arg>0x2ac967e42267</arg>
  <arg>no</arg>
  <severity>INFO</severity>
  <timestamp>Sat Apr 23 23:28:59 2022</timestamp>
</msg>
<msg id="27" tool="trc">
  <type>LOAD_MODULE</type>
  <arg>/lib64/libibverbs.so.1</arg>
  <arg>0x2ac967e44000</arg>
  <arg>0x2ac96805c66f</arg>
  <arg>no</arg>
  <severity>INFO</severity>
  <timestamp>Sat Apr 23 23:28:59 2022</timestamp>
</msg>
<msg id="28" tool="trc">
  <type>LOAD_MODULE</type>
  <arg>/lib64/libnl-route-3.so.200</arg>
  <arg>0x2ac96805d000</arg>
  <arg>0x2ac9682c95bf</arg>
  <arg>no</arg>
  <severity>INFO</severity>
  <timestamp>Sat Apr 23 23:28:59 2022</timestamp>
</msg>
<msg id="29" tool="trc">
  <type>LOAD_MODULE</type>
  <arg>/lib64/libnl-3.so.200</arg>
  <arg>0x2ac9682ca000</arg>
  <arg>0x2ac9684ea8c7</arg>
  <arg>no</arg>
  <severity>INFO</severity>
  <timestamp>Sat Apr 23 23:28:59 2022</timestamp>
</msg>
<msg id="30" tool="trc">
  <type>LOAD_MODULE</type>
  <arg>/usr/lib64/libibverbs/libbnxt_re-rdmav22.so</arg>
  <arg>0x2ac968720000</arg>
  <arg>0x2ac96892617f</arg>
  <arg>no</arg>
  <severity>INFO</severity>
  <timestamp>Sat Apr 23 23:28:59 2022</timestamp>
</msg>
<msg id="31" tool="trc">
  <type>LOAD_MODULE</type>
  <arg>/usr/lib64/libibverbs/libcxgb3-rdmav22.so</arg>
  <arg>0x2ac968935000</arg>
  <arg>0x2ac968b3b177</arg>
  <arg>no</arg>
  <severity>INFO</severity>
  <timestamp>Sat Apr 23 23:28:59 2022</timestamp>
</msg>
<msg id="32" tool="trc">
  <type>LOAD_MODULE</type>
  <arg>/usr/lib64/libibverbs/libcxgb4-rdmav22.so</arg>
  <arg>0x2ac968b43000</arg>
  <arg>0x2ac968d4d1ef</arg>
  <arg>no</arg>
  <severity>INFO</severity>
  <timestamp>Sat Apr 23 23:28:59 2022</timestamp>
</msg>
<msg id="33" tool="trc">
  <type>LOAD_MODULE</type>
  <arg>/usr/lib64/libibverbs/libhfi1verbs-rdmav22.so</arg>
  <arg>0x2ac968d64000</arg>
  <arg>0x2ac968f6814f</arg>
  <arg>no</arg>
  <severity>INFO</severity>
  <timestamp>Sat Apr 23 23:28:59 2022</timestamp>
</msg>
<msg id="34" tool="trc">
  <type>LOAD_MODULE</type>
  <arg>/usr/lib64/libibverbs/libhns-rdmav22.so</arg>
  <arg>0x2ac968f69000</arg>
  <arg>0x2ac96917118f</arg>
  <arg>no</arg>
  <severity>INFO</severity>
  <timestamp>Sat Apr 23 23:28:59 2022</timestamp>
</msg>
<msg id="35" tool="trc">
  <type>LOAD_MODULE</type>
  <arg>/usr/lib64/libibverbs/libi40iw-rdmav22.so</arg>
  <arg>0x2ac969184000</arg>
  <arg>0x2ac96938b137</arg>
  <arg>no</arg>
  <severity>INFO</severity>
  <timestamp>Sat Apr 23 23:28:59 2022</timestamp>
</msg>
<msg id="36" tool="trc">
  <type>LOAD_MODULE</type>
  <arg>/usr/lib64/libibverbs/libipathverbs-rdmav22.so</arg>
  <arg>0x2ac969394000</arg>
  <arg>0x2ac96959814f</arg>
  <arg>no</arg>
  <severity>INFO</severity>
  <timestamp>Sat Apr 23 23:28:59 2022</timestamp>
</msg>
<msg id="37" tool="trc">
  <type>LOAD_MODULE</type>
  <arg>/usr/lib64/libibverbs/libmlx4-rdmav22.so</arg>
  <arg>0x2ac969599000</arg>
  <arg>0x2ac9697a4237</arg>
  <arg>no</arg>
  <severity>INFO</severity>
  <timestamp>Sat Apr 23 23:28:59 2022</timestamp>
</msg>
<msg id="38" tool="trc">
  <type>LOAD_MODULE</type>
  <arg>/usr/lib64/libibverbs/libmlx5-rdmav22.so</arg>
  <arg>0x2ac9697bf000</arg>
  <arg>0x2ac9699e63b7</arg>
  <arg>no</arg>
  <severity>INFO</severity>
  <timestamp>Sat Apr 23 23:28:59 2022</timestamp>
</msg>
<msg id="39" tool="trc">
  <type>LOAD_MODULE</type>
  <arg>/usr/lib64/libibverbs/libmthca-rdmav22.so</arg>
  <arg>0x2ac969a39000</arg>
  <arg>0x2ac969c4117f</arg>
  <arg>no</arg>
  <severity>INFO</severity>
  <timestamp>Sat Apr 23 23:28:59 2022</timestamp>
</msg>
<msg id="40" tool="trc">
  <type>LOAD_MODULE</type>
  <arg>/usr/lib64/libibverbs/libnes-rdmav22.so</arg>
  <arg>0x2ac969c42000</arg>
  <arg>0x2ac969e48167</arg>
  <arg>no</arg>
  <severity>INFO</severity>
  <timestamp>Sat Apr 23 23:28:59 2022</timestamp>
</msg>
<msg id="41" tool="trc">
  <type>LOAD_MODULE</type>
  <arg>/usr/lib64/libibverbs/libocrdma-rdmav22.so</arg>
  <arg>0x2ac969e49000</arg>
  <arg>0x2ac96a04f17f</arg>
  <arg>no</arg>
  <severity>INFO</severity>
  <timestamp>Sat Apr 23 23:28:59 2022</timestamp>
</msg>
<msg id="42" tool="trc">
  <type>LOAD_MODULE</type>
  <arg>/usr/lib64/libibverbs/libqedr-rdmav22.so</arg>
  <arg>0x2ac96a050000</arg>
  <arg>0x2ac96a25919f</arg>
  <arg>no</arg>
  <severity>INFO</severity>
  <timestamp>Sat Apr 23 23:28:59 2022</timestamp>
</msg>
<msg id="43" tool="trc">
  <type>LOAD_MODULE</type>
  <arg>/usr/lib64/libibverbs/librxe-rdmav22.so</arg>
  <arg>0x2ac96a264000</arg>
  <arg>0x2ac96a46816f</arg>
  <arg>no</arg>
  <severity>INFO</severity>
  <timestamp>Sat Apr 23 23:28:59 2022</timestamp>
</msg>
<msg id="44" tool="trc">
  <type>LOAD_MODULE</type>
  <arg>/usr/lib64/libibverbs/libvmw_pvrdma-rdmav22.so</arg>
  <arg>0x2ac96a469000</arg>
  <arg>0x2ac96a66e16f</arg>
  <arg>no</arg>
  <severity>INFO</severity>
  <timestamp>Sat Apr 23 23:28:59 2022</timestamp>
</msg>
<msg id="45" tool="trc">
  <type>UNLOAD_MODULE</type>
  <arg>/mnt/storage/software/languages/intel/intel-parallel_studio_xe_2020_u4/compilers_and_libraries_2020.4.304/linux/mpi/intel64/libfabric/lib/prov/libpsmx2-fi.so</arg>
  <severity>INFO</severity>
  <timestamp>Sat Apr 23 23:29:05 2022</timestamp>
</msg>
<msg id="46" tool="trc">
  <type>UNLOAD_MODULE</type>
  <arg>/lib64/libpsm2.so.2</arg>
  <severity>INFO</severity>
  <timestamp>Sat Apr 23 23:29:05 2022</timestamp>
</msg>
<msg id="47" tool="trc">
  <type>UNLOAD_MODULE</type>
  <arg>/mnt/storage/software/languages/intel/intel-parallel_studio_xe_2020_u4/compilers_and_libraries_2020.4.304/linux/mpi/intel64/libfabric/lib/prov/librxm-fi.so</arg>
  <severity>INFO</severity>
  <timestamp>Sat Apr 23 23:29:05 2022</timestamp>
</msg>
<msg id="48" tool="trc">
  <type>UNLOAD_MODULE</type>
  <arg>/mnt/storage/software/languages/intel/intel-parallel_studio_xe_2020_u4/compilers_and_libraries_2020.4.304/linux/mpi/intel64/libfabric/lib/prov/libverbs-fi.so</arg>
  <severity>INFO</severity>
  <timestamp>Sat Apr 23 23:29:05 2022</timestamp>
</msg>
<msg id="49" tool="trc">
  <type>UNLOAD_MODULE</type>
  <arg>/mnt/storage/software/languages/intel/intel-parallel_studio_xe_2020_u4/compilers_and_libraries_2020.4.304/linux/mpi/intel64/libfabric/lib/prov/libtcp-fi.so</arg>
  <severity>INFO</severity>
  <timestamp>Sat Apr 23 23:29:05 2022</timestamp>
</msg>
<msg id="50" tool="trc">
  <type>UNLOAD_MODULE</type>
  <arg>/mnt/storage/software/languages/intel/intel-parallel_studio_xe_2020_u4/compilers_and_libraries_2020.4.304/linux/mpi/intel64/libfabric/lib/prov/libsockets-fi.so</arg>
  <severity>INFO</severity>
  <timestamp>Sat Apr 23 23:29:05 2022</timestamp>
</msg>
<msg id="51" tool="trc">
  <type>UNLOAD_MODULE</type>
  <arg>/mnt/storage/software/languages/intel/intel-parallel_studio_xe_2020_u4/compilers_and_libraries_2020.4.304/linux/mpi/intel64/libfabric/lib/prov/libshm-fi.so</arg>
  <severity>INFO</severity>
  <timestamp>Sat Apr 23 23:29:05 2022</timestamp>
</msg>
<msg id="52" tool="trc">
  <type>UNLOAD_MODULE</type>
  <arg>/user/home/fk19833/advanced-hpc-lbm/d2q9-bgk</arg>
  <severity>INFO</severity>
  <timestamp>Sat Apr 23 23:29:05 2022</timestamp>
</msg>
<msg id="53" tool="trc">
  <type>UNLOAD_MODULE</type>
  <arg>/lib64/ld-linux-x86-64.so.2</arg>
  <severity>INFO</severity>
  <timestamp>Sat Apr 23 23:29:05 2022</timestamp>
</msg>
<msg id="54" tool="trc">
  <type>UNLOAD_MODULE</type>
  <arg>[vdso]</arg>
  <severity>INFO</severity>
  <timestamp>Sat Apr 23 23:29:05 2022</timestamp>
</msg>
<msg id="55" tool="trc">
  <type>UNLOAD_MODULE</type>
  <arg>/lib64/libm.so.6</arg>
  <severity>INFO</severity>
  <timestamp>Sat Apr 23 23:29:05 2022</timestamp>
</msg>
<msg id="56" tool="trc">
  <type>UNLOAD_MODULE</type>
  <arg>/mnt/storage/software/languages/intel/intel-parallel_studio_xe_2020_u4/compilers_and_libraries_2020.4.304/linux/mpi/intel64/lib/libmpifort.so.12</arg>
  <severity>INFO</severity>
  <timestamp>Sat Apr 23 23:29:05 2022</timestamp>
</msg>
<msg id="57" tool="trc">
  <type>UNLOAD_MODULE</type>
  <arg>/mnt/storage/software/languages/intel/intel-parallel_studio_xe_2020_u4/compilers_and_libraries_2020.4.304/linux/mpi/intel64/lib/release/libmpi.so.12</arg>
  <severity>INFO</severity>
  <timestamp>Sat Apr 23 23:29:05 2022</timestamp>
</msg>
<msg id="58" tool="trc">
  <type>UNLOAD_MODULE</type>
  <arg>/lib64/libdl.so.2</arg>
  <severity>INFO</severity>
  <timestamp>Sat Apr 23 23:29:05 2022</timestamp>
</msg>
<msg id="59" tool="trc">
  <type>UNLOAD_MODULE</type>
  <arg>/lib64/librt.so.1</arg>
  <severity>INFO</severity>
  <timestamp>Sat Apr 23 23:29:05 2022</timestamp>
</msg>
<msg id="60" tool="trc">
  <type>UNLOAD_MODULE</type>
  <arg>/lib64/libpthread.so.0</arg>
  <severity>INFO</severity>
  <timestamp>Sat Apr 23 23:29:05 2022</timestamp>
</msg>
<msg id="61" tool="trc">
  <type>UNLOAD_MODULE</type>
  <arg>/mnt/storage/software/languages/gcc-9.3/lib64/libgcc_s.so.1</arg>
  <severity>INFO</severity>
  <timestamp>Sat Apr 23 23:29:05 2022</timestamp>
</msg>
<msg id="62" tool="trc">
  <type>UNLOAD_MODULE</type>
  <arg>/lib64/libc.so.6</arg>
  <severity>INFO</severity>
  <timestamp>Sat Apr 23 23:29:05 2022</timestamp>
</msg>
<msg id="63" tool="trc">
  <type>UNLOAD_MODULE</type>
  <arg>/mnt/storage/software/languages/intel/intel-parallel_studio_xe_2020_u4/compilers_and_libraries_2020.4.304/linux/mpi/intel64/libfabric/lib/libfabric.so.1</arg>
  <severity>INFO</severity>
  <timestamp>Sat Apr 23 23:29:05 2022</timestamp>
</msg>
<msg id="64" tool="trc">
  <type>UNLOAD_MODULE</type>
  <arg>/lib64/libnuma.so.1</arg>
  <severity>INFO</severity>
  <timestamp>Sat Apr 23 23:29:05 2022</timestamp>
</msg>
<msg id="65" tool="trc">
  <type>UNLOAD_MODULE</type>
  <arg>/lib64/librdmacm.so.1</arg>
  <severity>INFO</severity>
  <timestamp>Sat Apr 23 23:29:05 2022</timestamp>
</msg>
<msg id="66" tool="trc">
  <type>UNLOAD_MODULE</type>
  <arg>/lib64/libibverbs.so.1</arg>
  <severity>INFO</severity>
  <timestamp>Sat Apr 23 23:29:05 2022</timestamp>
</msg>
<msg id="67" tool="trc">
  <type>UNLOAD_MODULE</type>
  <arg>/lib64/libnl-route-3.so.200</arg>
  <severity>INFO</severity>
  <timestamp>Sat Apr 23 23:29:05 2022</timestamp>
</msg>
<msg id="68" tool="trc">
  <type>UNLOAD_MODULE</type>
  <arg>/lib64/libnl-3.so.200</arg>
  <severity>INFO</severity>
  <timestamp>Sat Apr 23 23:29:05 2022</timestamp>
</msg>
<msg id="69" tool="trc">
  <type>UNLOAD_MODULE</type>
  <arg>/usr/lib64/libibverbs/libbnxt_re-rdmav22.so</arg>
  <severity>INFO</severity>
  <timestamp>Sat Apr 23 23:29:05 2022</timestamp>
</msg>
<msg id="70" tool="trc">
  <type>UNLOAD_MODULE</type>
  <arg>/usr/lib64/libibverbs/libcxgb3-rdmav22.so</arg>
  <severity>INFO</severity>
  <timestamp>Sat Apr 23 23:29:05 2022</timestamp>
</msg>
<msg id="71" tool="trc">
  <type>UNLOAD_MODULE</type>
  <arg>/usr/lib64/libibverbs/libcxgb4-rdmav22.so</arg>
  <severity>INFO</severity>
  <timestamp>Sat Apr 23 23:29:05 2022</timestamp>
</msg>
<msg id="72" tool="trc">
  <type>UNLOAD_MODULE</type>
  <arg>/usr/lib64/libibverbs/libhfi1verbs-rdmav22.so</arg>
  <severity>INFO</severity>
  <timestamp>Sat Apr 23 23:29:05 2022</timestamp>
</msg>
<msg id="73" tool="trc">
  <type>UNLOAD_MODULE</type>
  <arg>/usr/lib64/libibverbs/libhns-rdmav22.so</arg>
  <severity>INFO</severity>
  <timestamp>Sat Apr 23 23:29:05 2022</timestamp>
</msg>
<msg id="74" tool="trc">
  <type>UNLOAD_MODULE</type>
  <arg>/usr/lib64/libibverbs/libi40iw-rdmav22.so</arg>
  <severity>INFO</severity>
  <timestamp>Sat Apr 23 23:29:05 2022</timestamp>
</msg>
<msg id="75" tool="trc">
  <type>UNLOAD_MODULE</type>
  <arg>/usr/lib64/libibverbs/libipathverbs-rdmav22.so</arg>
  <severity>INFO</severity>
  <timestamp>Sat Apr 23 23:29:05 2022</timestamp>
</msg>
<msg id="76" tool="trc">
  <type>UNLOAD_MODULE</type>
  <arg>/usr/lib64/libibverbs/libmlx4-rdmav22.so</arg>
  <severity>INFO</severity>
  <timestamp>Sat Apr 23 23:29:05 2022</timestamp>
</msg>
<msg id="77" tool="trc">
  <type>UNLOAD_MODULE</type>
  <arg>/usr/lib64/libibverbs/libmlx5-rdmav22.so</arg>
  <severity>INFO</severity>
  <timestamp>Sat Apr 23 23:29:05 2022</timestamp>
</msg>
<msg id="78" tool="trc">
  <type>UNLOAD_MODULE</type>
  <arg>/usr/lib64/libibverbs/libmthca-rdmav22.so</arg>
  <severity>INFO</severity>
  <timestamp>Sat Apr 23 23:29:05 2022</timestamp>
</msg>
<msg id="79" tool="trc">
  <type>UNLOAD_MODULE</type>
  <arg>/usr/lib64/libibverbs/libnes-rdmav22.so</arg>
  <severity>INFO</severity>
  <timestamp>Sat Apr 23 23:29:05 2022</timestamp>
</msg>
<msg id="80" tool="trc">
  <type>UNLOAD_MODULE</type>
  <arg>/usr/lib64/libibverbs/libocrdma-rdmav22.so</arg>
  <severity>INFO</severity>
  <timestamp>Sat Apr 23 23:29:05 2022</timestamp>
</msg>
<msg id="81" tool="trc">
  <type>UNLOAD_MODULE</type>
  <arg>/usr/lib64/libibverbs/libqedr-rdmav22.so</arg>
  <severity>INFO</severity>
  <timestamp>Sat Apr 23 23:29:05 2022</timestamp>
</msg>
<msg id="82" tool="trc">
  <type>UNLOAD_MODULE</type>
  <arg>/usr/lib64/libibverbs/librxe-rdmav22.so</arg>
  <severity>INFO</severity>
  <timestamp>Sat Apr 23 23:29:05 2022</timestamp>
</msg>
<msg id="83" tool="trc">
  <type>UNLOAD_MODULE</type>
  <arg>/usr/lib64/libibverbs/libvmw_pvrdma-rdmav22.so</arg>
  <severity>INFO</severity>
  <timestamp>Sat Apr 23 23:29:05 2022</timestamp>
</msg>
<msg id="84" tool="trc">
  <type>PROCESS_FINISH</type>
  <arg>/user/home/fk19833/advanced-hpc-lbm/d2q9-bgk</arg>
  <arg>2042</arg>
  <arg>0x0</arg>
  <severity>INFO</severity>
  <timestamp>Sat Apr 23 23:29:05 2022</timestamp>
</msg>
<msg id="85" tool="runtool">
  <type>app-exit-code</type>
  <arg>0</arg>
</msg>
<msg id="86" tool="runtool">
  <type>marker-file</type>
  <arg>/user/home/fk19833/advanced-hpc-lbm/advisor4/rank.15/trc000/trc000.advixe</arg>
</msg>
<msg id="87" tool="runtool">
  <type>collector-done</type>
</msg>
<msg id="88" tool="runtool">
  <type>log-end</type>
  <arg>2022/04/24 00:29:08</arg>
</msg>

</log>

