11 [47405961404032] INFO perfrun.launcher <> - Launcher main begin
13 [47405961404032] INFO perfrun.launcher <> - MessageCatalogInit finished
13 [47405961404032] INFO perfrun.launcher <> - Launcher instance created
13 [47405961404032] INFO perfrun.launcher <> - argc = 7; cmdline = /mnt/storage/software/languages/intel/intel-parallel_studio_xe_2020_u4/advisor_2020.3.0.607294/bin64/advixe-runss --ui-output-format xml --ui-output-fd 6 --option-file /user/home/fk19833/advanced-hpc-lbm/advisor3/rank.30/hs001/config/runss.options 
21 [47405961404032] INFO perfrun.launcher <> - plugin remoteplug has been added successfully
21 [47405961404032] INFO perfrun.launcher <> - plugin system has been added successfully
21 [47405961404032] INFO perfrun.launcher <> - plugin vdso has been added successfully
21 [47405961404032] INFO perfrun.launcher <> - plugin itt has been added successfully
21 [47405961404032] INFO perfrun.launcher <> - plugin  has been added successfully
21 [47405961404032] INFO perfrun.launcher <> - plugin gpu has been added successfully
21 [47405961404032] INFO perfrun.launcher <> - plugin  has been added successfully
21 [47405961404032] INFO perfrun.launcher <> - plugin  has been added successfully
21 [47405961404032] INFO perfrun.launcher <> - plugin  has been added successfully
21 [47405961404032] INFO perfrun.launcher <> - plugin mrte has been added successfully
21 [47405961404032] INFO perfrun.launcher <> - plugin  has been added successfully
21 [47405961404032] INFO perfrun.launcher <> - plugin  has been added successfully
21 [47405961404032] INFO perfrun.launcher <> - plugin  has been added successfully
24 [47405961404032] INFO perfrun.launcher <> - plugin  has been added successfully
24 [47405961404032] INFO perfrun.launcher <> - plugin  has been added successfully
24 [47405961404032] INFO perfrun.launcher <> - plugin  has been added successfully
24 [47405961404032] INFO perfrun.launcher <> - plugin  has been added successfully
24 [47405961404032] INFO perfrun.launcher <> - plugin tpss has been added successfully
24 [47405961404032] INFO perfrun.launcher <> - plugin  has been added successfully
24 [47405961404032] INFO perfrun.launcher <> - plugin  has been added successfully
24 [47405961404032] INFO perfrun.launcher <> - plugin  has been added successfully
24 [47405961404032] INFO perfrun.launcher <> - plugin  has been added successfully
24 [47405961404032] INFO perfrun.launcher <> - plugin  has been added successfully
24 [47405961404032] INFO perfrun.launcher <> - plugin  has been added successfully
24 [47405961404032] INFO perfrun.launcher <> - plugin  has been added successfully
24 [47405961404032] INFO perfrun.launcher <> - plugin  has been added successfully
24 [47405961404032] INFO perfrun.launcher <> - plugin  has been added successfully
24 [47405961404032] INFO perfrun.launcher <> - plugin  has been added successfully
24 [47405961404032] INFO perfrun.launcher <> - the option was added --interval: Specify an interval of data collection (for example, sampling) in milliseconds.
24 [47405961404032] INFO perfrun.launcher <> - the option was added --follow-child: Profile process with or without children.
24 [47405961404032] INFO perfrun.launcher <> - the option was added --gelding: BADMSG: perfrun1.launcher.plugin_manager::gelding
24 [47405961404032] INFO perfrun.launcher <> - the option was added --time-source: Specify time source for measurement. Possible values: sys - wall clock time; tsc - time stamp counter; ext - time from an external source; auto - auto select accurate time source.
24 [47405961404032] INFO perfrun.launcher <> - the option was added --stack: Enable or disable collection of stacks.
24 [47405961404032] INFO perfrun.launcher <> - the option was added --stack-stitching: Enable or disable the stack stitching algorithm for Intel TBB-based applications.
25 [47405961404032] INFO perfrun.launcher <> - the option was added --type: Specify type of data to be collected. For example, --type cpu:counters,waiting:nostack,io.
28 [47405961404032] INFO perfrun.launcher <> - the option was added --mrte-mode: Specify Java/.NET/other managed runtime collection mode. Possible values: native - collect information only for native code; managed - collect information only for managed code; mixed - collect information for both managed and native code; auto - choose the mode based on binary type.
28 [47405961404032] INFO perfrun.launcher <> - the option was added --mrte-mode-list: List supported Java/.NET/other managed runtime collection modes.
28 [47405961404032] INFO perfrun.launcher <> - the option was added --mrte-type: Specify which managed runtimes to collect. Possible values: java - collect information for Java; dotnet - collect information for .NET; python - collect information for CPython. You can specify several values separated by comma.
28 [47405961404032] INFO perfrun.launcher <> - the option was added --mrte-type-list: List supported Java/.NET/other managed runtime types.
28 [47405961404032] INFO perfrun.launcher <> - the option was added --trace-strategy: Specify how to profile a process tree. <string> can be "<process>:trace:notrace" - profile the process but do not profile its children. Shorthand parameters: t - trace, nt - notrace. For example, "vtunedemo.exe:t:t".
28 [47405961404032] INFO perfrun.launcher <> - the option was added --collector: BADMSG: perfrun1.launcher.plugin_manager::collector
28 [47405961404032] INFO perfrun.launcher <> - the option was added --system-wide: Enable system-wide profiling. This mode may require additional permissions.
28 [47405961404032] INFO perfrun.launcher <> - the option was added --kvm-guest: Enable KVM guest OS profiling.
28 [47405961404032] INFO perfrun.launcher <> - the option was added --kvm-guest-kallsyms: Specify a local path to the /proc/kallsyms file copied from the guest OS for proper symbol resolution.
28 [47405961404032] INFO perfrun.launcher <> - the option was added --kvm-guest-modules: Specify a local path to the /proc/modules file copied from the guest OS for proper symbol resolution.
28 [47405961404032] INFO perfrun.launcher <> - the option was added --bandwidth-limits: Measure bandwidth limits
28 [47405961404032] INFO perfrun.launcher <> - the option was added --bandwidth-strategy: Bandwidth limits determination specific properties (example: --bandwidth-strategy array-size=0,duration=500).
28 [47405961404032] INFO perfrun.launcher <> - the option was added --bandwidth-config: List of benchmarks to run.
28 [47405961404032] INFO perfrun.launcher <> - the option was added --dump-vdso: Dump [vdso] to result directory
28 [47405961404032] INFO perfrun.launcher <> - the option was added --system-collector-config: Specify subcollectors. Possible values: all, container, device-info, none. Specify subcollectors. Possible values: all, vdso.
29 [47405961404032] INFO perfrun.launcher <> - the option was added --itt-config: Specify a sub-set of ITT API to collect.
29 [47405961404032] INFO perfrun.launcher <> - the option was added --itt-debug: Set pseudo-breakpoint at ITT API collector's start to enable the debugger to attach early.
29 [47405961404032] INFO perfrun.launcher <> - the option was added --gpu-config: Specify types of GPU data to be collected. Possible values: preset1, preset2.
29 [47405961404032] INFO perfrun.launcher <> - the option was added --gpu-debug: Enable self-testing of the GPGPU profiling collector.
29 [47405961404032] INFO perfrun.launcher <> - the option was added --gpu-counting: Collect GPU data in the counting mode.
29 [47405961404032] INFO perfrun.launcher <> - the option was added --stackwalk: Specify stack unwinding method. Possible values: online - unwind stacks during collection; offline - unwind stacks after collection is finished.
29 [47405961404032] INFO perfrun.launcher <> - the option was added --filter-include: Filter data during collection. Possible values: contended=<on|off> - filter out uncontended events; contended_nostack=<time> - filter out stacks for contended events that take less than <time> microseconds; wait=<time> - ignore transitions and blocks with wait time less than <time> microseconds; wait_nostack=<time> - filter out stacks for waits that take less than <time> microseconds.
29 [47405961404032] INFO perfrun.launcher <> - the option was added --debug-pin: Debug PIN tool and runtime.
29 [47405961404032] INFO perfrun.launcher <> - the option was added --debug-exception: Disallow the application to set own abnormal termination handler.
29 [47405961404032] INFO perfrun.launcher <> - the option was added --trace-type: Specify the trace file granularity. Possible values: per-thread - per-thread trace file generation; per-process - per-process trace file generation.
29 [47405961404032] INFO perfrun.launcher <> - the option was added --instrumentation-type: Specify type of instrumentation.
29 [47405961404032] INFO perfrun.launcher <> - the option was added --altstack: Enable or disable usage of altstacks for profiling signal handlers.
29 [47405961404032] INFO perfrun.launcher <> - the option was added --profiling-signal: Alternate profiling signal.
29 [47405961404032] INFO perfrun.launcher <> - the option was added --memory-strategy: Specify a minimal memory object size to be traced and a hash table size for faster objects search; for example: --memory-strategy obj-size-min=1024,hash-table-size=4096.
29 [47405961404032] INFO perfrun.launcher <> - the option was added --gpu-profiling-type: Specify a type of deep GPU profiling: none, bblatency, memlatency, instcount.
29 [47405961404032] INFO perfrun.launcher <> - the option was added --opencl-trace-mode: Specify OpenCL kernel tracing modes: 'default' to trace OpenCL kernels for Intel Graphics Driver only; 'epoch' for any non-Intel graphics, where OpenCL kernels will be traced and OpenCL profiling API timestamps will be interpreted as Unux Epoch time in nanoseconds; 'completion' to trace OpenCL kernels for any Graphics Driver and bind OpenCL profiling API timestamps to the timestamp of OpenCL completion callback.
29 [47405961404032] INFO perfrun.launcher <> - the option was added --gpu-kernels-to-profile: Specify a comma-separated list of GPU kernel names and invocations to be profiled in the following format: kernel_name[#start_idx#step#stop_idx], where kernel_name is the name of GPU kernel; start_idx is the number of the first invocation; and stop_idx is the number of the last invocation to be profiled.
31 [47405961404032] INFO perfrun.launcher <> - create msngr2::ICliToolContext
31 [47405961404032] INFO perfrun.launcher <> - create file finder object
31 [47405961404032] INFO perfrun.launcher <> - create a result directory: pattern = /user/home/fk19833/advanced-hpc-lbm/advisor3/rank.30/hs001 pid = 4294967295
34 [47405961404032] INFO perfrun.sdk <> - checked that the directory /user/home/fk19833/advanced-hpc-lbm/advisor3/rank.30/hs001 is a local directory
34 [47405961404032] INFO perfrun.sdk <> - the directory /user/home/fk19833/advanced-hpc-lbm/advisor3/rank.30/hs001 is located on a share or its FS ID is unknown 1196443219
34 [47405961404032] INFO perfrun.sdk <> - checked that the directory /tmp/advixe-tmp-fk19833 is a local directory
34 [47405961404032] INFO perfrun.sdk <> - the directory /tmp/advixe-tmp-fk19833 is a local directory with FS type ID 16914836
35 [47405961404032] INFO perfrun.launcher <> - Create a local result directory /tmp/advixe-tmp-fk19833/advixe-res-18358-13978600119108642 due to the user result path /user/home/fk19833/advanced-hpc-lbm/advisor3/rank.30/hs001 is located on a share
35 [47405961404032] INFO perfrun.launcher <> - create data directory = /tmp/advixe-tmp-fk19833/advixe-res-18358-13978600119108642/data.0
36 [47405961404032] INFO perfrun.launcher <> - create data directory = /user/home/fk19833/advanced-hpc-lbm/advisor3/rank.30/hs001/data.0
37 [47405961404032] INFO perfrun.launcher <> - Creating the master collection flag
41 [47405961404032] INFO perfrun.launcher <> - Done creating the master collection flag
44 [47406093432576] INFO perfrun.launcher <> - plugin [remoteplug] was disabled because it doesn't support the given collection type.
47 [47406093432576] INFO perfrun.sdk <> - Allocating TMU :/tmp/advixe-tmp-fk19833/advixe-res-18358-13978600119108642/data.0/systemcollector-18358-compute109.bc4.acrc.priv.sc
47 [47406093432576] INFO perfrun.launcher <> - plugin [] was disabled because it doesn't support the given collection type.
47 [47406093432576] INFO perfrun.launcher <> - plugin [gpu] was disabled because it doesn't support the given collection type.
47 [47406093432576] INFO perfrun.launcher <> - plugin [] was disabled because it doesn't support the given collection type.
47 [47406093432576] INFO perfrun.launcher <> - plugin [] was disabled because it doesn't support the given collection type.
47 [47406093432576] INFO perfrun.launcher <> - plugin [] was disabled because it doesn't support the given collection type.
47 [47406093432576] INFO perfrun.mrte <> - system-wide mode is 0
47 [47406093432576] INFO perfrun.mrte <> - Getting  mrte profiling environment ...
129 [47406093432576] INFO perfrun.mrte <> - INTEL_MRTE_DATA_DIR=/tmp/advixe-tmp-fk19833/advixe-res-18358-13978600119108642/data.0
129 [47406093432576] INFO perfrun.mrte <> - INTEL_MRTE_HOST_NAME=compute109.bc4.acrc.priv
129 [47406093432576] INFO perfrun.mrte <> - Data directory: /tmp/advixe-tmp-fk19833/advixe-res-18358-13978600119108642/data.0
129 [47406093432576] INFO perfrun.mrte <> - Mrte plugin is initialized
129 [47406093432576] INFO perfrun.launcher <> - plugin [] was disabled because it doesn't support the given collection type.
129 [47406093432576] INFO perfrun.launcher <> - plugin [] was disabled because it doesn't support the given collection type.
129 [47406093432576] INFO perfrun.launcher <> - plugin [] was disabled because it doesn't support the given collection type.
129 [47406093432576] INFO perfrun.launcher <> - plugin [] was disabled because it doesn't support the given collection type.
129 [47406093432576] INFO perfrun.launcher <> - plugin [] was disabled because it doesn't support the given collection type.
129 [47406093432576] INFO perfrun.launcher <> - plugin [] was disabled because it doesn't support the given collection type.
129 [47406093432576] INFO perfrun.launcher <> - plugin [] was disabled because it doesn't support the given collection type.
129 [47406093432576] INFO perfrun.tpss <> - initialize tpss controller
129 [47406093432576] INFO perfrun.tpss <> - configure collection mode: value = cpu:stack
129 [47406093432576] INFO perfrun.tpss <> - default obj-size-min=1024
129 [47406093432576] INFO perfrun.tpss <> - default hash-table-size=0
324 [47406093432576] INFO perfrun.launcher <> - plugin [] was disabled because it doesn't support the given collection type.
324 [47406093432576] INFO perfrun.launcher <> - plugin [] was disabled because it doesn't support the given collection type.
324 [47406093432576] INFO perfrun.launcher <> - plugin [] was disabled because it doesn't support the given collection type.
324 [47406093432576] INFO perfrun.launcher <> - plugin [] was disabled because it doesn't support the given collection type.
324 [47406093432576] INFO perfrun.launcher <> - plugin [] was disabled because it doesn't support the given collection type.
324 [47406093432576] INFO perfrun.launcher <> - plugin [] was disabled because it doesn't support the given collection type.
324 [47406093432576] INFO perfrun.launcher <> - plugin [] was disabled because it doesn't support the given collection type.
324 [47406093432576] INFO perfrun.launcher <> - plugin [] was disabled because it doesn't support the given collection type.
324 [47406093432576] INFO perfrun.launcher <> - plugin [] was disabled because it doesn't support the given collection type.
324 [47406093432576] INFO perfrun.launcher <> - plugin [] was disabled because it doesn't support the given collection type.
324 [47405961404032] INFO perfrun.launcher <> - set environment variable: LD_LIBRARY_PATH = /mnt/storage/software/languages/intel/intel-parallel_studio_xe_2020_u4/advisor_2020.3.0.607294/lib32/runtime:/mnt/storage/software/languages/intel/intel-parallel_studio_xe_2020_u4/advisor_2020.3.0.607294/lib64/runtime:/mnt/storage/software/languages/gcc-9.3/lib:/mnt/storage/software/languages/gcc-9.3/lib64:/mnt/storage/software/languages/intel/intel-parallel_studio_xe_2020_u4/itac/2020.3.036/intel64/slib:/mnt/storage/software/languages/intel/intel-parallel_studio_xe_2020_u4/compilers_and_libraries_2020.4.304/linux/compiler/lib/intel64_lin:/mnt/storage/software/languages/intel/intel-parallel_studio_xe_2020_u4/compilers_and_libraries_2020.4.304/linux/mpi/intel64/libfabric/lib:/mnt/storage/software/languages/intel/intel-parallel_studio_xe_2020_u4/compilers_and_libraries_2020.4.304/linux/mpi/intel64/lib/release:/mnt/storage/software/languages/intel/intel-parallel_studio_xe_2020_u4/compilers_and_libraries_2020.4.304/linux/mpi/intel64/lib:/mnt/storage/software/languages/intel/intel-parallel_studio_xe_2020_u4/compilers_and_libraries_2020.4.304/linux/ipp/lib/intel64:/mnt/storage/software/languages/intel/intel-parallel_studio_xe_2020_u4/compilers_and_libraries_2020.4.304/linux/mkl/lib/intel64_lin:/mnt/storage/software/languages/intel/intel-parallel_studio_xe_2020_u4/compilers_and_libraries_2020.4.304/linux/tbb/lib/intel64/gcc4.8:/mnt/storage/software/languages/intel/intel-parallel_studio_xe_2020_u4/debugger_2020/python/intel64/lib:/mnt/storage/software/languages/intel/intel-parallel_studio_xe_2020_u4/debugger_2020/libipt/intel64/lib:/mnt/storage/software/languages/intel/intel-parallel_studio_xe_2020_u4/compilers_and_libraries_2020.4.304/linux/daal/lib/intel64_lin:/mnt/storage/software/languages/intel/intel-parallel_studio_xe_2020_u4/compilers_and_libraries_2020.4.304/linux/daal/../tbb/lib/intel64_lin/gcc4.4:/mnt/storage/software/languages/intel/intel-parallel_studio_xe_2020_u4/compilers_and_libraries_2020.4.304/linux/daal/../tbb/lib/intel64_lin/gcc4.8:/mnt/storage/apps/bc4/slurm/21.08/lib
324 [47405961404032] INFO perfrun.launcher <> - set environment variable: INTEL_LIBITTNOTIFY32 = /mnt/storage/software/languages/intel/intel-parallel_studio_xe_2020_u4/advisor_2020.3.0.607294/lib32/runtime/libittnotify_collector.so
324 [47405961404032] INFO perfrun.launcher <> - set environment variable: INTEL_LIBITTNOTIFY64 = /mnt/storage/software/languages/intel/intel-parallel_studio_xe_2020_u4/advisor_2020.3.0.607294/lib64/runtime/libittnotify_collector.so
324 [47405961404032] INFO perfrun.launcher <> - set environment variable: INTEL_ITTNOTIFY_GROUPS = 
324 [47405961404032] INFO perfrun.launcher <> - set environment variable: INTEL_JIT_PROFILER32 = /mnt/storage/software/languages/intel/intel-parallel_studio_xe_2020_u4/advisor_2020.3.0.607294/lib32/runtime/libittnotify_collector.so
324 [47405961404032] INFO perfrun.launcher <> - set environment variable: INTEL_JIT_PROFILER64 = /mnt/storage/software/languages/intel/intel-parallel_studio_xe_2020_u4/advisor_2020.3.0.607294/lib64/runtime/libittnotify_collector.so
324 [47405961404032] INFO perfrun.launcher <> - set environment variable: VS_PROFILER = libittnotify_collector.so
324 [47405961404032] INFO perfrun.launcher <> - set environment variable: ENABLE_JITPROFILING = 1
324 [47405961404032] INFO perfrun.launcher <> - set environment variable: CL_CONFIG_USE_VTUNE = True
324 [47405961404032] INFO perfrun.launcher <> - set environment variable: __OCL_MIC_INTEL_LIBITTNOTIFY64 = /amplxe/results/libittnotify_collector.so
324 [47405961404032] INFO perfrun.launcher <> - set environment variable: __OCL_MIC_INTEL_JIT_PROFILER64 = /amplxe/results/libittnotify_collector.so
324 [47405961404032] INFO perfrun.launcher <> - set environment variable: LD_PRELOAD = libittnotify_collector.so:
324 [47405961404032] INFO perfrun.launcher <> - set environment variable: KMP_FORKJOIN_FRAMES = 0
324 [47405961404032] INFO perfrun.launcher <> - set environment variable: KMP_FORKJOIN_FRAMES_MODE = 0
325 [47405961404032] INFO perfrun.launcher <> - set environment variable: OMP_TOOL = disabled
325 [47405961404032] INFO perfrun.launcher <> - set environment variable: INTEL_MRTE_DATA_DIR = /tmp/advixe-tmp-fk19833/advixe-res-18358-13978600119108642/data.0
325 [47405961404032] INFO perfrun.launcher <> - set environment variable: INTEL_MRTE_HOST_NAME = compute109.bc4.acrc.priv
325 [47405961404032] INFO perfrun.launcher <> - RpcServer: run RPC server to handle requests
325 [47405961404032] INFO perfrun.launcher <> - Launcher: command line to start before modification = ./d2q9-bgk input_1024x1024.params obstacles_1024x1024.dat
325 [47405961404032] INFO perfrun.launcher <> - Launcher: command line to start after modification = /mnt/storage/software/languages/intel/intel-parallel_studio_xe_2020_u4/advisor_2020.3.0.607294/bin64/pin -error_file /tmp/advixe-tmp-fk19833/advixe-res-18358-13978600119108642/data.0/pinerr.tpsslog -detach_reattach -follow_execv -tool_load_option deepbind -t64 /mnt/storage/software/languages/intel/intel-parallel_studio_xe_2020_u4/advisor_2020.3.0.607294/lib64/libtpsstool.so -t /mnt/storage/software/languages/intel/intel-parallel_studio_xe_2020_u4/advisor_2020.3.0.607294/lib32/libtpsstool.so -server_name tpss_ipc.18358 -prd_dir /mnt/storage/software/languages/intel/intel-parallel_studio_xe_2020_u4/advisor_2020.3.0.607294 -- ./d2q9-bgk input_1024x1024.params obstacles_1024x1024.dat
326 [47405961404032] INFO perfrun.launcher <> - ProcessCreator object was created
326 [47405961404032] INFO perfrun.launcher <> - Launcher: the process was started in suspend mode
330 [47406093432576] WARN perfrun.system <> - Could not do anything with /sys/kernel/debug/kvm: boost::filesystem::status: Permission denied: "/sys/kernel/debug/kvm", at file: vcs/perfrun1/plugins/system/src/trace_writer.cpp:774
330 [47406093432576] WARN perfrun.system <> - Folder "/var/run/libvirt/qemu/"doesn't exist, at file: vcs/perfrun1/plugins/system/src/trace_writer.cpp:787
333 [47406093432576] WARN perfrun.sdk <> - Failed to find xl binary on any of the system paths: /bin, /sbin, /usr/bin, /usr/sbin., at file: vcs/perfrun1/sdk/src/utils.cpp:199
335 [47406093432576] INFO perfrun.vdso <> - Helper runtool '/mnt/storage/software/languages/intel/intel-parallel_studio_xe_2020_u4/advisor_2020.3.0.607294/bin32/advixe-runss -dump-vdso -r /tmp/advixe-tmp-fk19833/advixe-res-18358-13978600119108642 --tmp-dir /tmp/advixe-tmp-fk19833' returned 1
453 [47406093432576] INFO perfrun.vdso <> - Helper runtool '/mnt/storage/software/languages/intel/intel-parallel_studio_xe_2020_u4/advisor_2020.3.0.607294/bin64/advixe-runss -dump-vdso -r /tmp/advixe-tmp-fk19833/advixe-res-18358-13978600119108642 --tmp-dir /tmp/advixe-tmp-fk19833' returned 0
453 [47406093432576] INFO perfrun.itt <> - start itt controller for pid #18431
453 [47406093432576] INFO perfrun.tpss <> - start tpss controller for pid #18431
504 [47405961404032] INFO perfrun.launcher <> - Launcher: all plugins were started
504 [47405961404032] INFO perfrun.launcher <> - DirectoryMonitor object was created
504 [47405961404032] INFO perfrun.launcher <> - DirectoryMonitor: a callback was added
504 [47405961404032] INFO perfrun.launcher <> - DirectoryMonitor was started with pingTime = 1000
504 [47405961404032] INFO perfrun.launcher <> - DeadlineTimer is going to be constructed
504 [47405961404032] INFO perfrun.launcher <> - DeadlineTimer: a callback was added
526 [47405961404032] INFO perfrun.launcher <> - Launcher: resume the profiled application and  wait its termination or stop command
8932 [47405961404032] INFO perfrun.launcher <> - Launcher: the profiled application was terminated  with exit code = 0
8935 [47406093432576] INFO perfrun.itt <> - stop itt controller
8935 [47406093432576] INFO perfrun.itt <> - detach itt controller
8935 [47406093432576] INFO perfrun.tpss <> - stop tpss controller
8935 [47406093432576] INFO perfrun.sdk <> - De-allocating TMU: /tmp/advixe-tmp-fk19833/advixe-res-18358-13978600119108642/data.0/systemcollector-18358-compute109.bc4.acrc.priv.sc
8935 [47406093432576] INFO perfrun.system <> - closed the system trace file: /tmp/advixe-tmp-fk19833/advixe-res-18358-13978600119108642/data.0/systemcollector-18358-compute109.bc4.acrc.priv.sc
8936 [47405961404032] INFO perfrun.launcher <> - Launcher: all plugins were stopped.
8936 [47405961404032] INFO perfrun.launcher <> - DeadlineTimer is going to be destroyed
8936 [47405961404032] INFO perfrun.launcher <> - DeadlineTimer was destroyed
8936 [47405961404032] INFO perfrun.launcher <> - DirectoryMonitor object was destroyed
8936 [47405961404032] WARN perfrun.launcher <> - Stop command is ignored because it is received when collection is already stopped, at file: vcs/perfrun1/launcher/src/command_handler.cpp:212
8953 [47405961404032] INFO perfrun.launcher <> - Application exit code: 0
8953 [47405961404032] INFO perfrun.launcher <> - Exit code: 0
