<?xml version="1.0" encoding="utf-8"?>
<log version="1.0" tool="runtool">

<msg id="1" tool="runtool">
  <type>log-start</type>
  <arg>2022/04/24 00:40:40</arg>
</msg>
<msg id="2" tool="runtool">
  <type>collector-starts</type>
</msg>
<msg id="3" tool="runtool">
  <type>marker-file</type>
  <arg>/user/home/fk19833/advanced-hpc-lbm/advisor3/rank.30/trc001/trc001.advixe</arg>
</msg>
<msg id="4" tool="trc">
  <type>PROCESS_START</type>
  <arg>/user/home/fk19833/advanced-hpc-lbm/d2q9-bgk</arg>
  <arg>20206</arg>
  <severity>INFO</severity>
  <timestamp>Sat Apr 23 23:40:55 2022</timestamp>
</msg>
<msg id="5" tool="trc">
  <type>PROCESS_ANALYSIS_MODE</type>
  <arg>full</arg>
  <severity>INFO</severity>
  <timestamp>Sat Apr 23 23:40:55 2022</timestamp>
</msg>
<msg id="6" tool="trc">
  <type>LOAD_MODULE</type>
  <arg>/user/home/fk19833/advanced-hpc-lbm/d2q9-bgk</arg>
  <arg>0x400000</arg>
  <arg>0x6214bf</arg>
  <arg>yes</arg>
  <severity>INFO</severity>
  <timestamp>Sat Apr 23 23:40:55 2022</timestamp>
</msg>
<msg id="7" tool="trc">
  <type>LOAD_MODULE</type>
  <arg>/lib64/ld-linux-x86-64.so.2</arg>
  <arg>0x2b86fb832000</arg>
  <arg>0x2b86fba5514f</arg>
  <arg>yes</arg>
  <severity>INFO</severity>
  <timestamp>Sat Apr 23 23:40:55 2022</timestamp>
</msg>
<msg id="8" tool="trc">
  <type>LOAD_MODULE</type>
  <arg>[vdso]</arg>
  <arg>0x7ffdb623d000</arg>
  <arg>0x7ffdb623de6c</arg>
  <arg>no</arg>
  <severity>INFO</severity>
  <timestamp>Sat Apr 23 23:40:55 2022</timestamp>
</msg>
<msg id="9" tool="trc">
  <type>LOAD_MODULE</type>
  <arg>/lib64/libm.so.6</arg>
  <arg>0x2b8711464000</arg>
  <arg>0x2b8711765137</arg>
  <arg>yes</arg>
  <severity>INFO</severity>
  <timestamp>Sat Apr 23 23:40:55 2022</timestamp>
</msg>
<msg id="10" tool="trc">
  <type>LOAD_MODULE</type>
  <arg>/mnt/storage/software/languages/intel/intel-parallel_studio_xe_2020_u4/compilers_and_libraries_2020.4.304/linux/mpi/intel64/lib/libmpifort.so.12</arg>
  <arg>0x2b8711781000</arg>
  <arg>0x2b8711b3e817</arg>
  <arg>yes</arg>
  <severity>INFO</severity>
  <timestamp>Sat Apr 23 23:40:55 2022</timestamp>
</msg>
<msg id="11" tool="trc">
  <type>LOAD_MODULE</type>
  <arg>/mnt/storage/software/languages/intel/intel-parallel_studio_xe_2020_u4/compilers_and_libraries_2020.4.304/linux/mpi/intel64/lib/release/libmpi.so.12</arg>
  <arg>0x2b8711b4a000</arg>
  <arg>0x2b8712ea9217</arg>
  <arg>yes</arg>
  <severity>INFO</severity>
  <timestamp>Sat Apr 23 23:40:55 2022</timestamp>
</msg>
<msg id="12" tool="trc">
  <type>LOAD_MODULE</type>
  <arg>/lib64/libdl.so.2</arg>
  <arg>0x2b8712eae000</arg>
  <arg>0x2b87130b112f</arg>
  <arg>yes</arg>
  <severity>INFO</severity>
  <timestamp>Sat Apr 23 23:40:55 2022</timestamp>
</msg>
<msg id="13" tool="trc">
  <type>LOAD_MODULE</type>
  <arg>/lib64/librt.so.1</arg>
  <arg>0x2b87130b2000</arg>
  <arg>0x2b87132b9c37</arg>
  <arg>yes</arg>
  <severity>INFO</severity>
  <timestamp>Sat Apr 23 23:40:55 2022</timestamp>
</msg>
<msg id="14" tool="trc">
  <type>LOAD_MODULE</type>
  <arg>/lib64/libpthread.so.0</arg>
  <arg>0x2b87132ba000</arg>
  <arg>0x2b87134d5487</arg>
  <arg>yes</arg>
  <severity>INFO</severity>
  <timestamp>Sat Apr 23 23:40:55 2022</timestamp>
</msg>
<msg id="15" tool="trc">
  <type>LOAD_MODULE</type>
  <arg>/mnt/storage/software/languages/gcc-9.3/lib64/libgcc_s.so.1</arg>
  <arg>0x2b87134d6000</arg>
  <arg>0x2b87136ed44f</arg>
  <arg>yes</arg>
  <severity>INFO</severity>
  <timestamp>Sat Apr 23 23:40:55 2022</timestamp>
</msg>
<msg id="16" tool="trc">
  <type>LOAD_MODULE</type>
  <arg>/lib64/libc.so.6</arg>
  <arg>0x2b87136ee000</arg>
  <arg>0x2b8713abb1ff</arg>
  <arg>yes</arg>
  <severity>INFO</severity>
  <timestamp>Sat Apr 23 23:40:55 2022</timestamp>
</msg>
<msg id="17" tool="trc">
  <type>LOAD_MODULE</type>
  <arg>/mnt/storage/software/languages/intel/intel-parallel_studio_xe_2020_u4/compilers_and_libraries_2020.4.304/linux/mpi/intel64/libfabric/lib/libfabric.so.1</arg>
  <arg>0x2b8713acc000</arg>
  <arg>0x2b8713d0d777</arg>
  <arg>yes</arg>
  <severity>INFO</severity>
  <timestamp>Sat Apr 23 23:40:55 2022</timestamp>
</msg>
<msg id="18" tool="trc">
  <type>LOAD_MODULE</type>
  <arg>/lib64/libnuma.so.1</arg>
  <arg>0x2b87157e1000</arg>
  <arg>0x2b87159ec8bf</arg>
  <arg>no</arg>
  <severity>INFO</severity>
  <timestamp>Sat Apr 23 23:40:58 2022</timestamp>
</msg>
<msg id="19" tool="trc">
  <type>LOAD_MODULE</type>
  <arg>/mnt/storage/software/languages/intel/intel-parallel_studio_xe_2020_u4/compilers_and_libraries_2020.4.304/linux/mpi/intel64/libfabric/lib/prov/libsockets-fi.so</arg>
  <arg>0x2b87dba91000</arg>
  <arg>0x2b87dbce5e57</arg>
  <arg>yes</arg>
  <severity>INFO</severity>
  <timestamp>Sat Apr 23 23:40:59 2022</timestamp>
</msg>
<msg id="20" tool="trc">
  <type>LOAD_MODULE</type>
  <arg>/mnt/storage/software/languages/intel/intel-parallel_studio_xe_2020_u4/compilers_and_libraries_2020.4.304/linux/mpi/intel64/libfabric/lib/prov/libpsmx2-fi.so</arg>
  <arg>0x2b87dbd4e000</arg>
  <arg>0x2b87dbfc6837</arg>
  <arg>yes</arg>
  <severity>INFO</severity>
  <timestamp>Sat Apr 23 23:40:59 2022</timestamp>
</msg>
<msg id="21" tool="trc">
  <type>LOAD_MODULE</type>
  <arg>/lib64/libpsm2.so.2</arg>
  <arg>0x2b87dbfc7000</arg>
  <arg>0x2b87dc25acf7</arg>
  <arg>no</arg>
  <severity>INFO</severity>
  <timestamp>Sat Apr 23 23:40:59 2022</timestamp>
</msg>
<msg id="22" tool="trc">
  <type>LOAD_MODULE</type>
  <arg>/mnt/storage/software/languages/intel/intel-parallel_studio_xe_2020_u4/compilers_and_libraries_2020.4.304/linux/mpi/intel64/libfabric/lib/prov/librxm-fi.so</arg>
  <arg>0x2b87dc917000</arg>
  <arg>0x2b87dcb64b57</arg>
  <arg>yes</arg>
  <severity>INFO</severity>
  <timestamp>Sat Apr 23 23:40:59 2022</timestamp>
</msg>
<msg id="23" tool="trc">
  <type>LOAD_MODULE</type>
  <arg>/mnt/storage/software/languages/intel/intel-parallel_studio_xe_2020_u4/compilers_and_libraries_2020.4.304/linux/mpi/intel64/libfabric/lib/prov/libtcp-fi.so</arg>
  <arg>0x2b87dce56000</arg>
  <arg>0x2b87dd0926d7</arg>
  <arg>yes</arg>
  <severity>INFO</severity>
  <timestamp>Sat Apr 23 23:40:59 2022</timestamp>
</msg>
<msg id="24" tool="trc">
  <type>LOAD_MODULE</type>
  <arg>/mnt/storage/software/languages/intel/intel-parallel_studio_xe_2020_u4/compilers_and_libraries_2020.4.304/linux/mpi/intel64/libfabric/lib/prov/libshm-fi.so</arg>
  <arg>0x2b87dd093000</arg>
  <arg>0x2b87dd2d1837</arg>
  <arg>yes</arg>
  <severity>INFO</severity>
  <timestamp>Sat Apr 23 23:40:59 2022</timestamp>
</msg>
<msg id="25" tool="trc">
  <type>LOAD_MODULE</type>
  <arg>/mnt/storage/software/languages/intel/intel-parallel_studio_xe_2020_u4/compilers_and_libraries_2020.4.304/linux/mpi/intel64/libfabric/lib/prov/libverbs-fi.so</arg>
  <arg>0x2b87dd2d2000</arg>
  <arg>0x2b87dd521e57</arg>
  <arg>yes</arg>
  <severity>INFO</severity>
  <timestamp>Sat Apr 23 23:40:59 2022</timestamp>
</msg>
<msg id="26" tool="trc">
  <type>LOAD_MODULE</type>
  <arg>/lib64/librdmacm.so.1</arg>
  <arg>0x2b87dd522000</arg>
  <arg>0x2b87dd738267</arg>
  <arg>no</arg>
  <severity>INFO</severity>
  <timestamp>Sat Apr 23 23:40:59 2022</timestamp>
</msg>
<msg id="27" tool="trc">
  <type>LOAD_MODULE</type>
  <arg>/lib64/libibverbs.so.1</arg>
  <arg>0x2b87dd739000</arg>
  <arg>0x2b87dd95166f</arg>
  <arg>no</arg>
  <severity>INFO</severity>
  <timestamp>Sat Apr 23 23:40:59 2022</timestamp>
</msg>
<msg id="28" tool="trc">
  <type>LOAD_MODULE</type>
  <arg>/lib64/libnl-route-3.so.200</arg>
  <arg>0x2b87dd952000</arg>
  <arg>0x2b87ddbbe5bf</arg>
  <arg>no</arg>
  <severity>INFO</severity>
  <timestamp>Sat Apr 23 23:40:59 2022</timestamp>
</msg>
<msg id="29" tool="trc">
  <type>LOAD_MODULE</type>
  <arg>/lib64/libnl-3.so.200</arg>
  <arg>0x2b87ddbbf000</arg>
  <arg>0x2b87ddddf8c7</arg>
  <arg>no</arg>
  <severity>INFO</severity>
  <timestamp>Sat Apr 23 23:40:59 2022</timestamp>
</msg>
<msg id="30" tool="trc">
  <type>LOAD_MODULE</type>
  <arg>/usr/lib64/libibverbs/libbnxt_re-rdmav22.so</arg>
  <arg>0x2b87ddfc0000</arg>
  <arg>0x2b87de1c617f</arg>
  <arg>no</arg>
  <severity>INFO</severity>
  <timestamp>Sat Apr 23 23:41:00 2022</timestamp>
</msg>
<msg id="31" tool="trc">
  <type>LOAD_MODULE</type>
  <arg>/usr/lib64/libibverbs/libcxgb3-rdmav22.so</arg>
  <arg>0x2b87de1d5000</arg>
  <arg>0x2b87de3db177</arg>
  <arg>no</arg>
  <severity>INFO</severity>
  <timestamp>Sat Apr 23 23:41:00 2022</timestamp>
</msg>
<msg id="32" tool="trc">
  <type>LOAD_MODULE</type>
  <arg>/usr/lib64/libibverbs/libcxgb4-rdmav22.so</arg>
  <arg>0x2b87de3e3000</arg>
  <arg>0x2b87de5ed1ef</arg>
  <arg>no</arg>
  <severity>INFO</severity>
  <timestamp>Sat Apr 23 23:41:00 2022</timestamp>
</msg>
<msg id="33" tool="trc">
  <type>LOAD_MODULE</type>
  <arg>/usr/lib64/libibverbs/libhfi1verbs-rdmav22.so</arg>
  <arg>0x2b87de604000</arg>
  <arg>0x2b87de80814f</arg>
  <arg>no</arg>
  <severity>INFO</severity>
  <timestamp>Sat Apr 23 23:41:00 2022</timestamp>
</msg>
<msg id="34" tool="trc">
  <type>LOAD_MODULE</type>
  <arg>/usr/lib64/libibverbs/libhns-rdmav22.so</arg>
  <arg>0x2b87de809000</arg>
  <arg>0x2b87dea1118f</arg>
  <arg>no</arg>
  <severity>INFO</severity>
  <timestamp>Sat Apr 23 23:41:00 2022</timestamp>
</msg>
<msg id="35" tool="trc">
  <type>LOAD_MODULE</type>
  <arg>/usr/lib64/libibverbs/libi40iw-rdmav22.so</arg>
  <arg>0x2b87dea24000</arg>
  <arg>0x2b87dec2b137</arg>
  <arg>no</arg>
  <severity>INFO</severity>
  <timestamp>Sat Apr 23 23:41:00 2022</timestamp>
</msg>
<msg id="36" tool="trc">
  <type>LOAD_MODULE</type>
  <arg>/usr/lib64/libibverbs/libipathverbs-rdmav22.so</arg>
  <arg>0x2b87dec34000</arg>
  <arg>0x2b87dee3814f</arg>
  <arg>no</arg>
  <severity>INFO</severity>
  <timestamp>Sat Apr 23 23:41:00 2022</timestamp>
</msg>
<msg id="37" tool="trc">
  <type>LOAD_MODULE</type>
  <arg>/usr/lib64/libibverbs/libmlx4-rdmav22.so</arg>
  <arg>0x2b87dee39000</arg>
  <arg>0x2b87df044237</arg>
  <arg>no</arg>
  <severity>INFO</severity>
  <timestamp>Sat Apr 23 23:41:00 2022</timestamp>
</msg>
<msg id="38" tool="trc">
  <type>LOAD_MODULE</type>
  <arg>/usr/lib64/libibverbs/libmlx5-rdmav22.so</arg>
  <arg>0x2b87df05f000</arg>
  <arg>0x2b87df2863b7</arg>
  <arg>no</arg>
  <severity>INFO</severity>
  <timestamp>Sat Apr 23 23:41:00 2022</timestamp>
</msg>
<msg id="39" tool="trc">
  <type>LOAD_MODULE</type>
  <arg>/usr/lib64/libibverbs/libmthca-rdmav22.so</arg>
  <arg>0x2b87df2d9000</arg>
  <arg>0x2b87df4e117f</arg>
  <arg>no</arg>
  <severity>INFO</severity>
  <timestamp>Sat Apr 23 23:41:00 2022</timestamp>
</msg>
<msg id="40" tool="trc">
  <type>LOAD_MODULE</type>
  <arg>/usr/lib64/libibverbs/libnes-rdmav22.so</arg>
  <arg>0x2b87df4e2000</arg>
  <arg>0x2b87df6e8167</arg>
  <arg>no</arg>
  <severity>INFO</severity>
  <timestamp>Sat Apr 23 23:41:00 2022</timestamp>
</msg>
<msg id="41" tool="trc">
  <type>LOAD_MODULE</type>
  <arg>/usr/lib64/libibverbs/libocrdma-rdmav22.so</arg>
  <arg>0x2b87df6e9000</arg>
  <arg>0x2b87df8ef17f</arg>
  <arg>no</arg>
  <severity>INFO</severity>
  <timestamp>Sat Apr 23 23:41:00 2022</timestamp>
</msg>
<msg id="42" tool="trc">
  <type>LOAD_MODULE</type>
  <arg>/usr/lib64/libibverbs/libqedr-rdmav22.so</arg>
  <arg>0x2b87df8f0000</arg>
  <arg>0x2b87dfaf919f</arg>
  <arg>no</arg>
  <severity>INFO</severity>
  <timestamp>Sat Apr 23 23:41:00 2022</timestamp>
</msg>
<msg id="43" tool="trc">
  <type>LOAD_MODULE</type>
  <arg>/usr/lib64/libibverbs/librxe-rdmav22.so</arg>
  <arg>0x2b87dfb04000</arg>
  <arg>0x2b87dfd0816f</arg>
  <arg>no</arg>
  <severity>INFO</severity>
  <timestamp>Sat Apr 23 23:41:00 2022</timestamp>
</msg>
<msg id="44" tool="trc">
  <type>LOAD_MODULE</type>
  <arg>/usr/lib64/libibverbs/libvmw_pvrdma-rdmav22.so</arg>
  <arg>0x2b87dfd09000</arg>
  <arg>0x2b87dff0e16f</arg>
  <arg>no</arg>
  <severity>INFO</severity>
  <timestamp>Sat Apr 23 23:41:00 2022</timestamp>
</msg>
<msg id="45" tool="trc">
  <type>UNLOAD_MODULE</type>
  <arg>/mnt/storage/software/languages/intel/intel-parallel_studio_xe_2020_u4/compilers_and_libraries_2020.4.304/linux/mpi/intel64/libfabric/lib/prov/libpsmx2-fi.so</arg>
  <severity>INFO</severity>
  <timestamp>Sat Apr 23 23:41:20 2022</timestamp>
</msg>
<msg id="46" tool="trc">
  <type>UNLOAD_MODULE</type>
  <arg>/lib64/libpsm2.so.2</arg>
  <severity>INFO</severity>
  <timestamp>Sat Apr 23 23:41:20 2022</timestamp>
</msg>
<msg id="47" tool="trc">
  <type>UNLOAD_MODULE</type>
  <arg>/mnt/storage/software/languages/intel/intel-parallel_studio_xe_2020_u4/compilers_and_libraries_2020.4.304/linux/mpi/intel64/libfabric/lib/prov/librxm-fi.so</arg>
  <severity>INFO</severity>
  <timestamp>Sat Apr 23 23:41:20 2022</timestamp>
</msg>
<msg id="48" tool="trc">
  <type>UNLOAD_MODULE</type>
  <arg>/mnt/storage/software/languages/intel/intel-parallel_studio_xe_2020_u4/compilers_and_libraries_2020.4.304/linux/mpi/intel64/libfabric/lib/prov/libverbs-fi.so</arg>
  <severity>INFO</severity>
  <timestamp>Sat Apr 23 23:41:20 2022</timestamp>
</msg>
<msg id="49" tool="trc">
  <type>UNLOAD_MODULE</type>
  <arg>/mnt/storage/software/languages/intel/intel-parallel_studio_xe_2020_u4/compilers_and_libraries_2020.4.304/linux/mpi/intel64/libfabric/lib/prov/libtcp-fi.so</arg>
  <severity>INFO</severity>
  <timestamp>Sat Apr 23 23:41:20 2022</timestamp>
</msg>
<msg id="50" tool="trc">
  <type>UNLOAD_MODULE</type>
  <arg>/mnt/storage/software/languages/intel/intel-parallel_studio_xe_2020_u4/compilers_and_libraries_2020.4.304/linux/mpi/intel64/libfabric/lib/prov/libsockets-fi.so</arg>
  <severity>INFO</severity>
  <timestamp>Sat Apr 23 23:41:20 2022</timestamp>
</msg>
<msg id="51" tool="trc">
  <type>UNLOAD_MODULE</type>
  <arg>/mnt/storage/software/languages/intel/intel-parallel_studio_xe_2020_u4/compilers_and_libraries_2020.4.304/linux/mpi/intel64/libfabric/lib/prov/libshm-fi.so</arg>
  <severity>INFO</severity>
  <timestamp>Sat Apr 23 23:41:20 2022</timestamp>
</msg>
<msg id="52" tool="trc">
  <type>UNLOAD_MODULE</type>
  <arg>/user/home/fk19833/advanced-hpc-lbm/d2q9-bgk</arg>
  <severity>INFO</severity>
  <timestamp>Sat Apr 23 23:41:20 2022</timestamp>
</msg>
<msg id="53" tool="trc">
  <type>UNLOAD_MODULE</type>
  <arg>/lib64/ld-linux-x86-64.so.2</arg>
  <severity>INFO</severity>
  <timestamp>Sat Apr 23 23:41:20 2022</timestamp>
</msg>
<msg id="54" tool="trc">
  <type>UNLOAD_MODULE</type>
  <arg>[vdso]</arg>
  <severity>INFO</severity>
  <timestamp>Sat Apr 23 23:41:20 2022</timestamp>
</msg>
<msg id="55" tool="trc">
  <type>UNLOAD_MODULE</type>
  <arg>/lib64/libm.so.6</arg>
  <severity>INFO</severity>
  <timestamp>Sat Apr 23 23:41:20 2022</timestamp>
</msg>
<msg id="56" tool="trc">
  <type>UNLOAD_MODULE</type>
  <arg>/mnt/storage/software/languages/intel/intel-parallel_studio_xe_2020_u4/compilers_and_libraries_2020.4.304/linux/mpi/intel64/lib/libmpifort.so.12</arg>
  <severity>INFO</severity>
  <timestamp>Sat Apr 23 23:41:20 2022</timestamp>
</msg>
<msg id="57" tool="trc">
  <type>UNLOAD_MODULE</type>
  <arg>/mnt/storage/software/languages/intel/intel-parallel_studio_xe_2020_u4/compilers_and_libraries_2020.4.304/linux/mpi/intel64/lib/release/libmpi.so.12</arg>
  <severity>INFO</severity>
  <timestamp>Sat Apr 23 23:41:20 2022</timestamp>
</msg>
<msg id="58" tool="trc">
  <type>UNLOAD_MODULE</type>
  <arg>/lib64/libdl.so.2</arg>
  <severity>INFO</severity>
  <timestamp>Sat Apr 23 23:41:20 2022</timestamp>
</msg>
<msg id="59" tool="trc">
  <type>UNLOAD_MODULE</type>
  <arg>/lib64/librt.so.1</arg>
  <severity>INFO</severity>
  <timestamp>Sat Apr 23 23:41:20 2022</timestamp>
</msg>
<msg id="60" tool="trc">
  <type>UNLOAD_MODULE</type>
  <arg>/lib64/libpthread.so.0</arg>
  <severity>INFO</severity>
  <timestamp>Sat Apr 23 23:41:20 2022</timestamp>
</msg>
<msg id="61" tool="trc">
  <type>UNLOAD_MODULE</type>
  <arg>/mnt/storage/software/languages/gcc-9.3/lib64/libgcc_s.so.1</arg>
  <severity>INFO</severity>
  <timestamp>Sat Apr 23 23:41:20 2022</timestamp>
</msg>
<msg id="62" tool="trc">
  <type>UNLOAD_MODULE</type>
  <arg>/lib64/libc.so.6</arg>
  <severity>INFO</severity>
  <timestamp>Sat Apr 23 23:41:20 2022</timestamp>
</msg>
<msg id="63" tool="trc">
  <type>UNLOAD_MODULE</type>
  <arg>/mnt/storage/software/languages/intel/intel-parallel_studio_xe_2020_u4/compilers_and_libraries_2020.4.304/linux/mpi/intel64/libfabric/lib/libfabric.so.1</arg>
  <severity>INFO</severity>
  <timestamp>Sat Apr 23 23:41:20 2022</timestamp>
</msg>
<msg id="64" tool="trc">
  <type>UNLOAD_MODULE</type>
  <arg>/lib64/libnuma.so.1</arg>
  <severity>INFO</severity>
  <timestamp>Sat Apr 23 23:41:20 2022</timestamp>
</msg>
<msg id="65" tool="trc">
  <type>UNLOAD_MODULE</type>
  <arg>/lib64/librdmacm.so.1</arg>
  <severity>INFO</severity>
  <timestamp>Sat Apr 23 23:41:20 2022</timestamp>
</msg>
<msg id="66" tool="trc">
  <type>UNLOAD_MODULE</type>
  <arg>/lib64/libibverbs.so.1</arg>
  <severity>INFO</severity>
  <timestamp>Sat Apr 23 23:41:20 2022</timestamp>
</msg>
<msg id="67" tool="trc">
  <type>UNLOAD_MODULE</type>
  <arg>/lib64/libnl-route-3.so.200</arg>
  <severity>INFO</severity>
  <timestamp>Sat Apr 23 23:41:20 2022</timestamp>
</msg>
<msg id="68" tool="trc">
  <type>UNLOAD_MODULE</type>
  <arg>/lib64/libnl-3.so.200</arg>
  <severity>INFO</severity>
  <timestamp>Sat Apr 23 23:41:20 2022</timestamp>
</msg>
<msg id="69" tool="trc">
  <type>UNLOAD_MODULE</type>
  <arg>/usr/lib64/libibverbs/libbnxt_re-rdmav22.so</arg>
  <severity>INFO</severity>
  <timestamp>Sat Apr 23 23:41:20 2022</timestamp>
</msg>
<msg id="70" tool="trc">
  <type>UNLOAD_MODULE</type>
  <arg>/usr/lib64/libibverbs/libcxgb3-rdmav22.so</arg>
  <severity>INFO</severity>
  <timestamp>Sat Apr 23 23:41:20 2022</timestamp>
</msg>
<msg id="71" tool="trc">
  <type>UNLOAD_MODULE</type>
  <arg>/usr/lib64/libibverbs/libcxgb4-rdmav22.so</arg>
  <severity>INFO</severity>
  <timestamp>Sat Apr 23 23:41:20 2022</timestamp>
</msg>
<msg id="72" tool="trc">
  <type>UNLOAD_MODULE</type>
  <arg>/usr/lib64/libibverbs/libhfi1verbs-rdmav22.so</arg>
  <severity>INFO</severity>
  <timestamp>Sat Apr 23 23:41:20 2022</timestamp>
</msg>
<msg id="73" tool="trc">
  <type>UNLOAD_MODULE</type>
  <arg>/usr/lib64/libibverbs/libhns-rdmav22.so</arg>
  <severity>INFO</severity>
  <timestamp>Sat Apr 23 23:41:20 2022</timestamp>
</msg>
<msg id="74" tool="trc">
  <type>UNLOAD_MODULE</type>
  <arg>/usr/lib64/libibverbs/libi40iw-rdmav22.so</arg>
  <severity>INFO</severity>
  <timestamp>Sat Apr 23 23:41:20 2022</timestamp>
</msg>
<msg id="75" tool="trc">
  <type>UNLOAD_MODULE</type>
  <arg>/usr/lib64/libibverbs/libipathverbs-rdmav22.so</arg>
  <severity>INFO</severity>
  <timestamp>Sat Apr 23 23:41:20 2022</timestamp>
</msg>
<msg id="76" tool="trc">
  <type>UNLOAD_MODULE</type>
  <arg>/usr/lib64/libibverbs/libmlx4-rdmav22.so</arg>
  <severity>INFO</severity>
  <timestamp>Sat Apr 23 23:41:20 2022</timestamp>
</msg>
<msg id="77" tool="trc">
  <type>UNLOAD_MODULE</type>
  <arg>/usr/lib64/libibverbs/libmlx5-rdmav22.so</arg>
  <severity>INFO</severity>
  <timestamp>Sat Apr 23 23:41:20 2022</timestamp>
</msg>
<msg id="78" tool="trc">
  <type>UNLOAD_MODULE</type>
  <arg>/usr/lib64/libibverbs/libmthca-rdmav22.so</arg>
  <severity>INFO</severity>
  <timestamp>Sat Apr 23 23:41:20 2022</timestamp>
</msg>
<msg id="79" tool="trc">
  <type>UNLOAD_MODULE</type>
  <arg>/usr/lib64/libibverbs/libnes-rdmav22.so</arg>
  <severity>INFO</severity>
  <timestamp>Sat Apr 23 23:41:20 2022</timestamp>
</msg>
<msg id="80" tool="trc">
  <type>UNLOAD_MODULE</type>
  <arg>/usr/lib64/libibverbs/libocrdma-rdmav22.so</arg>
  <severity>INFO</severity>
  <timestamp>Sat Apr 23 23:41:20 2022</timestamp>
</msg>
<msg id="81" tool="trc">
  <type>UNLOAD_MODULE</type>
  <arg>/usr/lib64/libibverbs/libqedr-rdmav22.so</arg>
  <severity>INFO</severity>
  <timestamp>Sat Apr 23 23:41:20 2022</timestamp>
</msg>
<msg id="82" tool="trc">
  <type>UNLOAD_MODULE</type>
  <arg>/usr/lib64/libibverbs/librxe-rdmav22.so</arg>
  <severity>INFO</severity>
  <timestamp>Sat Apr 23 23:41:20 2022</timestamp>
</msg>
<msg id="83" tool="trc">
  <type>UNLOAD_MODULE</type>
  <arg>/usr/lib64/libibverbs/libvmw_pvrdma-rdmav22.so</arg>
  <severity>INFO</severity>
  <timestamp>Sat Apr 23 23:41:20 2022</timestamp>
</msg>
<msg id="84" tool="trc">
  <type>PROCESS_FINISH</type>
  <arg>/user/home/fk19833/advanced-hpc-lbm/d2q9-bgk</arg>
  <arg>20206</arg>
  <arg>0x0</arg>
  <severity>INFO</severity>
  <timestamp>Sat Apr 23 23:41:20 2022</timestamp>
</msg>
<msg id="85" tool="runtool">
  <type>app-exit-code</type>
  <arg>0</arg>
</msg>
<msg id="86" tool="runtool">
  <type>marker-file</type>
  <arg>/user/home/fk19833/advanced-hpc-lbm/advisor3/rank.30/trc001/trc001.advixe</arg>
</msg>
<msg id="87" tool="runtool">
  <type>collector-done</type>
</msg>
<msg id="88" tool="runtool">
  <type>log-end</type>
  <arg>2022/04/24 00:41:24</arg>
</msg>

</log>

