<?xml version="1.0" encoding="utf-8"?>
<log version="1.0" tool="runtool">

<msg id="1" tool="runtool">
  <type>log-start</type>
  <arg>2022/04/24 00:27:50</arg>
</msg>
<msg id="2" tool="runtool">
  <type>collector-starts</type>
</msg>
<msg id="3" tool="runtool">
  <type>marker-file</type>
  <arg>/user/home/fk19833/advanced-hpc-lbm/advisor3/rank.18/trc000/trc000.advixe</arg>
</msg>
<msg id="4" tool="trc">
  <type>PROCESS_START</type>
  <arg>/user/home/fk19833/advanced-hpc-lbm/d2q9-bgk</arg>
  <arg>31235</arg>
  <severity>INFO</severity>
  <timestamp>Sat Apr 23 23:28:05 2022</timestamp>
</msg>
<msg id="5" tool="trc">
  <type>PROCESS_ANALYSIS_MODE</type>
  <arg>full</arg>
  <severity>INFO</severity>
  <timestamp>Sat Apr 23 23:28:05 2022</timestamp>
</msg>
<msg id="6" tool="trc">
  <type>LOAD_MODULE</type>
  <arg>/user/home/fk19833/advanced-hpc-lbm/d2q9-bgk</arg>
  <arg>0x400000</arg>
  <arg>0x6214bf</arg>
  <arg>yes</arg>
  <severity>INFO</severity>
  <timestamp>Sat Apr 23 23:28:05 2022</timestamp>
</msg>
<msg id="7" tool="trc">
  <type>LOAD_MODULE</type>
  <arg>/lib64/ld-linux-x86-64.so.2</arg>
  <arg>0x2b88ca312000</arg>
  <arg>0x2b88ca53514f</arg>
  <arg>yes</arg>
  <severity>INFO</severity>
  <timestamp>Sat Apr 23 23:28:05 2022</timestamp>
</msg>
<msg id="8" tool="trc">
  <type>LOAD_MODULE</type>
  <arg>[vdso]</arg>
  <arg>0x7fffadd4a000</arg>
  <arg>0x7fffadd4ae6c</arg>
  <arg>no</arg>
  <severity>INFO</severity>
  <timestamp>Sat Apr 23 23:28:05 2022</timestamp>
</msg>
<msg id="9" tool="trc">
  <type>LOAD_MODULE</type>
  <arg>/lib64/libm.so.6</arg>
  <arg>0x2b88dfe22000</arg>
  <arg>0x2b88e0123137</arg>
  <arg>yes</arg>
  <severity>INFO</severity>
  <timestamp>Sat Apr 23 23:28:05 2022</timestamp>
</msg>
<msg id="10" tool="trc">
  <type>LOAD_MODULE</type>
  <arg>/mnt/storage/software/languages/intel/intel-parallel_studio_xe_2020_u4/compilers_and_libraries_2020.4.304/linux/mpi/intel64/lib/libmpifort.so.12</arg>
  <arg>0x2b88e013f000</arg>
  <arg>0x2b88e04fc817</arg>
  <arg>yes</arg>
  <severity>INFO</severity>
  <timestamp>Sat Apr 23 23:28:05 2022</timestamp>
</msg>
<msg id="11" tool="trc">
  <type>LOAD_MODULE</type>
  <arg>/mnt/storage/software/languages/intel/intel-parallel_studio_xe_2020_u4/compilers_and_libraries_2020.4.304/linux/mpi/intel64/lib/release/libmpi.so.12</arg>
  <arg>0x2b88e0508000</arg>
  <arg>0x2b88e1867217</arg>
  <arg>yes</arg>
  <severity>INFO</severity>
  <timestamp>Sat Apr 23 23:28:05 2022</timestamp>
</msg>
<msg id="12" tool="trc">
  <type>LOAD_MODULE</type>
  <arg>/lib64/libdl.so.2</arg>
  <arg>0x2b88e1868000</arg>
  <arg>0x2b88e1a6b12f</arg>
  <arg>yes</arg>
  <severity>INFO</severity>
  <timestamp>Sat Apr 23 23:28:05 2022</timestamp>
</msg>
<msg id="13" tool="trc">
  <type>LOAD_MODULE</type>
  <arg>/lib64/librt.so.1</arg>
  <arg>0x2b88e1a6c000</arg>
  <arg>0x2b88e1c73c37</arg>
  <arg>yes</arg>
  <severity>INFO</severity>
  <timestamp>Sat Apr 23 23:28:05 2022</timestamp>
</msg>
<msg id="14" tool="trc">
  <type>LOAD_MODULE</type>
  <arg>/lib64/libpthread.so.0</arg>
  <arg>0x2b88e1c74000</arg>
  <arg>0x2b88e1e8f487</arg>
  <arg>yes</arg>
  <severity>INFO</severity>
  <timestamp>Sat Apr 23 23:28:05 2022</timestamp>
</msg>
<msg id="15" tool="trc">
  <type>LOAD_MODULE</type>
  <arg>/mnt/storage/software/languages/gcc-9.3/lib64/libgcc_s.so.1</arg>
  <arg>0x2b88e1e90000</arg>
  <arg>0x2b88e20a744f</arg>
  <arg>yes</arg>
  <severity>INFO</severity>
  <timestamp>Sat Apr 23 23:28:05 2022</timestamp>
</msg>
<msg id="16" tool="trc">
  <type>LOAD_MODULE</type>
  <arg>/lib64/libc.so.6</arg>
  <arg>0x2b88e20a8000</arg>
  <arg>0x2b88e24751ff</arg>
  <arg>yes</arg>
  <severity>INFO</severity>
  <timestamp>Sat Apr 23 23:28:05 2022</timestamp>
</msg>
<msg id="17" tool="trc">
  <type>LOAD_MODULE</type>
  <arg>/mnt/storage/software/languages/intel/intel-parallel_studio_xe_2020_u4/compilers_and_libraries_2020.4.304/linux/mpi/intel64/libfabric/lib/libfabric.so.1</arg>
  <arg>0x2b88e248a000</arg>
  <arg>0x2b88e26cb777</arg>
  <arg>yes</arg>
  <severity>INFO</severity>
  <timestamp>Sat Apr 23 23:28:05 2022</timestamp>
</msg>
<msg id="18" tool="trc">
  <type>LOAD_MODULE</type>
  <arg>/lib64/libnuma.so.1</arg>
  <arg>0x2b88e41aa000</arg>
  <arg>0x2b88e43b58bf</arg>
  <arg>no</arg>
  <severity>INFO</severity>
  <timestamp>Sat Apr 23 23:28:08 2022</timestamp>
</msg>
<msg id="19" tool="trc">
  <type>LOAD_MODULE</type>
  <arg>/mnt/storage/software/languages/intel/intel-parallel_studio_xe_2020_u4/compilers_and_libraries_2020.4.304/linux/mpi/intel64/libfabric/lib/prov/libsockets-fi.so</arg>
  <arg>0x2b89aa462000</arg>
  <arg>0x2b89aa6b6e57</arg>
  <arg>yes</arg>
  <severity>INFO</severity>
  <timestamp>Sat Apr 23 23:28:09 2022</timestamp>
</msg>
<msg id="20" tool="trc">
  <type>LOAD_MODULE</type>
  <arg>/mnt/storage/software/languages/intel/intel-parallel_studio_xe_2020_u4/compilers_and_libraries_2020.4.304/linux/mpi/intel64/libfabric/lib/prov/libpsmx2-fi.so</arg>
  <arg>0x2b89aa71f000</arg>
  <arg>0x2b89aa997837</arg>
  <arg>yes</arg>
  <severity>INFO</severity>
  <timestamp>Sat Apr 23 23:28:09 2022</timestamp>
</msg>
<msg id="21" tool="trc">
  <type>LOAD_MODULE</type>
  <arg>/lib64/libpsm2.so.2</arg>
  <arg>0x2b89aa9aa000</arg>
  <arg>0x2b89aac3dcf7</arg>
  <arg>no</arg>
  <severity>INFO</severity>
  <timestamp>Sat Apr 23 23:28:09 2022</timestamp>
</msg>
<msg id="22" tool="trc">
  <type>LOAD_MODULE</type>
  <arg>/mnt/storage/software/languages/intel/intel-parallel_studio_xe_2020_u4/compilers_and_libraries_2020.4.304/linux/mpi/intel64/libfabric/lib/prov/librxm-fi.so</arg>
  <arg>0x2b89ab10c000</arg>
  <arg>0x2b89ab359b57</arg>
  <arg>yes</arg>
  <severity>INFO</severity>
  <timestamp>Sat Apr 23 23:28:09 2022</timestamp>
</msg>
<msg id="23" tool="trc">
  <type>LOAD_MODULE</type>
  <arg>/mnt/storage/software/languages/intel/intel-parallel_studio_xe_2020_u4/compilers_and_libraries_2020.4.304/linux/mpi/intel64/libfabric/lib/prov/libtcp-fi.so</arg>
  <arg>0x2b89ab436000</arg>
  <arg>0x2b89ab6726d7</arg>
  <arg>yes</arg>
  <severity>INFO</severity>
  <timestamp>Sat Apr 23 23:28:09 2022</timestamp>
</msg>
<msg id="24" tool="trc">
  <type>LOAD_MODULE</type>
  <arg>/mnt/storage/software/languages/intel/intel-parallel_studio_xe_2020_u4/compilers_and_libraries_2020.4.304/linux/mpi/intel64/libfabric/lib/prov/libshm-fi.so</arg>
  <arg>0x2b89ab74f000</arg>
  <arg>0x2b89ab98d837</arg>
  <arg>yes</arg>
  <severity>INFO</severity>
  <timestamp>Sat Apr 23 23:28:09 2022</timestamp>
</msg>
<msg id="25" tool="trc">
  <type>LOAD_MODULE</type>
  <arg>/mnt/storage/software/languages/intel/intel-parallel_studio_xe_2020_u4/compilers_and_libraries_2020.4.304/linux/mpi/intel64/libfabric/lib/prov/libverbs-fi.so</arg>
  <arg>0x2b89abab3000</arg>
  <arg>0x2b89abd02e57</arg>
  <arg>yes</arg>
  <severity>INFO</severity>
  <timestamp>Sat Apr 23 23:28:09 2022</timestamp>
</msg>
<msg id="26" tool="trc">
  <type>LOAD_MODULE</type>
  <arg>/lib64/librdmacm.so.1</arg>
  <arg>0x2b89abd15000</arg>
  <arg>0x2b89abf2b267</arg>
  <arg>no</arg>
  <severity>INFO</severity>
  <timestamp>Sat Apr 23 23:28:09 2022</timestamp>
</msg>
<msg id="27" tool="trc">
  <type>LOAD_MODULE</type>
  <arg>/lib64/libibverbs.so.1</arg>
  <arg>0x2b89abf2c000</arg>
  <arg>0x2b89ac14466f</arg>
  <arg>no</arg>
  <severity>INFO</severity>
  <timestamp>Sat Apr 23 23:28:09 2022</timestamp>
</msg>
<msg id="28" tool="trc">
  <type>LOAD_MODULE</type>
  <arg>/lib64/libnl-route-3.so.200</arg>
  <arg>0x2b89ac145000</arg>
  <arg>0x2b89ac3b15bf</arg>
  <arg>no</arg>
  <severity>INFO</severity>
  <timestamp>Sat Apr 23 23:28:09 2022</timestamp>
</msg>
<msg id="29" tool="trc">
  <type>LOAD_MODULE</type>
  <arg>/lib64/libnl-3.so.200</arg>
  <arg>0x2b89ac3b2000</arg>
  <arg>0x2b89ac5d28c7</arg>
  <arg>no</arg>
  <severity>INFO</severity>
  <timestamp>Sat Apr 23 23:28:09 2022</timestamp>
</msg>
<msg id="30" tool="trc">
  <type>LOAD_MODULE</type>
  <arg>/usr/lib64/libibverbs/libbnxt_re-rdmav22.so</arg>
  <arg>0x2b89ac808000</arg>
  <arg>0x2b89aca0e17f</arg>
  <arg>no</arg>
  <severity>INFO</severity>
  <timestamp>Sat Apr 23 23:28:10 2022</timestamp>
</msg>
<msg id="31" tool="trc">
  <type>LOAD_MODULE</type>
  <arg>/usr/lib64/libibverbs/libcxgb3-rdmav22.so</arg>
  <arg>0x2b89aca1d000</arg>
  <arg>0x2b89acc23177</arg>
  <arg>no</arg>
  <severity>INFO</severity>
  <timestamp>Sat Apr 23 23:28:10 2022</timestamp>
</msg>
<msg id="32" tool="trc">
  <type>LOAD_MODULE</type>
  <arg>/usr/lib64/libibverbs/libcxgb4-rdmav22.so</arg>
  <arg>0x2b89acc2b000</arg>
  <arg>0x2b89ace351ef</arg>
  <arg>no</arg>
  <severity>INFO</severity>
  <timestamp>Sat Apr 23 23:28:10 2022</timestamp>
</msg>
<msg id="33" tool="trc">
  <type>LOAD_MODULE</type>
  <arg>/usr/lib64/libibverbs/libhfi1verbs-rdmav22.so</arg>
  <arg>0x2b89ace4c000</arg>
  <arg>0x2b89ad05014f</arg>
  <arg>no</arg>
  <severity>INFO</severity>
  <timestamp>Sat Apr 23 23:28:10 2022</timestamp>
</msg>
<msg id="34" tool="trc">
  <type>LOAD_MODULE</type>
  <arg>/usr/lib64/libibverbs/libhns-rdmav22.so</arg>
  <arg>0x2b89ad051000</arg>
  <arg>0x2b89ad25918f</arg>
  <arg>no</arg>
  <severity>INFO</severity>
  <timestamp>Sat Apr 23 23:28:10 2022</timestamp>
</msg>
<msg id="35" tool="trc">
  <type>LOAD_MODULE</type>
  <arg>/usr/lib64/libibverbs/libi40iw-rdmav22.so</arg>
  <arg>0x2b89ad26c000</arg>
  <arg>0x2b89ad473137</arg>
  <arg>no</arg>
  <severity>INFO</severity>
  <timestamp>Sat Apr 23 23:28:10 2022</timestamp>
</msg>
<msg id="36" tool="trc">
  <type>LOAD_MODULE</type>
  <arg>/usr/lib64/libibverbs/libipathverbs-rdmav22.so</arg>
  <arg>0x2b89ad47c000</arg>
  <arg>0x2b89ad68014f</arg>
  <arg>no</arg>
  <severity>INFO</severity>
  <timestamp>Sat Apr 23 23:28:10 2022</timestamp>
</msg>
<msg id="37" tool="trc">
  <type>LOAD_MODULE</type>
  <arg>/usr/lib64/libibverbs/libmlx4-rdmav22.so</arg>
  <arg>0x2b89ad681000</arg>
  <arg>0x2b89ad88c237</arg>
  <arg>no</arg>
  <severity>INFO</severity>
  <timestamp>Sat Apr 23 23:28:10 2022</timestamp>
</msg>
<msg id="38" tool="trc">
  <type>LOAD_MODULE</type>
  <arg>/usr/lib64/libibverbs/libmlx5-rdmav22.so</arg>
  <arg>0x2b89ad8a7000</arg>
  <arg>0x2b89adace3b7</arg>
  <arg>no</arg>
  <severity>INFO</severity>
  <timestamp>Sat Apr 23 23:28:10 2022</timestamp>
</msg>
<msg id="39" tool="trc">
  <type>LOAD_MODULE</type>
  <arg>/usr/lib64/libibverbs/libmthca-rdmav22.so</arg>
  <arg>0x2b89adb21000</arg>
  <arg>0x2b89add2917f</arg>
  <arg>no</arg>
  <severity>INFO</severity>
  <timestamp>Sat Apr 23 23:28:10 2022</timestamp>
</msg>
<msg id="40" tool="trc">
  <type>LOAD_MODULE</type>
  <arg>/usr/lib64/libibverbs/libnes-rdmav22.so</arg>
  <arg>0x2b89add2a000</arg>
  <arg>0x2b89adf30167</arg>
  <arg>no</arg>
  <severity>INFO</severity>
  <timestamp>Sat Apr 23 23:28:10 2022</timestamp>
</msg>
<msg id="41" tool="trc">
  <type>LOAD_MODULE</type>
  <arg>/usr/lib64/libibverbs/libocrdma-rdmav22.so</arg>
  <arg>0x2b89adf31000</arg>
  <arg>0x2b89ae13717f</arg>
  <arg>no</arg>
  <severity>INFO</severity>
  <timestamp>Sat Apr 23 23:28:10 2022</timestamp>
</msg>
<msg id="42" tool="trc">
  <type>LOAD_MODULE</type>
  <arg>/usr/lib64/libibverbs/libqedr-rdmav22.so</arg>
  <arg>0x2b89ae138000</arg>
  <arg>0x2b89ae34119f</arg>
  <arg>no</arg>
  <severity>INFO</severity>
  <timestamp>Sat Apr 23 23:28:10 2022</timestamp>
</msg>
<msg id="43" tool="trc">
  <type>LOAD_MODULE</type>
  <arg>/usr/lib64/libibverbs/librxe-rdmav22.so</arg>
  <arg>0x2b89ae342000</arg>
  <arg>0x2b89ae54616f</arg>
  <arg>no</arg>
  <severity>INFO</severity>
  <timestamp>Sat Apr 23 23:28:10 2022</timestamp>
</msg>
<msg id="44" tool="trc">
  <type>LOAD_MODULE</type>
  <arg>/usr/lib64/libibverbs/libvmw_pvrdma-rdmav22.so</arg>
  <arg>0x2b89ae547000</arg>
  <arg>0x2b89ae74c16f</arg>
  <arg>no</arg>
  <severity>INFO</severity>
  <timestamp>Sat Apr 23 23:28:10 2022</timestamp>
</msg>
<msg id="45" tool="trc">
  <type>UNLOAD_MODULE</type>
  <arg>/mnt/storage/software/languages/intel/intel-parallel_studio_xe_2020_u4/compilers_and_libraries_2020.4.304/linux/mpi/intel64/libfabric/lib/prov/libpsmx2-fi.so</arg>
  <severity>INFO</severity>
  <timestamp>Sat Apr 23 23:28:12 2022</timestamp>
</msg>
<msg id="46" tool="trc">
  <type>UNLOAD_MODULE</type>
  <arg>/lib64/libpsm2.so.2</arg>
  <severity>INFO</severity>
  <timestamp>Sat Apr 23 23:28:12 2022</timestamp>
</msg>
<msg id="47" tool="trc">
  <type>UNLOAD_MODULE</type>
  <arg>/mnt/storage/software/languages/intel/intel-parallel_studio_xe_2020_u4/compilers_and_libraries_2020.4.304/linux/mpi/intel64/libfabric/lib/prov/librxm-fi.so</arg>
  <severity>INFO</severity>
  <timestamp>Sat Apr 23 23:28:12 2022</timestamp>
</msg>
<msg id="48" tool="trc">
  <type>UNLOAD_MODULE</type>
  <arg>/mnt/storage/software/languages/intel/intel-parallel_studio_xe_2020_u4/compilers_and_libraries_2020.4.304/linux/mpi/intel64/libfabric/lib/prov/libverbs-fi.so</arg>
  <severity>INFO</severity>
  <timestamp>Sat Apr 23 23:28:12 2022</timestamp>
</msg>
<msg id="49" tool="trc">
  <type>UNLOAD_MODULE</type>
  <arg>/mnt/storage/software/languages/intel/intel-parallel_studio_xe_2020_u4/compilers_and_libraries_2020.4.304/linux/mpi/intel64/libfabric/lib/prov/libtcp-fi.so</arg>
  <severity>INFO</severity>
  <timestamp>Sat Apr 23 23:28:12 2022</timestamp>
</msg>
<msg id="50" tool="trc">
  <type>UNLOAD_MODULE</type>
  <arg>/mnt/storage/software/languages/intel/intel-parallel_studio_xe_2020_u4/compilers_and_libraries_2020.4.304/linux/mpi/intel64/libfabric/lib/prov/libsockets-fi.so</arg>
  <severity>INFO</severity>
  <timestamp>Sat Apr 23 23:28:12 2022</timestamp>
</msg>
<msg id="51" tool="trc">
  <type>UNLOAD_MODULE</type>
  <arg>/mnt/storage/software/languages/intel/intel-parallel_studio_xe_2020_u4/compilers_and_libraries_2020.4.304/linux/mpi/intel64/libfabric/lib/prov/libshm-fi.so</arg>
  <severity>INFO</severity>
  <timestamp>Sat Apr 23 23:28:12 2022</timestamp>
</msg>
<msg id="52" tool="pin">
  <type>2</type>
  <description>Source/pin/vm/jit.cpp: RecoverSCTAndIPCInTrace: 748: assertion failed: region-&gt;Type() != REGION_INVALID </description>
  <severity>ERROR</severity>
  <timestamp>Sat Apr 23 23:28:12 2022 </timestamp>
  <pinversion>3.14</pinversion>
  <kitnumber>98223</kitnumber>
</msg>
<msg id="53" tool="runtool">
  <type>app-exit-code</type>
  <arg>255</arg>
</msg>
<msg id="54" tool="runtool">
  <type>marker-file</type>
  <arg>/user/home/fk19833/advanced-hpc-lbm/advisor3/rank.18/trc000/trc000.advixe</arg>
</msg>
<msg id="55" tool="runtool">
  <type>collector-done</type>
</msg>
<msg id="56" tool="runtool">
  <type>log-end</type>
  <arg>2022/04/24 00:28:17</arg>
</msg>

</log>

