<?xml version="1.0" encoding="utf-8" ?>
<!-- DO NOT EDIT THIS FILE -->

<log version='2.0' source='trc'>
	<msg id='1' display='false' source='trc'>
		<type>PROCESS_START</type>
		<severity>INFO</severity>
		<timestamp>Fri Apr 22 23:11:53 2022</timestamp>
		<arg name='process'>/user/home/fk19833/advanced-hpc-lbm/d2q9-bgk</arg>
		<arg name='pid'>29904</arg>
	</msg>
	<!-- Instrumentation filter's state:
    Patterns applicability:
        Generic loop pattern.....................: enabled
        Generic loop pattern (with dynamic jumps): enabled
        Known trip value loop pattern............: enabled
        Runtime final value loop pattern.........: enabled
        No initial IV loop pattern...............: enabled
        IV step only loop pattern................: enabled
        No entry loop pattern....................: enabled
    Clustered memory model (CMM) applicability:
        Generic loop pattern.....................: enabled
        Generic loop pattern (with dynamic jumps): enabled
        Known trip value loop pattern............: enabled
        Runtime final value loop pattern.........: enabled
        No initial IV loop pattern...............: enabled
        IV step only loop pattern................: enabled
        No entry loop pattern....................: disabled
 -->
	<!-- Callstack mode:
    filter modules.........: true
    filter routines........: true
    count loops............: false
    count flops............: false
    trace..................: false
    extended trace.........: false
    omp trace..............: false
    jit trace..............: false
    failures trace.........: false
    dump raw...............: false
    dump final.............: false
    dump all...............: false
    stack stitching........: true
    stl profiling..........: true
    aggressive frame switch: true
    unwind frame exit......: true
    analyze child loops....: true
 -->
	<!-- Managed application profiling: -->
	<!-- 	State...................: enabled -->
	<!-- Gpu Profiling: -->
	<!-- 	State: disabled -->
	<msg id='2' display='false' source='trc'>
		<type>PROCESS_ANALYSIS_MODE</type>
		<severity>INFO</severity>
		<timestamp>Fri Apr 22 23:11:53 2022</timestamp>
		<arg name='mode'>full</arg>
	</msg>
	<msg id='3' display='false' source='trc'>
		<type>LOAD_MODULE</type>
		<severity>INFO</severity>
		<timestamp>Fri Apr 22 23:11:53 2022</timestamp>
		<arg name='module'>/user/home/fk19833/advanced-hpc-lbm/d2q9-bgk</arg>
		<arg name='basement'>0x400000</arg>
		<arg name='ceiling'>0x6214bf</arg>
		<arg name='symtab'>yes</arg>
	</msg>
	<!-- Instrumenting image: id = 1, name = /user/home/fk19833/advanced-hpc-lbm/d2q9-bgk -->
	<!-- Instrumenting loops in routine "main" -->
	<!-- Instrumenting loops in routine "timestep_mpi_4" -->
	<!-- skipping routine "__intel_avx_rep_memcpy", reason cannot build control-flow graph (HasInvalidJumpTarget) -->
	<msg id='4' display='false' source='trc'>
		<type>LOAD_MODULE</type>
		<severity>INFO</severity>
		<timestamp>Fri Apr 22 23:11:53 2022</timestamp>
		<arg name='module'>/lib64/ld-linux-x86-64.so.2</arg>
		<arg name='basement'>0x2ac4ea362000</arg>
		<arg name='ceiling'>0x2ac4ea58514f</arg>
		<arg name='symtab'>yes</arg>
	</msg>
	<!-- Instrumentation of /lib64/ld-linux-x86-64.so.2 image skipped because of filter conditions. -->
	<msg id='5' display='false' source='trc'>
		<type>LOAD_MODULE</type>
		<severity>INFO</severity>
		<timestamp>Fri Apr 22 23:11:53 2022</timestamp>
		<arg name='module'>[vdso]</arg>
		<arg name='basement'>0x7fffd6169000</arg>
		<arg name='ceiling'>0x7fffd6169e6c</arg>
		<arg name='symtab'>no</arg>
	</msg>
	<!-- Instrumentation of [vdso] image skipped because of filter conditions [cs-mode]. -->
	<msg id='6' display='false' source='trc'>
		<type>LOAD_MODULE</type>
		<severity>INFO</severity>
		<timestamp>Fri Apr 22 23:11:53 2022</timestamp>
		<arg name='module'>/lib64/libm.so.6</arg>
		<arg name='basement'>0x2ac4fff18000</arg>
		<arg name='ceiling'>0x2ac500219137</arg>
		<arg name='symtab'>yes</arg>
	</msg>
	<!-- Instrumentation of /lib64/libm.so.6 image skipped because of filter conditions [cs-mode]. -->
	<msg id='7' display='false' source='trc'>
		<type>LOAD_MODULE</type>
		<severity>INFO</severity>
		<timestamp>Fri Apr 22 23:11:53 2022</timestamp>
		<arg name='module'>/mnt/storage/software/languages/intel/intel-parallel_studio_xe_2020_u4/compilers_and_libraries_2020.4.304/linux/mpi/intel64/lib/libmpifort.so.12</arg>
		<arg name='basement'>0x2ac500235000</arg>
		<arg name='ceiling'>0x2ac5005f2817</arg>
		<arg name='symtab'>yes</arg>
	</msg>
	<!-- Instrumentation of /mnt/storage/software/languages/intel/intel-parallel_studio_xe_2020_u4/compilers_and_libraries_2020.4.304/linux/mpi/intel64/lib/libmpifort.so.12 image skipped because of filter conditions [cs-mode]. -->
	<msg id='8' display='false' source='trc'>
		<type>LOAD_MODULE</type>
		<severity>INFO</severity>
		<timestamp>Fri Apr 22 23:11:53 2022</timestamp>
		<arg name='module'>/mnt/storage/software/languages/intel/intel-parallel_studio_xe_2020_u4/compilers_and_libraries_2020.4.304/linux/mpi/intel64/lib/release/libmpi.so.12</arg>
		<arg name='basement'>0x2ac5005fe000</arg>
		<arg name='ceiling'>0x2ac50195d217</arg>
		<arg name='symtab'>yes</arg>
	</msg>
	<!-- Instrumentation of /mnt/storage/software/languages/intel/intel-parallel_studio_xe_2020_u4/compilers_and_libraries_2020.4.304/linux/mpi/intel64/lib/release/libmpi.so.12 image skipped because of filter conditions. -->
	<msg id='9' display='false' source='trc'>
		<type>LOAD_MODULE</type>
		<severity>INFO</severity>
		<timestamp>Fri Apr 22 23:11:53 2022</timestamp>
		<arg name='module'>/lib64/libdl.so.2</arg>
		<arg name='basement'>0x2ac501962000</arg>
		<arg name='ceiling'>0x2ac501b6512f</arg>
		<arg name='symtab'>yes</arg>
	</msg>
	<!-- Instrumentation of /lib64/libdl.so.2 image skipped because of filter conditions [cs-mode]. -->
	<msg id='10' display='false' source='trc'>
		<type>LOAD_MODULE</type>
		<severity>INFO</severity>
		<timestamp>Fri Apr 22 23:11:53 2022</timestamp>
		<arg name='module'>/lib64/librt.so.1</arg>
		<arg name='basement'>0x2ac501b66000</arg>
		<arg name='ceiling'>0x2ac501d6dc37</arg>
		<arg name='symtab'>yes</arg>
	</msg>
	<!-- Instrumentation of /lib64/librt.so.1 image skipped because of filter conditions [cs-mode]. -->
	<msg id='11' display='false' source='trc'>
		<type>LOAD_MODULE</type>
		<severity>INFO</severity>
		<timestamp>Fri Apr 22 23:11:53 2022</timestamp>
		<arg name='module'>/lib64/libpthread.so.0</arg>
		<arg name='basement'>0x2ac501d6e000</arg>
		<arg name='ceiling'>0x2ac501f89487</arg>
		<arg name='symtab'>yes</arg>
	</msg>
	<!-- Instrumentation of /lib64/libpthread.so.0 image skipped because of filter conditions [cs-mode]. -->
	<msg id='12' display='false' source='trc'>
		<type>LOAD_MODULE</type>
		<severity>INFO</severity>
		<timestamp>Fri Apr 22 23:11:53 2022</timestamp>
		<arg name='module'>/mnt/storage/software/languages/gcc-9.3/lib64/libgcc_s.so.1</arg>
		<arg name='basement'>0x2ac501f8a000</arg>
		<arg name='ceiling'>0x2ac5021a144f</arg>
		<arg name='symtab'>yes</arg>
	</msg>
	<!-- Instrumentation of /mnt/storage/software/languages/gcc-9.3/lib64/libgcc_s.so.1 image skipped because of filter conditions [cs-mode]. -->
	<msg id='13' display='false' source='trc'>
		<type>LOAD_MODULE</type>
		<severity>INFO</severity>
		<timestamp>Fri Apr 22 23:11:53 2022</timestamp>
		<arg name='module'>/lib64/libc.so.6</arg>
		<arg name='basement'>0x2ac5021a2000</arg>
		<arg name='ceiling'>0x2ac50256f1ff</arg>
		<arg name='symtab'>yes</arg>
	</msg>
	<!-- Instrumentation of /lib64/libc.so.6 image skipped because of filter conditions. -->
	<msg id='14' display='false' source='trc'>
		<type>LOAD_MODULE</type>
		<severity>INFO</severity>
		<timestamp>Fri Apr 22 23:11:53 2022</timestamp>
		<arg name='module'>/mnt/storage/software/languages/intel/intel-parallel_studio_xe_2020_u4/compilers_and_libraries_2020.4.304/linux/mpi/intel64/libfabric/lib/libfabric.so.1</arg>
		<arg name='basement'>0x2ac502580000</arg>
		<arg name='ceiling'>0x2ac5027c1777</arg>
		<arg name='symtab'>yes</arg>
	</msg>
	<!-- Instrumenting image: id = 12, name = /mnt/storage/software/languages/intel/intel-parallel_studio_xe_2020_u4/compilers_and_libraries_2020.4.304/linux/mpi/intel64/libfabric/lib/libfabric.so.1 -->
	<!-- Instrumenting loops in routine "fi_ini" -->
	<!-- Instrumenting loops in routine "fi_getinfo" -->
	<msg id='15' display='false' source='trc'>
		<type>LOAD_MODULE</type>
		<severity>INFO</severity>
		<timestamp>Fri Apr 22 23:11:56 2022</timestamp>
		<arg name='module'>/lib64/libnuma.so.1</arg>
		<arg name='basement'>0x2ac5042de000</arg>
		<arg name='ceiling'>0x2ac5044e98bf</arg>
		<arg name='symtab'>no</arg>
	</msg>
	<!-- Instrumentation of /lib64/libnuma.so.1 image skipped because of filter conditions [cs-mode]. -->
	<msg id='16' display='false' source='trc'>
		<type>LOAD_MODULE</type>
		<severity>INFO</severity>
		<timestamp>Fri Apr 22 23:11:57 2022</timestamp>
		<arg name='module'>/mnt/storage/software/languages/intel/intel-parallel_studio_xe_2020_u4/compilers_and_libraries_2020.4.304/linux/mpi/intel64/libfabric/lib/prov/libsockets-fi.so</arg>
		<arg name='basement'>0x2ac5ff690000</arg>
		<arg name='ceiling'>0x2ac5ff8e4e57</arg>
		<arg name='symtab'>yes</arg>
	</msg>
	<!-- Instrumentation of /mnt/storage/software/languages/intel/intel-parallel_studio_xe_2020_u4/compilers_and_libraries_2020.4.304/linux/mpi/intel64/libfabric/lib/prov/libsockets-fi.so image skipped because of filter conditions [cs-mode]. -->
	<msg id='17' display='false' source='trc'>
		<type>LOAD_MODULE</type>
		<severity>INFO</severity>
		<timestamp>Fri Apr 22 23:11:57 2022</timestamp>
		<arg name='module'>/mnt/storage/software/languages/intel/intel-parallel_studio_xe_2020_u4/compilers_and_libraries_2020.4.304/linux/mpi/intel64/libfabric/lib/prov/libpsmx2-fi.so</arg>
		<arg name='basement'>0x2ac5ff9dd000</arg>
		<arg name='ceiling'>0x2ac5ffc55837</arg>
		<arg name='symtab'>yes</arg>
	</msg>
	<!-- Instrumenting image: id = 15, name = /mnt/storage/software/languages/intel/intel-parallel_studio_xe_2020_u4/compilers_and_libraries_2020.4.304/linux/mpi/intel64/libfabric/lib/prov/libpsmx2-fi.so -->
	<!-- Instrumenting loops in routine "psmx2_trx_ctxt_alloc" -->
	<!-- Instrumenting loops in routine "psmx2_cq_poll_mq" with dynamic jumps -->
	<!-- Instrumenting loops in routine "psmx2_cq_readfrom" -->
	<!-- Instrumenting loops in routine "psmx2_av_map_insert" -->
	<!-- Instrumenting loops in routine "psmx2_am_progress" with dynamic jumps -->
	<msg id='18' display='false' source='trc'>
		<type>LOAD_MODULE</type>
		<severity>INFO</severity>
		<timestamp>Fri Apr 22 23:11:57 2022</timestamp>
		<arg name='module'>/lib64/libpsm2.so.2</arg>
		<arg name='basement'>0x2ac5ffc56000</arg>
		<arg name='ceiling'>0x2ac5ffee9cf7</arg>
		<arg name='symtab'>no</arg>
	</msg>
	<!-- Instrumentation of /lib64/libpsm2.so.2 image skipped because of no symbols and stripped binaries profiling is disabled. -->
	<msg id='19' display='false' source='trc'>
		<type>LOAD_MODULE</type>
		<severity>INFO</severity>
		<timestamp>Fri Apr 22 23:11:57 2022</timestamp>
		<arg name='module'>/mnt/storage/software/languages/intel/intel-parallel_studio_xe_2020_u4/compilers_and_libraries_2020.4.304/linux/mpi/intel64/libfabric/lib/prov/librxm-fi.so</arg>
		<arg name='basement'>0x2ac6005a4000</arg>
		<arg name='ceiling'>0x2ac6007f1b57</arg>
		<arg name='symtab'>yes</arg>
	</msg>
	<!-- Instrumentation of /mnt/storage/software/languages/intel/intel-parallel_studio_xe_2020_u4/compilers_and_libraries_2020.4.304/linux/mpi/intel64/libfabric/lib/prov/librxm-fi.so image skipped because of filter conditions [cs-mode]. -->
	<msg id='20' display='false' source='trc'>
		<type>LOAD_MODULE</type>
		<severity>INFO</severity>
		<timestamp>Fri Apr 22 23:11:57 2022</timestamp>
		<arg name='module'>/mnt/storage/software/languages/intel/intel-parallel_studio_xe_2020_u4/compilers_and_libraries_2020.4.304/linux/mpi/intel64/libfabric/lib/prov/libtcp-fi.so</arg>
		<arg name='basement'>0x2ac60083c000</arg>
		<arg name='ceiling'>0x2ac600a786d7</arg>
		<arg name='symtab'>yes</arg>
	</msg>
	<!-- Instrumentation of /mnt/storage/software/languages/intel/intel-parallel_studio_xe_2020_u4/compilers_and_libraries_2020.4.304/linux/mpi/intel64/libfabric/lib/prov/libtcp-fi.so image skipped because of filter conditions [cs-mode]. -->
	<msg id='21' display='false' source='trc'>
		<type>LOAD_MODULE</type>
		<severity>INFO</severity>
		<timestamp>Fri Apr 22 23:11:57 2022</timestamp>
		<arg name='module'>/mnt/storage/software/languages/intel/intel-parallel_studio_xe_2020_u4/compilers_and_libraries_2020.4.304/linux/mpi/intel64/libfabric/lib/prov/libshm-fi.so</arg>
		<arg name='basement'>0x2ac600b3d000</arg>
		<arg name='ceiling'>0x2ac600d7b837</arg>
		<arg name='symtab'>yes</arg>
	</msg>
	<!-- Instrumentation of /mnt/storage/software/languages/intel/intel-parallel_studio_xe_2020_u4/compilers_and_libraries_2020.4.304/linux/mpi/intel64/libfabric/lib/prov/libshm-fi.so image skipped because of filter conditions [cs-mode]. -->
	<msg id='22' display='false' source='trc'>
		<type>LOAD_MODULE</type>
		<severity>INFO</severity>
		<timestamp>Fri Apr 22 23:11:57 2022</timestamp>
		<arg name='module'>/mnt/storage/software/languages/intel/intel-parallel_studio_xe_2020_u4/compilers_and_libraries_2020.4.304/linux/mpi/intel64/libfabric/lib/prov/libverbs-fi.so</arg>
		<arg name='basement'>0x2ac600ea0000</arg>
		<arg name='ceiling'>0x2ac6010efe57</arg>
		<arg name='symtab'>yes</arg>
	</msg>
	<!-- Instrumentation of /mnt/storage/software/languages/intel/intel-parallel_studio_xe_2020_u4/compilers_and_libraries_2020.4.304/linux/mpi/intel64/libfabric/lib/prov/libverbs-fi.so image skipped because of filter conditions [cs-mode]. -->
	<msg id='23' display='false' source='trc'>
		<type>LOAD_MODULE</type>
		<severity>INFO</severity>
		<timestamp>Fri Apr 22 23:11:57 2022</timestamp>
		<arg name='module'>/lib64/librdmacm.so.1</arg>
		<arg name='basement'>0x2ac601102000</arg>
		<arg name='ceiling'>0x2ac601318267</arg>
		<arg name='symtab'>no</arg>
	</msg>
	<!-- Instrumentation of /lib64/librdmacm.so.1 image skipped because of filter conditions [cs-mode]. -->
	<msg id='24' display='false' source='trc'>
		<type>LOAD_MODULE</type>
		<severity>INFO</severity>
		<timestamp>Fri Apr 22 23:11:57 2022</timestamp>
		<arg name='module'>/lib64/libibverbs.so.1</arg>
		<arg name='basement'>0x2ac601319000</arg>
		<arg name='ceiling'>0x2ac60153166f</arg>
		<arg name='symtab'>no</arg>
	</msg>
	<!-- Instrumentation of /lib64/libibverbs.so.1 image skipped because of no symbols and stripped binaries profiling is disabled. -->
	<msg id='25' display='false' source='trc'>
		<type>LOAD_MODULE</type>
		<severity>INFO</severity>
		<timestamp>Fri Apr 22 23:11:57 2022</timestamp>
		<arg name='module'>/lib64/libnl-route-3.so.200</arg>
		<arg name='basement'>0x2ac601532000</arg>
		<arg name='ceiling'>0x2ac60179e5bf</arg>
		<arg name='symtab'>no</arg>
	</msg>
	<!-- Instrumentation of /lib64/libnl-route-3.so.200 image skipped because of filter conditions [cs-mode]. -->
	<msg id='26' display='false' source='trc'>
		<type>LOAD_MODULE</type>
		<severity>INFO</severity>
		<timestamp>Fri Apr 22 23:11:57 2022</timestamp>
		<arg name='module'>/lib64/libnl-3.so.200</arg>
		<arg name='basement'>0x2ac60179f000</arg>
		<arg name='ceiling'>0x2ac6019bf8c7</arg>
		<arg name='symtab'>no</arg>
	</msg>
	<!-- Instrumentation of /lib64/libnl-3.so.200 image skipped because of filter conditions [cs-mode]. -->
	<msg id='27' display='false' source='trc'>
		<type>LOAD_MODULE</type>
		<severity>INFO</severity>
		<timestamp>Fri Apr 22 23:11:58 2022</timestamp>
		<arg name='module'>/usr/lib64/libibverbs/libbnxt_re-rdmav22.so</arg>
		<arg name='basement'>0x2ac601c09000</arg>
		<arg name='ceiling'>0x2ac601e0f17f</arg>
		<arg name='symtab'>no</arg>
	</msg>
	<!-- Instrumentation of /usr/lib64/libibverbs/libbnxt_re-rdmav22.so image skipped because of filter conditions [cs-mode]. -->
	<msg id='28' display='false' source='trc'>
		<type>LOAD_MODULE</type>
		<severity>INFO</severity>
		<timestamp>Fri Apr 22 23:11:58 2022</timestamp>
		<arg name='module'>/usr/lib64/libibverbs/libcxgb3-rdmav22.so</arg>
		<arg name='basement'>0x2ac601e1e000</arg>
		<arg name='ceiling'>0x2ac602024177</arg>
		<arg name='symtab'>no</arg>
	</msg>
	<!-- Instrumentation of /usr/lib64/libibverbs/libcxgb3-rdmav22.so image skipped because of filter conditions [cs-mode]. -->
	<msg id='29' display='false' source='trc'>
		<type>LOAD_MODULE</type>
		<severity>INFO</severity>
		<timestamp>Fri Apr 22 23:11:58 2022</timestamp>
		<arg name='module'>/usr/lib64/libibverbs/libcxgb4-rdmav22.so</arg>
		<arg name='basement'>0x2ac60202c000</arg>
		<arg name='ceiling'>0x2ac6022361ef</arg>
		<arg name='symtab'>no</arg>
	</msg>
	<!-- Instrumentation of /usr/lib64/libibverbs/libcxgb4-rdmav22.so image skipped because of filter conditions [cs-mode]. -->
	<msg id='30' display='false' source='trc'>
		<type>LOAD_MODULE</type>
		<severity>INFO</severity>
		<timestamp>Fri Apr 22 23:11:58 2022</timestamp>
		<arg name='module'>/usr/lib64/libibverbs/libhfi1verbs-rdmav22.so</arg>
		<arg name='basement'>0x2ac60224d000</arg>
		<arg name='ceiling'>0x2ac60245114f</arg>
		<arg name='symtab'>no</arg>
	</msg>
	<!-- Instrumentation of /usr/lib64/libibverbs/libhfi1verbs-rdmav22.so image skipped because of filter conditions [cs-mode]. -->
	<msg id='31' display='false' source='trc'>
		<type>LOAD_MODULE</type>
		<severity>INFO</severity>
		<timestamp>Fri Apr 22 23:11:58 2022</timestamp>
		<arg name='module'>/usr/lib64/libibverbs/libhns-rdmav22.so</arg>
		<arg name='basement'>0x2ac602452000</arg>
		<arg name='ceiling'>0x2ac60265a18f</arg>
		<arg name='symtab'>no</arg>
	</msg>
	<!-- Instrumentation of /usr/lib64/libibverbs/libhns-rdmav22.so image skipped because of filter conditions [cs-mode]. -->
	<msg id='32' display='false' source='trc'>
		<type>LOAD_MODULE</type>
		<severity>INFO</severity>
		<timestamp>Fri Apr 22 23:11:58 2022</timestamp>
		<arg name='module'>/usr/lib64/libibverbs/libi40iw-rdmav22.so</arg>
		<arg name='basement'>0x2ac60266d000</arg>
		<arg name='ceiling'>0x2ac602874137</arg>
		<arg name='symtab'>no</arg>
	</msg>
	<!-- Instrumentation of /usr/lib64/libibverbs/libi40iw-rdmav22.so image skipped because of filter conditions [cs-mode]. -->
	<msg id='33' display='false' source='trc'>
		<type>LOAD_MODULE</type>
		<severity>INFO</severity>
		<timestamp>Fri Apr 22 23:11:58 2022</timestamp>
		<arg name='module'>/usr/lib64/libibverbs/libipathverbs-rdmav22.so</arg>
		<arg name='basement'>0x2ac60287d000</arg>
		<arg name='ceiling'>0x2ac602a8114f</arg>
		<arg name='symtab'>no</arg>
	</msg>
	<!-- Instrumentation of /usr/lib64/libibverbs/libipathverbs-rdmav22.so image skipped because of filter conditions [cs-mode]. -->
	<msg id='34' display='false' source='trc'>
		<type>LOAD_MODULE</type>
		<severity>INFO</severity>
		<timestamp>Fri Apr 22 23:11:58 2022</timestamp>
		<arg name='module'>/usr/lib64/libibverbs/libmlx4-rdmav22.so</arg>
		<arg name='basement'>0x2ac602a82000</arg>
		<arg name='ceiling'>0x2ac602c8d237</arg>
		<arg name='symtab'>no</arg>
	</msg>
	<!-- Instrumentation of /usr/lib64/libibverbs/libmlx4-rdmav22.so image skipped because of filter conditions [cs-mode]. -->
	<msg id='35' display='false' source='trc'>
		<type>LOAD_MODULE</type>
		<severity>INFO</severity>
		<timestamp>Fri Apr 22 23:11:58 2022</timestamp>
		<arg name='module'>/usr/lib64/libibverbs/libmlx5-rdmav22.so</arg>
		<arg name='basement'>0x2ac602ca8000</arg>
		<arg name='ceiling'>0x2ac602ecf3b7</arg>
		<arg name='symtab'>no</arg>
	</msg>
	<!-- Instrumentation of /usr/lib64/libibverbs/libmlx5-rdmav22.so image skipped because of filter conditions [cs-mode]. -->
	<msg id='36' display='false' source='trc'>
		<type>LOAD_MODULE</type>
		<severity>INFO</severity>
		<timestamp>Fri Apr 22 23:11:58 2022</timestamp>
		<arg name='module'>/usr/lib64/libibverbs/libmthca-rdmav22.so</arg>
		<arg name='basement'>0x2ac602f22000</arg>
		<arg name='ceiling'>0x2ac60312a17f</arg>
		<arg name='symtab'>no</arg>
	</msg>
	<!-- Instrumentation of /usr/lib64/libibverbs/libmthca-rdmav22.so image skipped because of filter conditions [cs-mode]. -->
	<msg id='37' display='false' source='trc'>
		<type>LOAD_MODULE</type>
		<severity>INFO</severity>
		<timestamp>Fri Apr 22 23:11:58 2022</timestamp>
		<arg name='module'>/usr/lib64/libibverbs/libnes-rdmav22.so</arg>
		<arg name='basement'>0x2ac60312b000</arg>
		<arg name='ceiling'>0x2ac603331167</arg>
		<arg name='symtab'>no</arg>
	</msg>
	<!-- Instrumentation of /usr/lib64/libibverbs/libnes-rdmav22.so image skipped because of filter conditions [cs-mode]. -->
	<msg id='38' display='false' source='trc'>
		<type>LOAD_MODULE</type>
		<severity>INFO</severity>
		<timestamp>Fri Apr 22 23:11:58 2022</timestamp>
		<arg name='module'>/usr/lib64/libibverbs/libocrdma-rdmav22.so</arg>
		<arg name='basement'>0x2ac603332000</arg>
		<arg name='ceiling'>0x2ac60353817f</arg>
		<arg name='symtab'>no</arg>
	</msg>
	<!-- Instrumentation of /usr/lib64/libibverbs/libocrdma-rdmav22.so image skipped because of filter conditions [cs-mode]. -->
	<msg id='39' display='false' source='trc'>
		<type>LOAD_MODULE</type>
		<severity>INFO</severity>
		<timestamp>Fri Apr 22 23:11:58 2022</timestamp>
		<arg name='module'>/usr/lib64/libibverbs/libqedr-rdmav22.so</arg>
		<arg name='basement'>0x2ac603539000</arg>
		<arg name='ceiling'>0x2ac60374219f</arg>
		<arg name='symtab'>no</arg>
	</msg>
	<!-- Instrumentation of /usr/lib64/libibverbs/libqedr-rdmav22.so image skipped because of filter conditions [cs-mode]. -->
	<msg id='40' display='false' source='trc'>
		<type>LOAD_MODULE</type>
		<severity>INFO</severity>
		<timestamp>Fri Apr 22 23:11:58 2022</timestamp>
		<arg name='module'>/usr/lib64/libibverbs/librxe-rdmav22.so</arg>
		<arg name='basement'>0x2ac60374d000</arg>
		<arg name='ceiling'>0x2ac60395116f</arg>
		<arg name='symtab'>no</arg>
	</msg>
	<!-- Instrumentation of /usr/lib64/libibverbs/librxe-rdmav22.so image skipped because of filter conditions [cs-mode]. -->
	<msg id='41' display='false' source='trc'>
		<type>LOAD_MODULE</type>
		<severity>INFO</severity>
		<timestamp>Fri Apr 22 23:11:58 2022</timestamp>
		<arg name='module'>/usr/lib64/libibverbs/libvmw_pvrdma-rdmav22.so</arg>
		<arg name='basement'>0x2ac603952000</arg>
		<arg name='ceiling'>0x2ac603b5716f</arg>
		<arg name='symtab'>no</arg>
	</msg>
	<!-- Instrumentation of /usr/lib64/libibverbs/libvmw_pvrdma-rdmav22.so image skipped because of filter conditions [cs-mode]. -->
	<msg id='42' display='false' source='trc'>
		<type>UNLOAD_MODULE</type>
		<severity>INFO</severity>
		<timestamp>Fri Apr 22 23:12:15 2022</timestamp>
		<arg name='module'>/mnt/storage/software/languages/intel/intel-parallel_studio_xe_2020_u4/compilers_and_libraries_2020.4.304/linux/mpi/intel64/libfabric/lib/prov/libpsmx2-fi.so</arg>
	</msg>
	<msg id='43' display='false' source='trc'>
		<type>UNLOAD_MODULE</type>
		<severity>INFO</severity>
		<timestamp>Fri Apr 22 23:12:15 2022</timestamp>
		<arg name='module'>/lib64/libpsm2.so.2</arg>
	</msg>
	<msg id='44' display='false' source='trc'>
		<type>UNLOAD_MODULE</type>
		<severity>INFO</severity>
		<timestamp>Fri Apr 22 23:12:15 2022</timestamp>
		<arg name='module'>/mnt/storage/software/languages/intel/intel-parallel_studio_xe_2020_u4/compilers_and_libraries_2020.4.304/linux/mpi/intel64/libfabric/lib/prov/librxm-fi.so</arg>
	</msg>
	<msg id='45' display='false' source='trc'>
		<type>UNLOAD_MODULE</type>
		<severity>INFO</severity>
		<timestamp>Fri Apr 22 23:12:15 2022</timestamp>
		<arg name='module'>/mnt/storage/software/languages/intel/intel-parallel_studio_xe_2020_u4/compilers_and_libraries_2020.4.304/linux/mpi/intel64/libfabric/lib/prov/libverbs-fi.so</arg>
	</msg>
	<msg id='46' display='false' source='trc'>
		<type>UNLOAD_MODULE</type>
		<severity>INFO</severity>
		<timestamp>Fri Apr 22 23:12:15 2022</timestamp>
		<arg name='module'>/mnt/storage/software/languages/intel/intel-parallel_studio_xe_2020_u4/compilers_and_libraries_2020.4.304/linux/mpi/intel64/libfabric/lib/prov/libtcp-fi.so</arg>
	</msg>
	<msg id='47' display='false' source='trc'>
		<type>UNLOAD_MODULE</type>
		<severity>INFO</severity>
		<timestamp>Fri Apr 22 23:12:15 2022</timestamp>
		<arg name='module'>/mnt/storage/software/languages/intel/intel-parallel_studio_xe_2020_u4/compilers_and_libraries_2020.4.304/linux/mpi/intel64/libfabric/lib/prov/libsockets-fi.so</arg>
	</msg>
	<msg id='48' display='false' source='trc'>
		<type>UNLOAD_MODULE</type>
		<severity>INFO</severity>
		<timestamp>Fri Apr 22 23:12:15 2022</timestamp>
		<arg name='module'>/mnt/storage/software/languages/intel/intel-parallel_studio_xe_2020_u4/compilers_and_libraries_2020.4.304/linux/mpi/intel64/libfabric/lib/prov/libshm-fi.so</arg>
	</msg>
	<msg id='49' display='false' source='trc'>
		<type>UNLOAD_MODULE</type>
		<severity>INFO</severity>
		<timestamp>Fri Apr 22 23:12:15 2022</timestamp>
		<arg name='module'>/user/home/fk19833/advanced-hpc-lbm/d2q9-bgk</arg>
	</msg>
	<msg id='50' display='false' source='trc'>
		<type>UNLOAD_MODULE</type>
		<severity>INFO</severity>
		<timestamp>Fri Apr 22 23:12:15 2022</timestamp>
		<arg name='module'>/lib64/ld-linux-x86-64.so.2</arg>
	</msg>
	<msg id='51' display='false' source='trc'>
		<type>UNLOAD_MODULE</type>
		<severity>INFO</severity>
		<timestamp>Fri Apr 22 23:12:15 2022</timestamp>
		<arg name='module'>[vdso]</arg>
	</msg>
	<msg id='52' display='false' source='trc'>
		<type>UNLOAD_MODULE</type>
		<severity>INFO</severity>
		<timestamp>Fri Apr 22 23:12:15 2022</timestamp>
		<arg name='module'>/lib64/libm.so.6</arg>
	</msg>
	<msg id='53' display='false' source='trc'>
		<type>UNLOAD_MODULE</type>
		<severity>INFO</severity>
		<timestamp>Fri Apr 22 23:12:15 2022</timestamp>
		<arg name='module'>/mnt/storage/software/languages/intel/intel-parallel_studio_xe_2020_u4/compilers_and_libraries_2020.4.304/linux/mpi/intel64/lib/libmpifort.so.12</arg>
	</msg>
	<msg id='54' display='false' source='trc'>
		<type>UNLOAD_MODULE</type>
		<severity>INFO</severity>
		<timestamp>Fri Apr 22 23:12:15 2022</timestamp>
		<arg name='module'>/mnt/storage/software/languages/intel/intel-parallel_studio_xe_2020_u4/compilers_and_libraries_2020.4.304/linux/mpi/intel64/lib/release/libmpi.so.12</arg>
	</msg>
	<msg id='55' display='false' source='trc'>
		<type>UNLOAD_MODULE</type>
		<severity>INFO</severity>
		<timestamp>Fri Apr 22 23:12:15 2022</timestamp>
		<arg name='module'>/lib64/libdl.so.2</arg>
	</msg>
	<msg id='56' display='false' source='trc'>
		<type>UNLOAD_MODULE</type>
		<severity>INFO</severity>
		<timestamp>Fri Apr 22 23:12:15 2022</timestamp>
		<arg name='module'>/lib64/librt.so.1</arg>
	</msg>
	<msg id='57' display='false' source='trc'>
		<type>UNLOAD_MODULE</type>
		<severity>INFO</severity>
		<timestamp>Fri Apr 22 23:12:15 2022</timestamp>
		<arg name='module'>/lib64/libpthread.so.0</arg>
	</msg>
	<msg id='58' display='false' source='trc'>
		<type>UNLOAD_MODULE</type>
		<severity>INFO</severity>
		<timestamp>Fri Apr 22 23:12:15 2022</timestamp>
		<arg name='module'>/mnt/storage/software/languages/gcc-9.3/lib64/libgcc_s.so.1</arg>
	</msg>
	<msg id='59' display='false' source='trc'>
		<type>UNLOAD_MODULE</type>
		<severity>INFO</severity>
		<timestamp>Fri Apr 22 23:12:15 2022</timestamp>
		<arg name='module'>/lib64/libc.so.6</arg>
	</msg>
	<msg id='60' display='false' source='trc'>
		<type>UNLOAD_MODULE</type>
		<severity>INFO</severity>
		<timestamp>Fri Apr 22 23:12:15 2022</timestamp>
		<arg name='module'>/mnt/storage/software/languages/intel/intel-parallel_studio_xe_2020_u4/compilers_and_libraries_2020.4.304/linux/mpi/intel64/libfabric/lib/libfabric.so.1</arg>
	</msg>
	<msg id='61' display='false' source='trc'>
		<type>UNLOAD_MODULE</type>
		<severity>INFO</severity>
		<timestamp>Fri Apr 22 23:12:15 2022</timestamp>
		<arg name='module'>/lib64/libnuma.so.1</arg>
	</msg>
	<msg id='62' display='false' source='trc'>
		<type>UNLOAD_MODULE</type>
		<severity>INFO</severity>
		<timestamp>Fri Apr 22 23:12:15 2022</timestamp>
		<arg name='module'>/lib64/librdmacm.so.1</arg>
	</msg>
	<msg id='63' display='false' source='trc'>
		<type>UNLOAD_MODULE</type>
		<severity>INFO</severity>
		<timestamp>Fri Apr 22 23:12:15 2022</timestamp>
		<arg name='module'>/lib64/libibverbs.so.1</arg>
	</msg>
	<msg id='64' display='false' source='trc'>
		<type>UNLOAD_MODULE</type>
		<severity>INFO</severity>
		<timestamp>Fri Apr 22 23:12:15 2022</timestamp>
		<arg name='module'>/lib64/libnl-route-3.so.200</arg>
	</msg>
	<msg id='65' display='false' source='trc'>
		<type>UNLOAD_MODULE</type>
		<severity>INFO</severity>
		<timestamp>Fri Apr 22 23:12:15 2022</timestamp>
		<arg name='module'>/lib64/libnl-3.so.200</arg>
	</msg>
	<msg id='66' display='false' source='trc'>
		<type>UNLOAD_MODULE</type>
		<severity>INFO</severity>
		<timestamp>Fri Apr 22 23:12:15 2022</timestamp>
		<arg name='module'>/usr/lib64/libibverbs/libbnxt_re-rdmav22.so</arg>
	</msg>
	<msg id='67' display='false' source='trc'>
		<type>UNLOAD_MODULE</type>
		<severity>INFO</severity>
		<timestamp>Fri Apr 22 23:12:15 2022</timestamp>
		<arg name='module'>/usr/lib64/libibverbs/libcxgb3-rdmav22.so</arg>
	</msg>
	<msg id='68' display='false' source='trc'>
		<type>UNLOAD_MODULE</type>
		<severity>INFO</severity>
		<timestamp>Fri Apr 22 23:12:15 2022</timestamp>
		<arg name='module'>/usr/lib64/libibverbs/libcxgb4-rdmav22.so</arg>
	</msg>
	<msg id='69' display='false' source='trc'>
		<type>UNLOAD_MODULE</type>
		<severity>INFO</severity>
		<timestamp>Fri Apr 22 23:12:15 2022</timestamp>
		<arg name='module'>/usr/lib64/libibverbs/libhfi1verbs-rdmav22.so</arg>
	</msg>
	<msg id='70' display='false' source='trc'>
		<type>UNLOAD_MODULE</type>
		<severity>INFO</severity>
		<timestamp>Fri Apr 22 23:12:15 2022</timestamp>
		<arg name='module'>/usr/lib64/libibverbs/libhns-rdmav22.so</arg>
	</msg>
	<msg id='71' display='false' source='trc'>
		<type>UNLOAD_MODULE</type>
		<severity>INFO</severity>
		<timestamp>Fri Apr 22 23:12:15 2022</timestamp>
		<arg name='module'>/usr/lib64/libibverbs/libi40iw-rdmav22.so</arg>
	</msg>
	<msg id='72' display='false' source='trc'>
		<type>UNLOAD_MODULE</type>
		<severity>INFO</severity>
		<timestamp>Fri Apr 22 23:12:15 2022</timestamp>
		<arg name='module'>/usr/lib64/libibverbs/libipathverbs-rdmav22.so</arg>
	</msg>
	<msg id='73' display='false' source='trc'>
		<type>UNLOAD_MODULE</type>
		<severity>INFO</severity>
		<timestamp>Fri Apr 22 23:12:15 2022</timestamp>
		<arg name='module'>/usr/lib64/libibverbs/libmlx4-rdmav22.so</arg>
	</msg>
	<msg id='74' display='false' source='trc'>
		<type>UNLOAD_MODULE</type>
		<severity>INFO</severity>
		<timestamp>Fri Apr 22 23:12:15 2022</timestamp>
		<arg name='module'>/usr/lib64/libibverbs/libmlx5-rdmav22.so</arg>
	</msg>
	<msg id='75' display='false' source='trc'>
		<type>UNLOAD_MODULE</type>
		<severity>INFO</severity>
		<timestamp>Fri Apr 22 23:12:15 2022</timestamp>
		<arg name='module'>/usr/lib64/libibverbs/libmthca-rdmav22.so</arg>
	</msg>
	<msg id='76' display='false' source='trc'>
		<type>UNLOAD_MODULE</type>
		<severity>INFO</severity>
		<timestamp>Fri Apr 22 23:12:15 2022</timestamp>
		<arg name='module'>/usr/lib64/libibverbs/libnes-rdmav22.so</arg>
	</msg>
	<msg id='77' display='false' source='trc'>
		<type>UNLOAD_MODULE</type>
		<severity>INFO</severity>
		<timestamp>Fri Apr 22 23:12:15 2022</timestamp>
		<arg name='module'>/usr/lib64/libibverbs/libocrdma-rdmav22.so</arg>
	</msg>
	<msg id='78' display='false' source='trc'>
		<type>UNLOAD_MODULE</type>
		<severity>INFO</severity>
		<timestamp>Fri Apr 22 23:12:15 2022</timestamp>
		<arg name='module'>/usr/lib64/libibverbs/libqedr-rdmav22.so</arg>
	</msg>
	<msg id='79' display='false' source='trc'>
		<type>UNLOAD_MODULE</type>
		<severity>INFO</severity>
		<timestamp>Fri Apr 22 23:12:15 2022</timestamp>
		<arg name='module'>/usr/lib64/libibverbs/librxe-rdmav22.so</arg>
	</msg>
	<msg id='80' display='false' source='trc'>
		<type>UNLOAD_MODULE</type>
		<severity>INFO</severity>
		<timestamp>Fri Apr 22 23:12:15 2022</timestamp>
		<arg name='module'>/usr/lib64/libibverbs/libvmw_pvrdma-rdmav22.so</arg>
	</msg>
	<msg id='81' display='false' source='trc'>
		<type>PROCESS_FINISH</type>
		<severity>INFO</severity>
		<timestamp>Fri Apr 22 23:12:15 2022</timestamp>
		<arg name='process'>/user/home/fk19833/advanced-hpc-lbm/d2q9-bgk</arg>
		<arg name='pid'>29904</arg>
		<arg name='exitcode'>0x0</arg>
	</msg>
	<!-- Application exited with code 0 -->
</log>