<?xml version="1.0" encoding="utf-8" ?>
<!-- DO NOT EDIT THIS FILE -->

<log version='2.0' source='trc'>
	<msg id='1' display='false' source='trc'>
		<type>PROCESS_START</type>
		<severity>INFO</severity>
		<timestamp>Fri Apr 22 22:45:17 2022</timestamp>
		<arg name='process'>/user/home/fk19833/advanced-hpc-lbm/d2q9-bgk</arg>
		<arg name='pid'>7300</arg>
	</msg>
	<!-- Instrumentation filter's state:
    Patterns applicability:
        Generic loop pattern.....................: enabled
        Generic loop pattern (with dynamic jumps): enabled
        Known trip value loop pattern............: enabled
        Runtime final value loop pattern.........: enabled
        No initial IV loop pattern...............: enabled
        IV step only loop pattern................: enabled
        No entry loop pattern....................: enabled
    Clustered memory model (CMM) applicability:
        Generic loop pattern.....................: enabled
        Generic loop pattern (with dynamic jumps): enabled
        Known trip value loop pattern............: enabled
        Runtime final value loop pattern.........: enabled
        No initial IV loop pattern...............: enabled
        IV step only loop pattern................: enabled
        No entry loop pattern....................: disabled
 -->
	<!-- Callstack mode:
    filter modules.........: true
    filter routines........: true
    count loops............: false
    count flops............: false
    trace..................: false
    extended trace.........: false
    omp trace..............: false
    jit trace..............: false
    failures trace.........: false
    dump raw...............: false
    dump final.............: false
    dump all...............: false
    stack stitching........: true
    stl profiling..........: true
    aggressive frame switch: true
    unwind frame exit......: true
    analyze child loops....: true
 -->
	<!-- Managed application profiling: -->
	<!-- 	State...................: enabled -->
	<!-- Gpu Profiling: -->
	<!-- 	State: disabled -->
	<msg id='2' display='false' source='trc'>
		<type>PROCESS_ANALYSIS_MODE</type>
		<severity>INFO</severity>
		<timestamp>Fri Apr 22 22:45:17 2022</timestamp>
		<arg name='mode'>full</arg>
	</msg>
	<msg id='3' display='false' source='trc'>
		<type>LOAD_MODULE</type>
		<severity>INFO</severity>
		<timestamp>Fri Apr 22 22:45:17 2022</timestamp>
		<arg name='module'>/user/home/fk19833/advanced-hpc-lbm/d2q9-bgk</arg>
		<arg name='basement'>0x400000</arg>
		<arg name='ceiling'>0x6214bf</arg>
		<arg name='symtab'>yes</arg>
	</msg>
	<!-- Instrumenting image: id = 1, name = /user/home/fk19833/advanced-hpc-lbm/d2q9-bgk -->
	<!-- Instrumenting loops in routine "main" -->
	<!-- Instrumenting loops in routine "initialise" -->
	<!-- Instrumenting loops in routine "timestep_mpi_4" -->
	<!-- skipping routine "__intel_avx_rep_memcpy", reason cannot build control-flow graph (HasInvalidJumpTarget) -->
	<msg id='4' display='false' source='trc'>
		<type>LOAD_MODULE</type>
		<severity>INFO</severity>
		<timestamp>Fri Apr 22 22:45:17 2022</timestamp>
		<arg name='module'>/lib64/ld-linux-x86-64.so.2</arg>
		<arg name='basement'>0x2aba5833c000</arg>
		<arg name='ceiling'>0x2aba5855f14f</arg>
		<arg name='symtab'>yes</arg>
	</msg>
	<!-- Instrumentation of /lib64/ld-linux-x86-64.so.2 image skipped because of filter conditions. -->
	<msg id='5' display='false' source='trc'>
		<type>LOAD_MODULE</type>
		<severity>INFO</severity>
		<timestamp>Fri Apr 22 22:45:17 2022</timestamp>
		<arg name='module'>[vdso]</arg>
		<arg name='basement'>0x7ffca131d000</arg>
		<arg name='ceiling'>0x7ffca131de6c</arg>
		<arg name='symtab'>no</arg>
	</msg>
	<!-- Instrumentation of [vdso] image skipped because of filter conditions [cs-mode]. -->
	<msg id='6' display='false' source='trc'>
		<type>LOAD_MODULE</type>
		<severity>INFO</severity>
		<timestamp>Fri Apr 22 22:45:17 2022</timestamp>
		<arg name='module'>/lib64/libm.so.6</arg>
		<arg name='basement'>0x2aba6dffa000</arg>
		<arg name='ceiling'>0x2aba6e2fb137</arg>
		<arg name='symtab'>yes</arg>
	</msg>
	<!-- Instrumentation of /lib64/libm.so.6 image skipped because of filter conditions [cs-mode]. -->
	<msg id='7' display='false' source='trc'>
		<type>LOAD_MODULE</type>
		<severity>INFO</severity>
		<timestamp>Fri Apr 22 22:45:17 2022</timestamp>
		<arg name='module'>/mnt/storage/software/languages/intel/intel-parallel_studio_xe_2020_u4/compilers_and_libraries_2020.4.304/linux/mpi/intel64/lib/libmpifort.so.12</arg>
		<arg name='basement'>0x2aba6e317000</arg>
		<arg name='ceiling'>0x2aba6e6d4817</arg>
		<arg name='symtab'>yes</arg>
	</msg>
	<!-- Instrumentation of /mnt/storage/software/languages/intel/intel-parallel_studio_xe_2020_u4/compilers_and_libraries_2020.4.304/linux/mpi/intel64/lib/libmpifort.so.12 image skipped because of filter conditions [cs-mode]. -->
	<msg id='8' display='false' source='trc'>
		<type>LOAD_MODULE</type>
		<severity>INFO</severity>
		<timestamp>Fri Apr 22 22:45:17 2022</timestamp>
		<arg name='module'>/mnt/storage/software/languages/intel/intel-parallel_studio_xe_2020_u4/compilers_and_libraries_2020.4.304/linux/mpi/intel64/lib/release/libmpi.so.12</arg>
		<arg name='basement'>0x2aba6e6e0000</arg>
		<arg name='ceiling'>0x2aba6fa3f217</arg>
		<arg name='symtab'>yes</arg>
	</msg>
	<!-- Instrumentation of /mnt/storage/software/languages/intel/intel-parallel_studio_xe_2020_u4/compilers_and_libraries_2020.4.304/linux/mpi/intel64/lib/release/libmpi.so.12 image skipped because of filter conditions. -->
	<msg id='9' display='false' source='trc'>
		<type>LOAD_MODULE</type>
		<severity>INFO</severity>
		<timestamp>Fri Apr 22 22:45:17 2022</timestamp>
		<arg name='module'>/lib64/libdl.so.2</arg>
		<arg name='basement'>0x2aba6fa44000</arg>
		<arg name='ceiling'>0x2aba6fc4712f</arg>
		<arg name='symtab'>yes</arg>
	</msg>
	<!-- Instrumentation of /lib64/libdl.so.2 image skipped because of filter conditions [cs-mode]. -->
	<msg id='10' display='false' source='trc'>
		<type>LOAD_MODULE</type>
		<severity>INFO</severity>
		<timestamp>Fri Apr 22 22:45:17 2022</timestamp>
		<arg name='module'>/lib64/librt.so.1</arg>
		<arg name='basement'>0x2aba6fc48000</arg>
		<arg name='ceiling'>0x2aba6fe4fc37</arg>
		<arg name='symtab'>yes</arg>
	</msg>
	<!-- Instrumentation of /lib64/librt.so.1 image skipped because of filter conditions [cs-mode]. -->
	<msg id='11' display='false' source='trc'>
		<type>LOAD_MODULE</type>
		<severity>INFO</severity>
		<timestamp>Fri Apr 22 22:45:17 2022</timestamp>
		<arg name='module'>/lib64/libpthread.so.0</arg>
		<arg name='basement'>0x2aba6fe50000</arg>
		<arg name='ceiling'>0x2aba7006b487</arg>
		<arg name='symtab'>yes</arg>
	</msg>
	<!-- Instrumentation of /lib64/libpthread.so.0 image skipped because of filter conditions [cs-mode]. -->
	<msg id='12' display='false' source='trc'>
		<type>LOAD_MODULE</type>
		<severity>INFO</severity>
		<timestamp>Fri Apr 22 22:45:17 2022</timestamp>
		<arg name='module'>/mnt/storage/software/languages/gcc-9.3/lib64/libgcc_s.so.1</arg>
		<arg name='basement'>0x2aba7006c000</arg>
		<arg name='ceiling'>0x2aba7028344f</arg>
		<arg name='symtab'>yes</arg>
	</msg>
	<!-- Instrumentation of /mnt/storage/software/languages/gcc-9.3/lib64/libgcc_s.so.1 image skipped because of filter conditions [cs-mode]. -->
	<msg id='13' display='false' source='trc'>
		<type>LOAD_MODULE</type>
		<severity>INFO</severity>
		<timestamp>Fri Apr 22 22:45:17 2022</timestamp>
		<arg name='module'>/lib64/libc.so.6</arg>
		<arg name='basement'>0x2aba70284000</arg>
		<arg name='ceiling'>0x2aba706511ff</arg>
		<arg name='symtab'>yes</arg>
	</msg>
	<!-- Instrumentation of /lib64/libc.so.6 image skipped because of filter conditions. -->
	<msg id='14' display='false' source='trc'>
		<type>LOAD_MODULE</type>
		<severity>INFO</severity>
		<timestamp>Fri Apr 22 22:45:17 2022</timestamp>
		<arg name='module'>/mnt/storage/software/languages/intel/intel-parallel_studio_xe_2020_u4/compilers_and_libraries_2020.4.304/linux/mpi/intel64/libfabric/lib/libfabric.so.1</arg>
		<arg name='basement'>0x2aba70662000</arg>
		<arg name='ceiling'>0x2aba708a3777</arg>
		<arg name='symtab'>yes</arg>
	</msg>
	<!-- Instrumenting image: id = 12, name = /mnt/storage/software/languages/intel/intel-parallel_studio_xe_2020_u4/compilers_and_libraries_2020.4.304/linux/mpi/intel64/libfabric/lib/libfabric.so.1 -->
	<!-- Instrumenting loops in routine "fi_ini" -->
	<!-- Instrumenting loops in routine "fi_getinfo" -->
	<msg id='15' display='false' source='trc'>
		<type>LOAD_MODULE</type>
		<severity>INFO</severity>
		<timestamp>Fri Apr 22 22:45:20 2022</timestamp>
		<arg name='module'>/lib64/libnuma.so.1</arg>
		<arg name='basement'>0x2aba7235d000</arg>
		<arg name='ceiling'>0x2aba725688bf</arg>
		<arg name='symtab'>no</arg>
	</msg>
	<!-- Instrumentation of /lib64/libnuma.so.1 image skipped because of filter conditions [cs-mode]. -->
	<msg id='16' display='false' source='trc'>
		<type>LOAD_MODULE</type>
		<severity>INFO</severity>
		<timestamp>Fri Apr 22 22:45:22 2022</timestamp>
		<arg name='module'>/mnt/storage/software/languages/intel/intel-parallel_studio_xe_2020_u4/compilers_and_libraries_2020.4.304/linux/mpi/intel64/libfabric/lib/prov/libsockets-fi.so</arg>
		<arg name='basement'>0x2abb6d751000</arg>
		<arg name='ceiling'>0x2abb6d9a5e57</arg>
		<arg name='symtab'>yes</arg>
	</msg>
	<!-- Instrumentation of /mnt/storage/software/languages/intel/intel-parallel_studio_xe_2020_u4/compilers_and_libraries_2020.4.304/linux/mpi/intel64/libfabric/lib/prov/libsockets-fi.so image skipped because of filter conditions [cs-mode]. -->
	<msg id='17' display='false' source='trc'>
		<type>LOAD_MODULE</type>
		<severity>INFO</severity>
		<timestamp>Fri Apr 22 22:45:22 2022</timestamp>
		<arg name='module'>/mnt/storage/software/languages/intel/intel-parallel_studio_xe_2020_u4/compilers_and_libraries_2020.4.304/linux/mpi/intel64/libfabric/lib/prov/libpsmx2-fi.so</arg>
		<arg name='basement'>0x2abb6da0e000</arg>
		<arg name='ceiling'>0x2abb6dc86837</arg>
		<arg name='symtab'>yes</arg>
	</msg>
	<!-- Instrumenting image: id = 15, name = /mnt/storage/software/languages/intel/intel-parallel_studio_xe_2020_u4/compilers_and_libraries_2020.4.304/linux/mpi/intel64/libfabric/lib/prov/libpsmx2-fi.so -->
	<!-- Instrumenting loops in routine "psmx2_trx_ctxt_alloc" -->
	<!-- Instrumenting loops in routine "psmx2_cq_poll_mq" with dynamic jumps -->
	<!-- Instrumenting loops in routine "psmx2_cq_readfrom" -->
	<!-- Instrumenting loops in routine "psmx2_av_map_insert" -->
	<!-- Instrumenting loops in routine "psmx2_am_progress" with dynamic jumps -->
	<msg id='18' display='false' source='trc'>
		<type>LOAD_MODULE</type>
		<severity>INFO</severity>
		<timestamp>Fri Apr 22 22:45:22 2022</timestamp>
		<arg name='module'>/lib64/libpsm2.so.2</arg>
		<arg name='basement'>0x2abb6dc87000</arg>
		<arg name='ceiling'>0x2abb6df1acf7</arg>
		<arg name='symtab'>no</arg>
	</msg>
	<!-- Instrumentation of /lib64/libpsm2.so.2 image skipped because of no symbols and stripped binaries profiling is disabled. -->
	<msg id='19' display='false' source='trc'>
		<type>LOAD_MODULE</type>
		<severity>INFO</severity>
		<timestamp>Fri Apr 22 22:45:22 2022</timestamp>
		<arg name='module'>/mnt/storage/software/languages/intel/intel-parallel_studio_xe_2020_u4/compilers_and_libraries_2020.4.304/linux/mpi/intel64/libfabric/lib/prov/librxm-fi.so</arg>
		<arg name='basement'>0x2abb6e5c4000</arg>
		<arg name='ceiling'>0x2abb6e811b57</arg>
		<arg name='symtab'>yes</arg>
	</msg>
	<!-- Instrumentation of /mnt/storage/software/languages/intel/intel-parallel_studio_xe_2020_u4/compilers_and_libraries_2020.4.304/linux/mpi/intel64/libfabric/lib/prov/librxm-fi.so image skipped because of filter conditions [cs-mode]. -->
	<msg id='20' display='false' source='trc'>
		<type>LOAD_MODULE</type>
		<severity>INFO</severity>
		<timestamp>Fri Apr 22 22:45:22 2022</timestamp>
		<arg name='module'>/mnt/storage/software/languages/intel/intel-parallel_studio_xe_2020_u4/compilers_and_libraries_2020.4.304/linux/mpi/intel64/libfabric/lib/prov/libtcp-fi.so</arg>
		<arg name='basement'>0x2abb6e865000</arg>
		<arg name='ceiling'>0x2abb6eaa16d7</arg>
		<arg name='symtab'>yes</arg>
	</msg>
	<!-- Instrumentation of /mnt/storage/software/languages/intel/intel-parallel_studio_xe_2020_u4/compilers_and_libraries_2020.4.304/linux/mpi/intel64/libfabric/lib/prov/libtcp-fi.so image skipped because of filter conditions [cs-mode]. -->
	<msg id='21' display='false' source='trc'>
		<type>LOAD_MODULE</type>
		<severity>INFO</severity>
		<timestamp>Fri Apr 22 22:45:22 2022</timestamp>
		<arg name='module'>/mnt/storage/software/languages/intel/intel-parallel_studio_xe_2020_u4/compilers_and_libraries_2020.4.304/linux/mpi/intel64/libfabric/lib/prov/libshm-fi.so</arg>
		<arg name='basement'>0x2abb6eb75000</arg>
		<arg name='ceiling'>0x2abb6edb3837</arg>
		<arg name='symtab'>yes</arg>
	</msg>
	<!-- Instrumentation of /mnt/storage/software/languages/intel/intel-parallel_studio_xe_2020_u4/compilers_and_libraries_2020.4.304/linux/mpi/intel64/libfabric/lib/prov/libshm-fi.so image skipped because of filter conditions [cs-mode]. -->
	<msg id='22' display='false' source='trc'>
		<type>LOAD_MODULE</type>
		<severity>INFO</severity>
		<timestamp>Fri Apr 22 22:45:22 2022</timestamp>
		<arg name='module'>/mnt/storage/software/languages/intel/intel-parallel_studio_xe_2020_u4/compilers_and_libraries_2020.4.304/linux/mpi/intel64/libfabric/lib/prov/libverbs-fi.so</arg>
		<arg name='basement'>0x2abb6eed8000</arg>
		<arg name='ceiling'>0x2abb6f127e57</arg>
		<arg name='symtab'>yes</arg>
	</msg>
	<!-- Instrumentation of /mnt/storage/software/languages/intel/intel-parallel_studio_xe_2020_u4/compilers_and_libraries_2020.4.304/linux/mpi/intel64/libfabric/lib/prov/libverbs-fi.so image skipped because of filter conditions [cs-mode]. -->
	<msg id='23' display='false' source='trc'>
		<type>LOAD_MODULE</type>
		<severity>INFO</severity>
		<timestamp>Fri Apr 22 22:45:22 2022</timestamp>
		<arg name='module'>/lib64/librdmacm.so.1</arg>
		<arg name='basement'>0x2abb6f13a000</arg>
		<arg name='ceiling'>0x2abb6f350267</arg>
		<arg name='symtab'>no</arg>
	</msg>
	<!-- Instrumentation of /lib64/librdmacm.so.1 image skipped because of filter conditions [cs-mode]. -->
	<msg id='24' display='false' source='trc'>
		<type>LOAD_MODULE</type>
		<severity>INFO</severity>
		<timestamp>Fri Apr 22 22:45:22 2022</timestamp>
		<arg name='module'>/lib64/libibverbs.so.1</arg>
		<arg name='basement'>0x2abb6f351000</arg>
		<arg name='ceiling'>0x2abb6f56966f</arg>
		<arg name='symtab'>no</arg>
	</msg>
	<!-- Instrumentation of /lib64/libibverbs.so.1 image skipped because of no symbols and stripped binaries profiling is disabled. -->
	<msg id='25' display='false' source='trc'>
		<type>LOAD_MODULE</type>
		<severity>INFO</severity>
		<timestamp>Fri Apr 22 22:45:22 2022</timestamp>
		<arg name='module'>/lib64/libnl-route-3.so.200</arg>
		<arg name='basement'>0x2abb6f56a000</arg>
		<arg name='ceiling'>0x2abb6f7d65bf</arg>
		<arg name='symtab'>no</arg>
	</msg>
	<!-- Instrumentation of /lib64/libnl-route-3.so.200 image skipped because of filter conditions [cs-mode]. -->
	<msg id='26' display='false' source='trc'>
		<type>LOAD_MODULE</type>
		<severity>INFO</severity>
		<timestamp>Fri Apr 22 22:45:22 2022</timestamp>
		<arg name='module'>/lib64/libnl-3.so.200</arg>
		<arg name='basement'>0x2abb6f7d7000</arg>
		<arg name='ceiling'>0x2abb6f9f78c7</arg>
		<arg name='symtab'>no</arg>
	</msg>
	<!-- Instrumentation of /lib64/libnl-3.so.200 image skipped because of filter conditions [cs-mode]. -->
	<msg id='27' display='false' source='trc'>
		<type>LOAD_MODULE</type>
		<severity>INFO</severity>
		<timestamp>Fri Apr 22 22:45:23 2022</timestamp>
		<arg name='module'>/usr/lib64/libibverbs/libbnxt_re-rdmav22.so</arg>
		<arg name='basement'>0x2abb6fc32000</arg>
		<arg name='ceiling'>0x2abb6fe3817f</arg>
		<arg name='symtab'>no</arg>
	</msg>
	<!-- Instrumentation of /usr/lib64/libibverbs/libbnxt_re-rdmav22.so image skipped because of filter conditions [cs-mode]. -->
	<msg id='28' display='false' source='trc'>
		<type>LOAD_MODULE</type>
		<severity>INFO</severity>
		<timestamp>Fri Apr 22 22:45:23 2022</timestamp>
		<arg name='module'>/usr/lib64/libibverbs/libcxgb3-rdmav22.so</arg>
		<arg name='basement'>0x2abb6fe47000</arg>
		<arg name='ceiling'>0x2abb7004d177</arg>
		<arg name='symtab'>no</arg>
	</msg>
	<!-- Instrumentation of /usr/lib64/libibverbs/libcxgb3-rdmav22.so image skipped because of filter conditions [cs-mode]. -->
	<msg id='29' display='false' source='trc'>
		<type>LOAD_MODULE</type>
		<severity>INFO</severity>
		<timestamp>Fri Apr 22 22:45:23 2022</timestamp>
		<arg name='module'>/usr/lib64/libibverbs/libcxgb4-rdmav22.so</arg>
		<arg name='basement'>0x2abb70055000</arg>
		<arg name='ceiling'>0x2abb7025f1ef</arg>
		<arg name='symtab'>no</arg>
	</msg>
	<!-- Instrumentation of /usr/lib64/libibverbs/libcxgb4-rdmav22.so image skipped because of filter conditions [cs-mode]. -->
	<msg id='30' display='false' source='trc'>
		<type>LOAD_MODULE</type>
		<severity>INFO</severity>
		<timestamp>Fri Apr 22 22:45:23 2022</timestamp>
		<arg name='module'>/usr/lib64/libibverbs/libhfi1verbs-rdmav22.so</arg>
		<arg name='basement'>0x2abb70276000</arg>
		<arg name='ceiling'>0x2abb7047a14f</arg>
		<arg name='symtab'>no</arg>
	</msg>
	<!-- Instrumentation of /usr/lib64/libibverbs/libhfi1verbs-rdmav22.so image skipped because of filter conditions [cs-mode]. -->
	<msg id='31' display='false' source='trc'>
		<type>LOAD_MODULE</type>
		<severity>INFO</severity>
		<timestamp>Fri Apr 22 22:45:23 2022</timestamp>
		<arg name='module'>/usr/lib64/libibverbs/libhns-rdmav22.so</arg>
		<arg name='basement'>0x2abb7047b000</arg>
		<arg name='ceiling'>0x2abb7068318f</arg>
		<arg name='symtab'>no</arg>
	</msg>
	<!-- Instrumentation of /usr/lib64/libibverbs/libhns-rdmav22.so image skipped because of filter conditions [cs-mode]. -->
	<msg id='32' display='false' source='trc'>
		<type>LOAD_MODULE</type>
		<severity>INFO</severity>
		<timestamp>Fri Apr 22 22:45:23 2022</timestamp>
		<arg name='module'>/usr/lib64/libibverbs/libi40iw-rdmav22.so</arg>
		<arg name='basement'>0x2abb70696000</arg>
		<arg name='ceiling'>0x2abb7089d137</arg>
		<arg name='symtab'>no</arg>
	</msg>
	<!-- Instrumentation of /usr/lib64/libibverbs/libi40iw-rdmav22.so image skipped because of filter conditions [cs-mode]. -->
	<msg id='33' display='false' source='trc'>
		<type>LOAD_MODULE</type>
		<severity>INFO</severity>
		<timestamp>Fri Apr 22 22:45:23 2022</timestamp>
		<arg name='module'>/usr/lib64/libibverbs/libipathverbs-rdmav22.so</arg>
		<arg name='basement'>0x2abb708a6000</arg>
		<arg name='ceiling'>0x2abb70aaa14f</arg>
		<arg name='symtab'>no</arg>
	</msg>
	<!-- Instrumentation of /usr/lib64/libibverbs/libipathverbs-rdmav22.so image skipped because of filter conditions [cs-mode]. -->
	<msg id='34' display='false' source='trc'>
		<type>LOAD_MODULE</type>
		<severity>INFO</severity>
		<timestamp>Fri Apr 22 22:45:23 2022</timestamp>
		<arg name='module'>/usr/lib64/libibverbs/libmlx4-rdmav22.so</arg>
		<arg name='basement'>0x2abb70aab000</arg>
		<arg name='ceiling'>0x2abb70cb6237</arg>
		<arg name='symtab'>no</arg>
	</msg>
	<!-- Instrumentation of /usr/lib64/libibverbs/libmlx4-rdmav22.so image skipped because of filter conditions [cs-mode]. -->
	<msg id='35' display='false' source='trc'>
		<type>LOAD_MODULE</type>
		<severity>INFO</severity>
		<timestamp>Fri Apr 22 22:45:23 2022</timestamp>
		<arg name='module'>/usr/lib64/libibverbs/libmlx5-rdmav22.so</arg>
		<arg name='basement'>0x2abb70cd1000</arg>
		<arg name='ceiling'>0x2abb70ef83b7</arg>
		<arg name='symtab'>no</arg>
	</msg>
	<!-- Instrumentation of /usr/lib64/libibverbs/libmlx5-rdmav22.so image skipped because of filter conditions [cs-mode]. -->
	<msg id='36' display='false' source='trc'>
		<type>LOAD_MODULE</type>
		<severity>INFO</severity>
		<timestamp>Fri Apr 22 22:45:23 2022</timestamp>
		<arg name='module'>/usr/lib64/libibverbs/libmthca-rdmav22.so</arg>
		<arg name='basement'>0x2abb70f4b000</arg>
		<arg name='ceiling'>0x2abb7115317f</arg>
		<arg name='symtab'>no</arg>
	</msg>
	<!-- Instrumentation of /usr/lib64/libibverbs/libmthca-rdmav22.so image skipped because of filter conditions [cs-mode]. -->
	<msg id='37' display='false' source='trc'>
		<type>LOAD_MODULE</type>
		<severity>INFO</severity>
		<timestamp>Fri Apr 22 22:45:23 2022</timestamp>
		<arg name='module'>/usr/lib64/libibverbs/libnes-rdmav22.so</arg>
		<arg name='basement'>0x2abb71154000</arg>
		<arg name='ceiling'>0x2abb7135a167</arg>
		<arg name='symtab'>no</arg>
	</msg>
	<!-- Instrumentation of /usr/lib64/libibverbs/libnes-rdmav22.so image skipped because of filter conditions [cs-mode]. -->
	<msg id='38' display='false' source='trc'>
		<type>LOAD_MODULE</type>
		<severity>INFO</severity>
		<timestamp>Fri Apr 22 22:45:23 2022</timestamp>
		<arg name='module'>/usr/lib64/libibverbs/libocrdma-rdmav22.so</arg>
		<arg name='basement'>0x2abb7135b000</arg>
		<arg name='ceiling'>0x2abb7156117f</arg>
		<arg name='symtab'>no</arg>
	</msg>
	<!-- Instrumentation of /usr/lib64/libibverbs/libocrdma-rdmav22.so image skipped because of filter conditions [cs-mode]. -->
	<msg id='39' display='false' source='trc'>
		<type>LOAD_MODULE</type>
		<severity>INFO</severity>
		<timestamp>Fri Apr 22 22:45:23 2022</timestamp>
		<arg name='module'>/usr/lib64/libibverbs/libqedr-rdmav22.so</arg>
		<arg name='basement'>0x2abb71562000</arg>
		<arg name='ceiling'>0x2abb7176b19f</arg>
		<arg name='symtab'>no</arg>
	</msg>
	<!-- Instrumentation of /usr/lib64/libibverbs/libqedr-rdmav22.so image skipped because of filter conditions [cs-mode]. -->
	<msg id='40' display='false' source='trc'>
		<type>LOAD_MODULE</type>
		<severity>INFO</severity>
		<timestamp>Fri Apr 22 22:45:23 2022</timestamp>
		<arg name='module'>/usr/lib64/libibverbs/librxe-rdmav22.so</arg>
		<arg name='basement'>0x2abb71776000</arg>
		<arg name='ceiling'>0x2abb7197a16f</arg>
		<arg name='symtab'>no</arg>
	</msg>
	<!-- Instrumentation of /usr/lib64/libibverbs/librxe-rdmav22.so image skipped because of filter conditions [cs-mode]. -->
	<msg id='41' display='false' source='trc'>
		<type>LOAD_MODULE</type>
		<severity>INFO</severity>
		<timestamp>Fri Apr 22 22:45:23 2022</timestamp>
		<arg name='module'>/usr/lib64/libibverbs/libvmw_pvrdma-rdmav22.so</arg>
		<arg name='basement'>0x2abb7197b000</arg>
		<arg name='ceiling'>0x2abb71b8016f</arg>
		<arg name='symtab'>no</arg>
	</msg>
	<!-- Instrumentation of /usr/lib64/libibverbs/libvmw_pvrdma-rdmav22.so image skipped because of filter conditions [cs-mode]. -->
	<msg id='42' display='false' source='trc'>
		<type>UNLOAD_MODULE</type>
		<severity>INFO</severity>
		<timestamp>Fri Apr 22 22:45:45 2022</timestamp>
		<arg name='module'>/mnt/storage/software/languages/intel/intel-parallel_studio_xe_2020_u4/compilers_and_libraries_2020.4.304/linux/mpi/intel64/libfabric/lib/prov/libpsmx2-fi.so</arg>
	</msg>
	<msg id='43' display='false' source='trc'>
		<type>UNLOAD_MODULE</type>
		<severity>INFO</severity>
		<timestamp>Fri Apr 22 22:45:45 2022</timestamp>
		<arg name='module'>/lib64/libpsm2.so.2</arg>
	</msg>
	<msg id='44' display='false' source='trc'>
		<type>UNLOAD_MODULE</type>
		<severity>INFO</severity>
		<timestamp>Fri Apr 22 22:45:45 2022</timestamp>
		<arg name='module'>/mnt/storage/software/languages/intel/intel-parallel_studio_xe_2020_u4/compilers_and_libraries_2020.4.304/linux/mpi/intel64/libfabric/lib/prov/librxm-fi.so</arg>
	</msg>
	<msg id='45' display='false' source='trc'>
		<type>UNLOAD_MODULE</type>
		<severity>INFO</severity>
		<timestamp>Fri Apr 22 22:45:45 2022</timestamp>
		<arg name='module'>/mnt/storage/software/languages/intel/intel-parallel_studio_xe_2020_u4/compilers_and_libraries_2020.4.304/linux/mpi/intel64/libfabric/lib/prov/libverbs-fi.so</arg>
	</msg>
	<msg id='46' display='false' source='trc'>
		<type>UNLOAD_MODULE</type>
		<severity>INFO</severity>
		<timestamp>Fri Apr 22 22:45:45 2022</timestamp>
		<arg name='module'>/mnt/storage/software/languages/intel/intel-parallel_studio_xe_2020_u4/compilers_and_libraries_2020.4.304/linux/mpi/intel64/libfabric/lib/prov/libtcp-fi.so</arg>
	</msg>
	<msg id='47' display='false' source='trc'>
		<type>UNLOAD_MODULE</type>
		<severity>INFO</severity>
		<timestamp>Fri Apr 22 22:45:45 2022</timestamp>
		<arg name='module'>/mnt/storage/software/languages/intel/intel-parallel_studio_xe_2020_u4/compilers_and_libraries_2020.4.304/linux/mpi/intel64/libfabric/lib/prov/libsockets-fi.so</arg>
	</msg>
	<msg id='48' display='false' source='trc'>
		<type>UNLOAD_MODULE</type>
		<severity>INFO</severity>
		<timestamp>Fri Apr 22 22:45:45 2022</timestamp>
		<arg name='module'>/mnt/storage/software/languages/intel/intel-parallel_studio_xe_2020_u4/compilers_and_libraries_2020.4.304/linux/mpi/intel64/libfabric/lib/prov/libshm-fi.so</arg>
	</msg>
	<msg id='49' display='false' source='trc'>
		<type>UNLOAD_MODULE</type>
		<severity>INFO</severity>
		<timestamp>Fri Apr 22 22:45:45 2022</timestamp>
		<arg name='module'>/user/home/fk19833/advanced-hpc-lbm/d2q9-bgk</arg>
	</msg>
	<msg id='50' display='false' source='trc'>
		<type>UNLOAD_MODULE</type>
		<severity>INFO</severity>
		<timestamp>Fri Apr 22 22:45:45 2022</timestamp>
		<arg name='module'>/lib64/ld-linux-x86-64.so.2</arg>
	</msg>
	<msg id='51' display='false' source='trc'>
		<type>UNLOAD_MODULE</type>
		<severity>INFO</severity>
		<timestamp>Fri Apr 22 22:45:45 2022</timestamp>
		<arg name='module'>[vdso]</arg>
	</msg>
	<msg id='52' display='false' source='trc'>
		<type>UNLOAD_MODULE</type>
		<severity>INFO</severity>
		<timestamp>Fri Apr 22 22:45:45 2022</timestamp>
		<arg name='module'>/lib64/libm.so.6</arg>
	</msg>
	<msg id='53' display='false' source='trc'>
		<type>UNLOAD_MODULE</type>
		<severity>INFO</severity>
		<timestamp>Fri Apr 22 22:45:45 2022</timestamp>
		<arg name='module'>/mnt/storage/software/languages/intel/intel-parallel_studio_xe_2020_u4/compilers_and_libraries_2020.4.304/linux/mpi/intel64/lib/libmpifort.so.12</arg>
	</msg>
	<msg id='54' display='false' source='trc'>
		<type>UNLOAD_MODULE</type>
		<severity>INFO</severity>
		<timestamp>Fri Apr 22 22:45:45 2022</timestamp>
		<arg name='module'>/mnt/storage/software/languages/intel/intel-parallel_studio_xe_2020_u4/compilers_and_libraries_2020.4.304/linux/mpi/intel64/lib/release/libmpi.so.12</arg>
	</msg>
	<msg id='55' display='false' source='trc'>
		<type>UNLOAD_MODULE</type>
		<severity>INFO</severity>
		<timestamp>Fri Apr 22 22:45:45 2022</timestamp>
		<arg name='module'>/lib64/libdl.so.2</arg>
	</msg>
	<msg id='56' display='false' source='trc'>
		<type>UNLOAD_MODULE</type>
		<severity>INFO</severity>
		<timestamp>Fri Apr 22 22:45:45 2022</timestamp>
		<arg name='module'>/lib64/librt.so.1</arg>
	</msg>
	<msg id='57' display='false' source='trc'>
		<type>UNLOAD_MODULE</type>
		<severity>INFO</severity>
		<timestamp>Fri Apr 22 22:45:45 2022</timestamp>
		<arg name='module'>/lib64/libpthread.so.0</arg>
	</msg>
	<msg id='58' display='false' source='trc'>
		<type>UNLOAD_MODULE</type>
		<severity>INFO</severity>
		<timestamp>Fri Apr 22 22:45:45 2022</timestamp>
		<arg name='module'>/mnt/storage/software/languages/gcc-9.3/lib64/libgcc_s.so.1</arg>
	</msg>
	<msg id='59' display='false' source='trc'>
		<type>UNLOAD_MODULE</type>
		<severity>INFO</severity>
		<timestamp>Fri Apr 22 22:45:45 2022</timestamp>
		<arg name='module'>/lib64/libc.so.6</arg>
	</msg>
	<msg id='60' display='false' source='trc'>
		<type>UNLOAD_MODULE</type>
		<severity>INFO</severity>
		<timestamp>Fri Apr 22 22:45:45 2022</timestamp>
		<arg name='module'>/mnt/storage/software/languages/intel/intel-parallel_studio_xe_2020_u4/compilers_and_libraries_2020.4.304/linux/mpi/intel64/libfabric/lib/libfabric.so.1</arg>
	</msg>
	<msg id='61' display='false' source='trc'>
		<type>UNLOAD_MODULE</type>
		<severity>INFO</severity>
		<timestamp>Fri Apr 22 22:45:45 2022</timestamp>
		<arg name='module'>/lib64/libnuma.so.1</arg>
	</msg>
	<msg id='62' display='false' source='trc'>
		<type>UNLOAD_MODULE</type>
		<severity>INFO</severity>
		<timestamp>Fri Apr 22 22:45:45 2022</timestamp>
		<arg name='module'>/lib64/librdmacm.so.1</arg>
	</msg>
	<msg id='63' display='false' source='trc'>
		<type>UNLOAD_MODULE</type>
		<severity>INFO</severity>
		<timestamp>Fri Apr 22 22:45:45 2022</timestamp>
		<arg name='module'>/lib64/libibverbs.so.1</arg>
	</msg>
	<msg id='64' display='false' source='trc'>
		<type>UNLOAD_MODULE</type>
		<severity>INFO</severity>
		<timestamp>Fri Apr 22 22:45:45 2022</timestamp>
		<arg name='module'>/lib64/libnl-route-3.so.200</arg>
	</msg>
	<msg id='65' display='false' source='trc'>
		<type>UNLOAD_MODULE</type>
		<severity>INFO</severity>
		<timestamp>Fri Apr 22 22:45:45 2022</timestamp>
		<arg name='module'>/lib64/libnl-3.so.200</arg>
	</msg>
	<msg id='66' display='false' source='trc'>
		<type>UNLOAD_MODULE</type>
		<severity>INFO</severity>
		<timestamp>Fri Apr 22 22:45:45 2022</timestamp>
		<arg name='module'>/usr/lib64/libibverbs/libbnxt_re-rdmav22.so</arg>
	</msg>
	<msg id='67' display='false' source='trc'>
		<type>UNLOAD_MODULE</type>
		<severity>INFO</severity>
		<timestamp>Fri Apr 22 22:45:45 2022</timestamp>
		<arg name='module'>/usr/lib64/libibverbs/libcxgb3-rdmav22.so</arg>
	</msg>
	<msg id='68' display='false' source='trc'>
		<type>UNLOAD_MODULE</type>
		<severity>INFO</severity>
		<timestamp>Fri Apr 22 22:45:45 2022</timestamp>
		<arg name='module'>/usr/lib64/libibverbs/libcxgb4-rdmav22.so</arg>
	</msg>
	<msg id='69' display='false' source='trc'>
		<type>UNLOAD_MODULE</type>
		<severity>INFO</severity>
		<timestamp>Fri Apr 22 22:45:45 2022</timestamp>
		<arg name='module'>/usr/lib64/libibverbs/libhfi1verbs-rdmav22.so</arg>
	</msg>
	<msg id='70' display='false' source='trc'>
		<type>UNLOAD_MODULE</type>
		<severity>INFO</severity>
		<timestamp>Fri Apr 22 22:45:45 2022</timestamp>
		<arg name='module'>/usr/lib64/libibverbs/libhns-rdmav22.so</arg>
	</msg>
	<msg id='71' display='false' source='trc'>
		<type>UNLOAD_MODULE</type>
		<severity>INFO</severity>
		<timestamp>Fri Apr 22 22:45:45 2022</timestamp>
		<arg name='module'>/usr/lib64/libibverbs/libi40iw-rdmav22.so</arg>
	</msg>
	<msg id='72' display='false' source='trc'>
		<type>UNLOAD_MODULE</type>
		<severity>INFO</severity>
		<timestamp>Fri Apr 22 22:45:45 2022</timestamp>
		<arg name='module'>/usr/lib64/libibverbs/libipathverbs-rdmav22.so</arg>
	</msg>
	<msg id='73' display='false' source='trc'>
		<type>UNLOAD_MODULE</type>
		<severity>INFO</severity>
		<timestamp>Fri Apr 22 22:45:45 2022</timestamp>
		<arg name='module'>/usr/lib64/libibverbs/libmlx4-rdmav22.so</arg>
	</msg>
	<msg id='74' display='false' source='trc'>
		<type>UNLOAD_MODULE</type>
		<severity>INFO</severity>
		<timestamp>Fri Apr 22 22:45:45 2022</timestamp>
		<arg name='module'>/usr/lib64/libibverbs/libmlx5-rdmav22.so</arg>
	</msg>
	<msg id='75' display='false' source='trc'>
		<type>UNLOAD_MODULE</type>
		<severity>INFO</severity>
		<timestamp>Fri Apr 22 22:45:45 2022</timestamp>
		<arg name='module'>/usr/lib64/libibverbs/libmthca-rdmav22.so</arg>
	</msg>
	<msg id='76' display='false' source='trc'>
		<type>UNLOAD_MODULE</type>
		<severity>INFO</severity>
		<timestamp>Fri Apr 22 22:45:45 2022</timestamp>
		<arg name='module'>/usr/lib64/libibverbs/libnes-rdmav22.so</arg>
	</msg>
	<msg id='77' display='false' source='trc'>
		<type>UNLOAD_MODULE</type>
		<severity>INFO</severity>
		<timestamp>Fri Apr 22 22:45:45 2022</timestamp>
		<arg name='module'>/usr/lib64/libibverbs/libocrdma-rdmav22.so</arg>
	</msg>
	<msg id='78' display='false' source='trc'>
		<type>UNLOAD_MODULE</type>
		<severity>INFO</severity>
		<timestamp>Fri Apr 22 22:45:45 2022</timestamp>
		<arg name='module'>/usr/lib64/libibverbs/libqedr-rdmav22.so</arg>
	</msg>
	<msg id='79' display='false' source='trc'>
		<type>UNLOAD_MODULE</type>
		<severity>INFO</severity>
		<timestamp>Fri Apr 22 22:45:45 2022</timestamp>
		<arg name='module'>/usr/lib64/libibverbs/librxe-rdmav22.so</arg>
	</msg>
	<msg id='80' display='false' source='trc'>
		<type>UNLOAD_MODULE</type>
		<severity>INFO</severity>
		<timestamp>Fri Apr 22 22:45:45 2022</timestamp>
		<arg name='module'>/usr/lib64/libibverbs/libvmw_pvrdma-rdmav22.so</arg>
	</msg>
	<msg id='81' display='false' source='trc'>
		<type>PROCESS_FINISH</type>
		<severity>INFO</severity>
		<timestamp>Fri Apr 22 22:45:45 2022</timestamp>
		<arg name='process'>/user/home/fk19833/advanced-hpc-lbm/d2q9-bgk</arg>
		<arg name='pid'>7300</arg>
		<arg name='exitcode'>0x0</arg>
	</msg>
	<!-- Application exited with code 0 -->
</log>