<?xml version="1.0" encoding="utf-8"?>
<log version="1.0" tool="runtool">

<msg id="1" tool="runtool">
  <type>log-start</type>
  <arg>2022/04/23 00:11:38</arg>
</msg>
<msg id="2" tool="runtool">
  <type>collector-starts</type>
</msg>
<msg id="3" tool="runtool">
  <type>marker-file</type>
  <arg>/user/home/fk19833/advanced-hpc-lbm/advisor2/rank.69/trc000/trc000.advixe</arg>
</msg>
<msg id="4" tool="trc">
  <type>PROCESS_START</type>
  <arg>/user/home/fk19833/advanced-hpc-lbm/d2q9-bgk</arg>
  <arg>29828</arg>
  <severity>INFO</severity>
  <timestamp>Fri Apr 22 23:11:53 2022</timestamp>
</msg>
<msg id="5" tool="trc">
  <type>PROCESS_ANALYSIS_MODE</type>
  <arg>full</arg>
  <severity>INFO</severity>
  <timestamp>Fri Apr 22 23:11:53 2022</timestamp>
</msg>
<msg id="6" tool="trc">
  <type>LOAD_MODULE</type>
  <arg>/user/home/fk19833/advanced-hpc-lbm/d2q9-bgk</arg>
  <arg>0x400000</arg>
  <arg>0x6214bf</arg>
  <arg>yes</arg>
  <severity>INFO</severity>
  <timestamp>Fri Apr 22 23:11:53 2022</timestamp>
</msg>
<msg id="7" tool="trc">
  <type>LOAD_MODULE</type>
  <arg>/lib64/ld-linux-x86-64.so.2</arg>
  <arg>0x2ba8fb1d7000</arg>
  <arg>0x2ba8fb3fa14f</arg>
  <arg>yes</arg>
  <severity>INFO</severity>
  <timestamp>Fri Apr 22 23:11:53 2022</timestamp>
</msg>
<msg id="8" tool="trc">
  <type>LOAD_MODULE</type>
  <arg>[vdso]</arg>
  <arg>0x7fffa8ffb000</arg>
  <arg>0x7fffa8ffbe6c</arg>
  <arg>no</arg>
  <severity>INFO</severity>
  <timestamp>Fri Apr 22 23:11:53 2022</timestamp>
</msg>
<msg id="9" tool="trc">
  <type>LOAD_MODULE</type>
  <arg>/lib64/libm.so.6</arg>
  <arg>0x2ba910d75000</arg>
  <arg>0x2ba911076137</arg>
  <arg>yes</arg>
  <severity>INFO</severity>
  <timestamp>Fri Apr 22 23:11:53 2022</timestamp>
</msg>
<msg id="10" tool="trc">
  <type>LOAD_MODULE</type>
  <arg>/mnt/storage/software/languages/intel/intel-parallel_studio_xe_2020_u4/compilers_and_libraries_2020.4.304/linux/mpi/intel64/lib/libmpifort.so.12</arg>
  <arg>0x2ba911092000</arg>
  <arg>0x2ba91144f817</arg>
  <arg>yes</arg>
  <severity>INFO</severity>
  <timestamp>Fri Apr 22 23:11:53 2022</timestamp>
</msg>
<msg id="11" tool="trc">
  <type>LOAD_MODULE</type>
  <arg>/mnt/storage/software/languages/intel/intel-parallel_studio_xe_2020_u4/compilers_and_libraries_2020.4.304/linux/mpi/intel64/lib/release/libmpi.so.12</arg>
  <arg>0x2ba91145b000</arg>
  <arg>0x2ba9127ba217</arg>
  <arg>yes</arg>
  <severity>INFO</severity>
  <timestamp>Fri Apr 22 23:11:53 2022</timestamp>
</msg>
<msg id="12" tool="trc">
  <type>LOAD_MODULE</type>
  <arg>/lib64/libdl.so.2</arg>
  <arg>0x2ba9127bf000</arg>
  <arg>0x2ba9129c212f</arg>
  <arg>yes</arg>
  <severity>INFO</severity>
  <timestamp>Fri Apr 22 23:11:53 2022</timestamp>
</msg>
<msg id="13" tool="trc">
  <type>LOAD_MODULE</type>
  <arg>/lib64/librt.so.1</arg>
  <arg>0x2ba9129c3000</arg>
  <arg>0x2ba912bcac37</arg>
  <arg>yes</arg>
  <severity>INFO</severity>
  <timestamp>Fri Apr 22 23:11:53 2022</timestamp>
</msg>
<msg id="14" tool="trc">
  <type>LOAD_MODULE</type>
  <arg>/lib64/libpthread.so.0</arg>
  <arg>0x2ba912bcb000</arg>
  <arg>0x2ba912de6487</arg>
  <arg>yes</arg>
  <severity>INFO</severity>
  <timestamp>Fri Apr 22 23:11:53 2022</timestamp>
</msg>
<msg id="15" tool="trc">
  <type>LOAD_MODULE</type>
  <arg>/mnt/storage/software/languages/gcc-9.3/lib64/libgcc_s.so.1</arg>
  <arg>0x2ba912de7000</arg>
  <arg>0x2ba912ffe44f</arg>
  <arg>yes</arg>
  <severity>INFO</severity>
  <timestamp>Fri Apr 22 23:11:53 2022</timestamp>
</msg>
<msg id="16" tool="trc">
  <type>LOAD_MODULE</type>
  <arg>/lib64/libc.so.6</arg>
  <arg>0x2ba912fff000</arg>
  <arg>0x2ba9133cc1ff</arg>
  <arg>yes</arg>
  <severity>INFO</severity>
  <timestamp>Fri Apr 22 23:11:53 2022</timestamp>
</msg>
<msg id="17" tool="trc">
  <type>LOAD_MODULE</type>
  <arg>/mnt/storage/software/languages/intel/intel-parallel_studio_xe_2020_u4/compilers_and_libraries_2020.4.304/linux/mpi/intel64/libfabric/lib/libfabric.so.1</arg>
  <arg>0x2ba9133dd000</arg>
  <arg>0x2ba91361e777</arg>
  <arg>yes</arg>
  <severity>INFO</severity>
  <timestamp>Fri Apr 22 23:11:53 2022</timestamp>
</msg>
<msg id="18" tool="trc">
  <type>LOAD_MODULE</type>
  <arg>/lib64/libnuma.so.1</arg>
  <arg>0x2ba9150d6000</arg>
  <arg>0x2ba9152e18bf</arg>
  <arg>no</arg>
  <severity>INFO</severity>
  <timestamp>Fri Apr 22 23:11:56 2022</timestamp>
</msg>
<msg id="19" tool="trc">
  <type>LOAD_MODULE</type>
  <arg>/mnt/storage/software/languages/intel/intel-parallel_studio_xe_2020_u4/compilers_and_libraries_2020.4.304/linux/mpi/intel64/libfabric/lib/prov/libsockets-fi.so</arg>
  <arg>0x2baa104d3000</arg>
  <arg>0x2baa10727e57</arg>
  <arg>yes</arg>
  <severity>INFO</severity>
  <timestamp>Fri Apr 22 23:11:57 2022</timestamp>
</msg>
<msg id="20" tool="trc">
  <type>LOAD_MODULE</type>
  <arg>/mnt/storage/software/languages/intel/intel-parallel_studio_xe_2020_u4/compilers_and_libraries_2020.4.304/linux/mpi/intel64/libfabric/lib/prov/libpsmx2-fi.so</arg>
  <arg>0x2baa10790000</arg>
  <arg>0x2baa10a08837</arg>
  <arg>yes</arg>
  <severity>INFO</severity>
  <timestamp>Fri Apr 22 23:11:57 2022</timestamp>
</msg>
<msg id="21" tool="trc">
  <type>LOAD_MODULE</type>
  <arg>/lib64/libpsm2.so.2</arg>
  <arg>0x2baa10a09000</arg>
  <arg>0x2baa10c9ccf7</arg>
  <arg>no</arg>
  <severity>INFO</severity>
  <timestamp>Fri Apr 22 23:11:57 2022</timestamp>
</msg>
<msg id="22" tool="trc">
  <type>LOAD_MODULE</type>
  <arg>/mnt/storage/software/languages/intel/intel-parallel_studio_xe_2020_u4/compilers_and_libraries_2020.4.304/linux/mpi/intel64/libfabric/lib/prov/librxm-fi.so</arg>
  <arg>0x2baa11345000</arg>
  <arg>0x2baa11592b57</arg>
  <arg>yes</arg>
  <severity>INFO</severity>
  <timestamp>Fri Apr 22 23:11:57 2022</timestamp>
</msg>
<msg id="23" tool="trc">
  <type>LOAD_MODULE</type>
  <arg>/mnt/storage/software/languages/intel/intel-parallel_studio_xe_2020_u4/compilers_and_libraries_2020.4.304/linux/mpi/intel64/libfabric/lib/prov/libtcp-fi.so</arg>
  <arg>0x2baa11895000</arg>
  <arg>0x2baa11ad16d7</arg>
  <arg>yes</arg>
  <severity>INFO</severity>
  <timestamp>Fri Apr 22 23:11:57 2022</timestamp>
</msg>
<msg id="24" tool="trc">
  <type>LOAD_MODULE</type>
  <arg>/mnt/storage/software/languages/intel/intel-parallel_studio_xe_2020_u4/compilers_and_libraries_2020.4.304/linux/mpi/intel64/libfabric/lib/prov/libshm-fi.so</arg>
  <arg>0x2baa11ad2000</arg>
  <arg>0x2baa11d10837</arg>
  <arg>yes</arg>
  <severity>INFO</severity>
  <timestamp>Fri Apr 22 23:11:57 2022</timestamp>
</msg>
<msg id="25" tool="trc">
  <type>LOAD_MODULE</type>
  <arg>/mnt/storage/software/languages/intel/intel-parallel_studio_xe_2020_u4/compilers_and_libraries_2020.4.304/linux/mpi/intel64/libfabric/lib/prov/libverbs-fi.so</arg>
  <arg>0x2baa11d11000</arg>
  <arg>0x2baa11f60e57</arg>
  <arg>yes</arg>
  <severity>INFO</severity>
  <timestamp>Fri Apr 22 23:11:57 2022</timestamp>
</msg>
<msg id="26" tool="trc">
  <type>LOAD_MODULE</type>
  <arg>/lib64/librdmacm.so.1</arg>
  <arg>0x2baa11f61000</arg>
  <arg>0x2baa12177267</arg>
  <arg>no</arg>
  <severity>INFO</severity>
  <timestamp>Fri Apr 22 23:11:57 2022</timestamp>
</msg>
<msg id="27" tool="trc">
  <type>LOAD_MODULE</type>
  <arg>/lib64/libibverbs.so.1</arg>
  <arg>0x2baa12178000</arg>
  <arg>0x2baa1239066f</arg>
  <arg>no</arg>
  <severity>INFO</severity>
  <timestamp>Fri Apr 22 23:11:57 2022</timestamp>
</msg>
<msg id="28" tool="trc">
  <type>LOAD_MODULE</type>
  <arg>/lib64/libnl-route-3.so.200</arg>
  <arg>0x2baa12391000</arg>
  <arg>0x2baa125fd5bf</arg>
  <arg>no</arg>
  <severity>INFO</severity>
  <timestamp>Fri Apr 22 23:11:57 2022</timestamp>
</msg>
<msg id="29" tool="trc">
  <type>LOAD_MODULE</type>
  <arg>/lib64/libnl-3.so.200</arg>
  <arg>0x2baa125fe000</arg>
  <arg>0x2baa1281e8c7</arg>
  <arg>no</arg>
  <severity>INFO</severity>
  <timestamp>Fri Apr 22 23:11:57 2022</timestamp>
</msg>
<msg id="30" tool="trc">
  <type>LOAD_MODULE</type>
  <arg>/usr/lib64/libibverbs/libbnxt_re-rdmav22.so</arg>
  <arg>0x2baa12a01000</arg>
  <arg>0x2baa12c0717f</arg>
  <arg>no</arg>
  <severity>INFO</severity>
  <timestamp>Fri Apr 22 23:11:58 2022</timestamp>
</msg>
<msg id="31" tool="trc">
  <type>LOAD_MODULE</type>
  <arg>/usr/lib64/libibverbs/libcxgb3-rdmav22.so</arg>
  <arg>0x2baa12c16000</arg>
  <arg>0x2baa12e1c177</arg>
  <arg>no</arg>
  <severity>INFO</severity>
  <timestamp>Fri Apr 22 23:11:58 2022</timestamp>
</msg>
<msg id="32" tool="trc">
  <type>LOAD_MODULE</type>
  <arg>/usr/lib64/libibverbs/libcxgb4-rdmav22.so</arg>
  <arg>0x2baa12e24000</arg>
  <arg>0x2baa1302e1ef</arg>
  <arg>no</arg>
  <severity>INFO</severity>
  <timestamp>Fri Apr 22 23:11:58 2022</timestamp>
</msg>
<msg id="33" tool="trc">
  <type>LOAD_MODULE</type>
  <arg>/usr/lib64/libibverbs/libhfi1verbs-rdmav22.so</arg>
  <arg>0x2baa13045000</arg>
  <arg>0x2baa1324914f</arg>
  <arg>no</arg>
  <severity>INFO</severity>
  <timestamp>Fri Apr 22 23:11:58 2022</timestamp>
</msg>
<msg id="34" tool="trc">
  <type>LOAD_MODULE</type>
  <arg>/usr/lib64/libibverbs/libhns-rdmav22.so</arg>
  <arg>0x2baa1324a000</arg>
  <arg>0x2baa1345218f</arg>
  <arg>no</arg>
  <severity>INFO</severity>
  <timestamp>Fri Apr 22 23:11:58 2022</timestamp>
</msg>
<msg id="35" tool="trc">
  <type>LOAD_MODULE</type>
  <arg>/usr/lib64/libibverbs/libi40iw-rdmav22.so</arg>
  <arg>0x2baa13465000</arg>
  <arg>0x2baa1366c137</arg>
  <arg>no</arg>
  <severity>INFO</severity>
  <timestamp>Fri Apr 22 23:11:58 2022</timestamp>
</msg>
<msg id="36" tool="trc">
  <type>LOAD_MODULE</type>
  <arg>/usr/lib64/libibverbs/libipathverbs-rdmav22.so</arg>
  <arg>0x2baa13675000</arg>
  <arg>0x2baa1387914f</arg>
  <arg>no</arg>
  <severity>INFO</severity>
  <timestamp>Fri Apr 22 23:11:58 2022</timestamp>
</msg>
<msg id="37" tool="trc">
  <type>LOAD_MODULE</type>
  <arg>/usr/lib64/libibverbs/libmlx4-rdmav22.so</arg>
  <arg>0x2baa1387a000</arg>
  <arg>0x2baa13a85237</arg>
  <arg>no</arg>
  <severity>INFO</severity>
  <timestamp>Fri Apr 22 23:11:58 2022</timestamp>
</msg>
<msg id="38" tool="trc">
  <type>LOAD_MODULE</type>
  <arg>/usr/lib64/libibverbs/libmlx5-rdmav22.so</arg>
  <arg>0x2baa13aa0000</arg>
  <arg>0x2baa13cc73b7</arg>
  <arg>no</arg>
  <severity>INFO</severity>
  <timestamp>Fri Apr 22 23:11:58 2022</timestamp>
</msg>
<msg id="39" tool="trc">
  <type>LOAD_MODULE</type>
  <arg>/usr/lib64/libibverbs/libmthca-rdmav22.so</arg>
  <arg>0x2baa13d1a000</arg>
  <arg>0x2baa13f2217f</arg>
  <arg>no</arg>
  <severity>INFO</severity>
  <timestamp>Fri Apr 22 23:11:58 2022</timestamp>
</msg>
<msg id="40" tool="trc">
  <type>LOAD_MODULE</type>
  <arg>/usr/lib64/libibverbs/libnes-rdmav22.so</arg>
  <arg>0x2baa13f23000</arg>
  <arg>0x2baa14129167</arg>
  <arg>no</arg>
  <severity>INFO</severity>
  <timestamp>Fri Apr 22 23:11:58 2022</timestamp>
</msg>
<msg id="41" tool="trc">
  <type>LOAD_MODULE</type>
  <arg>/usr/lib64/libibverbs/libocrdma-rdmav22.so</arg>
  <arg>0x2baa1412a000</arg>
  <arg>0x2baa1433017f</arg>
  <arg>no</arg>
  <severity>INFO</severity>
  <timestamp>Fri Apr 22 23:11:58 2022</timestamp>
</msg>
<msg id="42" tool="trc">
  <type>LOAD_MODULE</type>
  <arg>/usr/lib64/libibverbs/libqedr-rdmav22.so</arg>
  <arg>0x2baa14331000</arg>
  <arg>0x2baa1453a19f</arg>
  <arg>no</arg>
  <severity>INFO</severity>
  <timestamp>Fri Apr 22 23:11:58 2022</timestamp>
</msg>
<msg id="43" tool="trc">
  <type>LOAD_MODULE</type>
  <arg>/usr/lib64/libibverbs/librxe-rdmav22.so</arg>
  <arg>0x2baa14545000</arg>
  <arg>0x2baa1474916f</arg>
  <arg>no</arg>
  <severity>INFO</severity>
  <timestamp>Fri Apr 22 23:11:58 2022</timestamp>
</msg>
<msg id="44" tool="trc">
  <type>LOAD_MODULE</type>
  <arg>/usr/lib64/libibverbs/libvmw_pvrdma-rdmav22.so</arg>
  <arg>0x2baa1474a000</arg>
  <arg>0x2baa1494f16f</arg>
  <arg>no</arg>
  <severity>INFO</severity>
  <timestamp>Fri Apr 22 23:11:58 2022</timestamp>
</msg>
<msg id="45" tool="trc">
  <type>UNLOAD_MODULE</type>
  <arg>/mnt/storage/software/languages/intel/intel-parallel_studio_xe_2020_u4/compilers_and_libraries_2020.4.304/linux/mpi/intel64/libfabric/lib/prov/libpsmx2-fi.so</arg>
  <severity>INFO</severity>
  <timestamp>Fri Apr 22 23:12:15 2022</timestamp>
</msg>
<msg id="46" tool="trc">
  <type>UNLOAD_MODULE</type>
  <arg>/lib64/libpsm2.so.2</arg>
  <severity>INFO</severity>
  <timestamp>Fri Apr 22 23:12:15 2022</timestamp>
</msg>
<msg id="47" tool="trc">
  <type>UNLOAD_MODULE</type>
  <arg>/mnt/storage/software/languages/intel/intel-parallel_studio_xe_2020_u4/compilers_and_libraries_2020.4.304/linux/mpi/intel64/libfabric/lib/prov/librxm-fi.so</arg>
  <severity>INFO</severity>
  <timestamp>Fri Apr 22 23:12:15 2022</timestamp>
</msg>
<msg id="48" tool="trc">
  <type>UNLOAD_MODULE</type>
  <arg>/mnt/storage/software/languages/intel/intel-parallel_studio_xe_2020_u4/compilers_and_libraries_2020.4.304/linux/mpi/intel64/libfabric/lib/prov/libverbs-fi.so</arg>
  <severity>INFO</severity>
  <timestamp>Fri Apr 22 23:12:15 2022</timestamp>
</msg>
<msg id="49" tool="trc">
  <type>UNLOAD_MODULE</type>
  <arg>/mnt/storage/software/languages/intel/intel-parallel_studio_xe_2020_u4/compilers_and_libraries_2020.4.304/linux/mpi/intel64/libfabric/lib/prov/libtcp-fi.so</arg>
  <severity>INFO</severity>
  <timestamp>Fri Apr 22 23:12:15 2022</timestamp>
</msg>
<msg id="50" tool="trc">
  <type>UNLOAD_MODULE</type>
  <arg>/mnt/storage/software/languages/intel/intel-parallel_studio_xe_2020_u4/compilers_and_libraries_2020.4.304/linux/mpi/intel64/libfabric/lib/prov/libsockets-fi.so</arg>
  <severity>INFO</severity>
  <timestamp>Fri Apr 22 23:12:15 2022</timestamp>
</msg>
<msg id="51" tool="trc">
  <type>UNLOAD_MODULE</type>
  <arg>/mnt/storage/software/languages/intel/intel-parallel_studio_xe_2020_u4/compilers_and_libraries_2020.4.304/linux/mpi/intel64/libfabric/lib/prov/libshm-fi.so</arg>
  <severity>INFO</severity>
  <timestamp>Fri Apr 22 23:12:15 2022</timestamp>
</msg>
<msg id="52" tool="trc">
  <type>UNLOAD_MODULE</type>
  <arg>/user/home/fk19833/advanced-hpc-lbm/d2q9-bgk</arg>
  <severity>INFO</severity>
  <timestamp>Fri Apr 22 23:12:15 2022</timestamp>
</msg>
<msg id="53" tool="trc">
  <type>UNLOAD_MODULE</type>
  <arg>/lib64/ld-linux-x86-64.so.2</arg>
  <severity>INFO</severity>
  <timestamp>Fri Apr 22 23:12:15 2022</timestamp>
</msg>
<msg id="54" tool="trc">
  <type>UNLOAD_MODULE</type>
  <arg>[vdso]</arg>
  <severity>INFO</severity>
  <timestamp>Fri Apr 22 23:12:15 2022</timestamp>
</msg>
<msg id="55" tool="trc">
  <type>UNLOAD_MODULE</type>
  <arg>/lib64/libm.so.6</arg>
  <severity>INFO</severity>
  <timestamp>Fri Apr 22 23:12:15 2022</timestamp>
</msg>
<msg id="56" tool="trc">
  <type>UNLOAD_MODULE</type>
  <arg>/mnt/storage/software/languages/intel/intel-parallel_studio_xe_2020_u4/compilers_and_libraries_2020.4.304/linux/mpi/intel64/lib/libmpifort.so.12</arg>
  <severity>INFO</severity>
  <timestamp>Fri Apr 22 23:12:15 2022</timestamp>
</msg>
<msg id="57" tool="trc">
  <type>UNLOAD_MODULE</type>
  <arg>/mnt/storage/software/languages/intel/intel-parallel_studio_xe_2020_u4/compilers_and_libraries_2020.4.304/linux/mpi/intel64/lib/release/libmpi.so.12</arg>
  <severity>INFO</severity>
  <timestamp>Fri Apr 22 23:12:15 2022</timestamp>
</msg>
<msg id="58" tool="trc">
  <type>UNLOAD_MODULE</type>
  <arg>/lib64/libdl.so.2</arg>
  <severity>INFO</severity>
  <timestamp>Fri Apr 22 23:12:15 2022</timestamp>
</msg>
<msg id="59" tool="trc">
  <type>UNLOAD_MODULE</type>
  <arg>/lib64/librt.so.1</arg>
  <severity>INFO</severity>
  <timestamp>Fri Apr 22 23:12:15 2022</timestamp>
</msg>
<msg id="60" tool="trc">
  <type>UNLOAD_MODULE</type>
  <arg>/lib64/libpthread.so.0</arg>
  <severity>INFO</severity>
  <timestamp>Fri Apr 22 23:12:15 2022</timestamp>
</msg>
<msg id="61" tool="trc">
  <type>UNLOAD_MODULE</type>
  <arg>/mnt/storage/software/languages/gcc-9.3/lib64/libgcc_s.so.1</arg>
  <severity>INFO</severity>
  <timestamp>Fri Apr 22 23:12:15 2022</timestamp>
</msg>
<msg id="62" tool="trc">
  <type>UNLOAD_MODULE</type>
  <arg>/lib64/libc.so.6</arg>
  <severity>INFO</severity>
  <timestamp>Fri Apr 22 23:12:15 2022</timestamp>
</msg>
<msg id="63" tool="trc">
  <type>UNLOAD_MODULE</type>
  <arg>/mnt/storage/software/languages/intel/intel-parallel_studio_xe_2020_u4/compilers_and_libraries_2020.4.304/linux/mpi/intel64/libfabric/lib/libfabric.so.1</arg>
  <severity>INFO</severity>
  <timestamp>Fri Apr 22 23:12:15 2022</timestamp>
</msg>
<msg id="64" tool="trc">
  <type>UNLOAD_MODULE</type>
  <arg>/lib64/libnuma.so.1</arg>
  <severity>INFO</severity>
  <timestamp>Fri Apr 22 23:12:15 2022</timestamp>
</msg>
<msg id="65" tool="trc">
  <type>UNLOAD_MODULE</type>
  <arg>/lib64/librdmacm.so.1</arg>
  <severity>INFO</severity>
  <timestamp>Fri Apr 22 23:12:15 2022</timestamp>
</msg>
<msg id="66" tool="trc">
  <type>UNLOAD_MODULE</type>
  <arg>/lib64/libibverbs.so.1</arg>
  <severity>INFO</severity>
  <timestamp>Fri Apr 22 23:12:15 2022</timestamp>
</msg>
<msg id="67" tool="trc">
  <type>UNLOAD_MODULE</type>
  <arg>/lib64/libnl-route-3.so.200</arg>
  <severity>INFO</severity>
  <timestamp>Fri Apr 22 23:12:15 2022</timestamp>
</msg>
<msg id="68" tool="trc">
  <type>UNLOAD_MODULE</type>
  <arg>/lib64/libnl-3.so.200</arg>
  <severity>INFO</severity>
  <timestamp>Fri Apr 22 23:12:15 2022</timestamp>
</msg>
<msg id="69" tool="trc">
  <type>UNLOAD_MODULE</type>
  <arg>/usr/lib64/libibverbs/libbnxt_re-rdmav22.so</arg>
  <severity>INFO</severity>
  <timestamp>Fri Apr 22 23:12:15 2022</timestamp>
</msg>
<msg id="70" tool="trc">
  <type>UNLOAD_MODULE</type>
  <arg>/usr/lib64/libibverbs/libcxgb3-rdmav22.so</arg>
  <severity>INFO</severity>
  <timestamp>Fri Apr 22 23:12:15 2022</timestamp>
</msg>
<msg id="71" tool="trc">
  <type>UNLOAD_MODULE</type>
  <arg>/usr/lib64/libibverbs/libcxgb4-rdmav22.so</arg>
  <severity>INFO</severity>
  <timestamp>Fri Apr 22 23:12:15 2022</timestamp>
</msg>
<msg id="72" tool="trc">
  <type>UNLOAD_MODULE</type>
  <arg>/usr/lib64/libibverbs/libhfi1verbs-rdmav22.so</arg>
  <severity>INFO</severity>
  <timestamp>Fri Apr 22 23:12:15 2022</timestamp>
</msg>
<msg id="73" tool="trc">
  <type>UNLOAD_MODULE</type>
  <arg>/usr/lib64/libibverbs/libhns-rdmav22.so</arg>
  <severity>INFO</severity>
  <timestamp>Fri Apr 22 23:12:15 2022</timestamp>
</msg>
<msg id="74" tool="trc">
  <type>UNLOAD_MODULE</type>
  <arg>/usr/lib64/libibverbs/libi40iw-rdmav22.so</arg>
  <severity>INFO</severity>
  <timestamp>Fri Apr 22 23:12:15 2022</timestamp>
</msg>
<msg id="75" tool="trc">
  <type>UNLOAD_MODULE</type>
  <arg>/usr/lib64/libibverbs/libipathverbs-rdmav22.so</arg>
  <severity>INFO</severity>
  <timestamp>Fri Apr 22 23:12:15 2022</timestamp>
</msg>
<msg id="76" tool="trc">
  <type>UNLOAD_MODULE</type>
  <arg>/usr/lib64/libibverbs/libmlx4-rdmav22.so</arg>
  <severity>INFO</severity>
  <timestamp>Fri Apr 22 23:12:15 2022</timestamp>
</msg>
<msg id="77" tool="trc">
  <type>UNLOAD_MODULE</type>
  <arg>/usr/lib64/libibverbs/libmlx5-rdmav22.so</arg>
  <severity>INFO</severity>
  <timestamp>Fri Apr 22 23:12:15 2022</timestamp>
</msg>
<msg id="78" tool="trc">
  <type>UNLOAD_MODULE</type>
  <arg>/usr/lib64/libibverbs/libmthca-rdmav22.so</arg>
  <severity>INFO</severity>
  <timestamp>Fri Apr 22 23:12:15 2022</timestamp>
</msg>
<msg id="79" tool="trc">
  <type>UNLOAD_MODULE</type>
  <arg>/usr/lib64/libibverbs/libnes-rdmav22.so</arg>
  <severity>INFO</severity>
  <timestamp>Fri Apr 22 23:12:15 2022</timestamp>
</msg>
<msg id="80" tool="trc">
  <type>UNLOAD_MODULE</type>
  <arg>/usr/lib64/libibverbs/libocrdma-rdmav22.so</arg>
  <severity>INFO</severity>
  <timestamp>Fri Apr 22 23:12:15 2022</timestamp>
</msg>
<msg id="81" tool="trc">
  <type>UNLOAD_MODULE</type>
  <arg>/usr/lib64/libibverbs/libqedr-rdmav22.so</arg>
  <severity>INFO</severity>
  <timestamp>Fri Apr 22 23:12:15 2022</timestamp>
</msg>
<msg id="82" tool="trc">
  <type>UNLOAD_MODULE</type>
  <arg>/usr/lib64/libibverbs/librxe-rdmav22.so</arg>
  <severity>INFO</severity>
  <timestamp>Fri Apr 22 23:12:15 2022</timestamp>
</msg>
<msg id="83" tool="trc">
  <type>UNLOAD_MODULE</type>
  <arg>/usr/lib64/libibverbs/libvmw_pvrdma-rdmav22.so</arg>
  <severity>INFO</severity>
  <timestamp>Fri Apr 22 23:12:15 2022</timestamp>
</msg>
<msg id="84" tool="trc">
  <type>PROCESS_FINISH</type>
  <arg>/user/home/fk19833/advanced-hpc-lbm/d2q9-bgk</arg>
  <arg>29828</arg>
  <arg>0x0</arg>
  <severity>INFO</severity>
  <timestamp>Fri Apr 22 23:12:15 2022</timestamp>
</msg>
<msg id="85" tool="runtool">
  <type>app-exit-code</type>
  <arg>0</arg>
</msg>
<msg id="86" tool="runtool">
  <type>marker-file</type>
  <arg>/user/home/fk19833/advanced-hpc-lbm/advisor2/rank.69/trc000/trc000.advixe</arg>
</msg>
<msg id="87" tool="runtool">
  <type>collector-done</type>
</msg>
<msg id="88" tool="runtool">
  <type>log-end</type>
  <arg>2022/04/23 00:12:19</arg>
</msg>

</log>

